876
1232
1707
2059
492
1923
1175
1252
406
244
398
390
1855
1612
16
721
2045
1432
233
1285
1392
52
559
707
1512
2156
2145
730
366
630
742
861
1071
1612
1818
850
303
2052
173
1464
47
1398
165
938
923
40
1942
2034
1040
450
282
172
1712
518
1517
1072
2122
1106
153
1645
727
1018
501
125
53
1666
716
2098
36
864
1107
1081
1572
1142
1913
501
326
1735
1188
634
988
63
2162
1821
1884
988
2205
1895
1884
671
1444
2061
1076
1671
1096
1439
774
987
34
1179
1949
1032
428
2270
80
54
187
1874
601
281
1592
1067
1184
782
2377
1769
1986
217
2340
1255
1721
2333
505
2061
209
764
2007
1144
913
88
1178
2009
1570
1914
1779
1862
1541
238
240
1387
1680
651
460
2148
589
557
961
2333
1725
745
1321
1996
1885
389
871
1497
305
1803
956
1824
566
575
1980
2301
212
1737
998
411
863
1843
81
273
1005
1943
1322
1026
622
2091
1300
348
705
1724
1328
2032
1558
1836
1146
1862
209
634
394
2107
1743
1123
1028
689
2023
2152
1377
809
1902
240
1192
2361
890
917
1316
1665
1558
310
2342
766
2252
1421
926
2159
1145
2129
1762
1845
694
157
2095
2407
1290
1401
1282
1760
167
735
1618
993
2051
782
1973
1263
1806
156
404
1699
734
373
2226
1287
1888
613
746
938
1900
1039
730
844
1453
1703
1874
823
443
2141
47
1596
2290
1512
2082
2201
1838
540
1869
2023
77
474
1388
638
1114
139
1291
73
1581
552
250
1800
517
34
2153
752
1253
1098
1087
1937
2067
1635
2066
1727
770
2137
653
914
686
728
1513
1464
248
395
1626
1883
2207
2367
1265
1677
550
942
2085
181
1838
1219
343
47
1516
941
156
646
769
804
1409
1336
1679
608
867
1935
1463
1396
1235
1417
2146
324
2224
1680
830
1543
479
1192
1883
52
230
556
1721
465
2335
194
2059
1396
1097
1731
1351
1048
1055
1205
415
444
350
2196
583
932
525
1062
1878
769
2062
1238
1112
975
582
8
1375
654
2149
1790
2126
745
1644
2210
1097
2174
1736
1061
730
751
1952
1445
1746
1421
1877
483
365
1533
1773
2077
829
1720
612
1199
1850
1044
2183
369
231
164
1974
1983
2323
1465
1252
1316
575
1717
1590
827
226
539
982
898
1296
822
1616
499
2241
1263
342
1655
1153
53
1027
1442
698
4
498
1036
1124
1412
38
231
945
837
1849
1362
444
481
1655
1693
1426
1051
679
2031
39
762
196
155
242
616
912
552
969
1055
351
1213
1626
1325
1099
902
487
1269
708
1125
890
1562
1895
1768
1287
2139
1551
548
307
2202
1084
882
1661
1810
872
1754
1177
559
1252
895
1596
1399
345
2373
524
2348
2224
2123
1332
439
1919
105
1877
1161
588
1414
1419
565
1237
242
2181
277
1283
1136
2022
1817
1450
1635
1678
379
2165
410
383
2284
1387
1003
152
754
1999
1562
2014
1371
1315
1535
1344
63
2083
71
1988
638
1679
493
37
1366
2026
357
1236
428
420
1355
1402
1766
77
204
225
825
248
853
1329
1938
99
462
2224
1887
1467
1866
2258
710
2313
649
1773
1916
276
1778
1423
804
304
415
1368
114
422
1972
1722
430
1368
2006
643
2235
76
1144
1668
1778
2228
1450
341
2187
2098
1794
411
2207
1204
156
1076
781
699
911
2076
1770
1971
1461
1485
887
2229
1954
2130
901
843
1811
421
493
1207
2006
2061
771
1136
599
1744
484
2134
1307
1822
2030
571
1369
590
354
642
1390
1974
1634
1987
397
195
1015
427
432
758
872
1308
820
2011
410
1299
906
1575
307
539
1800
1542
370
2099
1502
1437
86
1329
468
1530
1843
859
912
545
101
189
1684
1702
1388
1144
736
2029
1629
1751
1896
106
1007
1883
411
2072
1865
813
1966
2267
1487
2112
2207
2302
1784
2056
2057
1035
574
2267
1249
1461
1025
7
757
1252
949
1580
1860
1314
36
1787
883
2149
553
1140
1514
222
1192
881
337
2074
492
1642
1815
2371
180
567
907
1416
426
2247
1868
1973
114
51
616
1656
2242
1828
1421
1375
1387
769
2206
1779
1600
2323
1307
993
2332
1835
1985
1702
912
927
261
1206
1664
1691
83
920
859
167
2288
2152
1220
800
1893
482
2081
1672
1105
1522
1530
5
2137
1742
463
1689
1189
1568
317
2248
1794
1104
635
1931
1183
1099
954
2021
1349
1531
587
2217
1757
2306
388
1193
1842
701
2285
1603
889
320
146
767
354
593
444
2388
377
2118
1225
1507
717
744
1135
896
2371
2028
1168
558
1488
1771
713
2305
266
1553
876
1357
1240
1830
674
1893
2088
1428
1534
2158
663
1502
1484
1071
1770
1788
1936
2007
2274
789
175
1598
708
1432
1635
445
1274
780
1209
1372
658
1582
1142
1314
974
1096
1722
1960
180
1148
540
2015
1574
1293
1626
1682
1848
1309
717
1279
2086
1307
2026
642
2042
1166
2141
452
1299
1345
1750
1402
1004
1985
2099
1237
1526
489
301
1427
2232
1289
2355
1630
766
833
1512
43
1948
82
2172
1570
360
1702
2021
898
1116
1837
230
1004
1914
294
687
1657
38
775
748
636
694
433
2138
2251
912
1494
227
1146
1346
1032
1405
826
589
703
1051
1432
1655
657
459
2069
884
575
1592
1054
1781
1981
1916
1815
281
652
383
2173
1828
1435
1644
984
30
412
744
130
2298
1460
2162
1602
1272
58
1951
633
1530
287
1514
2054
753
1896
1607
591
2019
1151
177
2062
2060
26
1079
2368
1569
1412
1365
1299
1482
1783
1578
2364
1181
710
226
2349
869
1780
927
40
1089
2255
1507
646
668
1655
1006
1518
1353
2241
1177
2272
69
297
1029
1930
1212
1298
1877
1500
665
1499
389
2020
656
614
1201
2161
2180
1262
386
1130
490
1520
293
753
566
2213
388
1477
2219
1409
8
2020
2088
1936
963
1387
52
326
1258
1024
1783
2092
820
1313
1848
737
1193
1943
272
339
573
2100
1550
397
1085
1202
2121
1593
1573
946
1284
2059
919
2128
290
2123
1312
1077
904
1171
1035
832
400
982
830
1890
1188
177
1071
1002
659
1316
2039
2215
2013
733
1892
1108
71
892
272
1851
816
272
2276
927
1567
1957
604
1524
910
1745
676
160
802
1389
1509
440
1367
1660
661
130
1938
1075
923
1107
2055
439
432
2116
1787
24
1187
192
1468
436
199
1053
2115
1458
1839
1192
1281
1893
1009
441
1792
2189
65
1867
1488
1237
23
460
1352
1687
2325
802
1791
2014
137
1135
724
1476
224
5
1352
2038
485
187
1005
24
1535
2154
927
2324
1232
767
1223
776
13
1374
2164
709
1567
373
1836
421
1932
101
2114
158
1215
1927
2083
2013
1085
481
2122
1312
1920
1409
1319
1088
494
1529
1420
1553
11
1347
1727
330
1352
789
507
1517
886
1915
390
487
314
1802
1851
1822
1055
424
1313
1758
1977
444
1522
2005
2218
1570
2232
1501
505
954
1904
292
1378
1216
1448
1964
958
2248
2128
1235
877
829
1677
1210
2144
847
1060
252
1941
1491
1211
506
1516
1511
2047
1322
1716
2072
448
872
1067
689
1390
226
1109
1620
2328
263
666
1880
1466
2162
2119
354
1668
1218
810
132
343
1619
552
768
955
457
1443
559
1989
1967
2204
2174
2149
2136
524
210
1424
315
317
1741
378
197
1734
1235
91
196
1953
1541
1219
1008
352
1044
1182
1749
1572
1839
956
292
1771
1294
2338
1253
845
1270
1879
2059
131
1726
1426
718
398
1480
70
1950
1644
1725
2312
2128
673
1537
2013
1702
1530
1339
700
371
1266
2013
2111
450
1632
1129
2079
77
2141
1846
1394
123
1892
727
1673
1305
871
2266
1968
1700
536
1211
2061
1928
1728
1068
773
154
1154
234
1270
1945
1390
80
1772
2333
530
354
2064
80
1233
1974
466
1208
1124
1885
124
1829
1896
1115
1862
1594
161
372
555
1887
2405
75
1705
815
1209
1378
2133
899
970
1986
1590
2272
1594
1163
1886
1676
1334
2121
994
86
2383
1588
1348
744
1848
608
1371
688
1587
1548
244
668
483
1174
321
587
1189
1768
1456
2140
1473
1569
1586
2097
214
698
279
1921
374
1704
1798
856
2125
2027
1748
72
63
2301
51
43
1282
2129
690
1661
413
695
119
1971
1191
1251
2348
624
450
1924
2305
145
497
1815
1731
1059
1349
1320
1536
436
2059
53
1314
11
1320
1595
1551
1772
227
2055
1442
448
1383
1023
837
2011
1330
1213
1737
573
1016
1223
946
1316
1550
1113
1397
1910
784
2228
1604
863
1719
1931
2063
1164
198
1824
1412
985
1057
1342
1927
979
2202
1293
2021
1302
1446
1713
1665
1955
1172
909
1907
2077
163
2109
92
1474
286
1962
48
1563
663
741
1082
1324
1325
218
2346
934
1889
2319
416
1923
1301
201
333
2108
1176
1876
1993
386
103
1734
2157
766
404
872
1411
614
1623
1110
1148
1649
176
2002
1055
236
1008
1242
1222
1243
2381
1015
1479
1645
569
297
2014
1672
995
944
569
790
242
397
647
599
1012
1607
1432
810
393
983
1068
2287
2137
763
910
1519
580
1373
1027
569
1118
949
956
1798
1649
2099
1139
1386
2096
990
1833
2383
2182
1398
243
952
579
1319
759
560
1058
528
1627
499
574
442
92
1384
289
687
1465
1475
8
2084
1616
1009
1541
2301
33
32
108
1754
2165
1049
102
667
2038
104
447
1391
1686
1385
1931
1762
1622
979
1091
424
608
168
1368
1709
1340
1832
854
1035
1414
2344
709
1386
148
2016
2171
1827
1471
1615
420
1798
1380
1505
1706
2247
616
492
32
1144
1160
1582
694
2257
1651
2236
1617
639
1220
1379
291
1419
1146
1869
1982
963
605
30
1925
710
1753
699
1985
943
664
157
1943
217
1409
23
1523
1644
653
438
2403
1303
1773
1986
330
238
1814
329
1450
1113
218
429
529
387
324
1788
1307
254
1601
2390
1870
1336
1227
2128
1976
1956
1108
1594
553
2200
250
120
1420
1563
1867
524
1589
1815
1745
319
968
1670
984
295
939
514
1789
455
1425
80
848
1850
1325
1126
70
1851
114
1007
1851
281
316
324
1220
985
673
2405
1004
2286
1971
1348
2009
1773
2040
186
875
152
821
2044
723
735
1744
838
102
1337
2218
1091
626
1383
251
1263
1588
1482
1489
1206
1040
1595
67
273
2002
1159
313
1805
1698
630
1786
1476
504
1755
2118
678
340
2326
1545
1570
1357
2227
271
1773
1253
1983
2044
419
316
1999
2073
901
2133
991
1889
657
1766
1834
1046
1447
770
720
1553
1332
2126
224
708
398
1549
1628
617
2265
1516
1861
65
1706
852
740
839
772
974
70
1709
103
1235
1666
2014
1746
300
2085
1225
908
2229
118
547
566
2186
1139
1545
1230
830
1470
2288
980
1336
1821
1695
84
855
1737
2235
2206
1295
1982
1476
2100
1400
450
431
1722
966
1893
2127
1577
1199
1747
1829
2338
487
363
674
338
1734
1498
1554
1212
1733
250
2152
1908
1241
98
1080
1778
874
908
602
1593
1562
1677
901
408
843
2244
60
632
28
1519
1480
817
16
883
2031
1190
1463
445
1992
1657
1821
2053
712
2112
984
1133
1637
1558
2154
670
2211
1367
1209
1206
1908
189
448
323
108
311
1077
1516
1057
1076
1995
577
1818
650
1608
1778
1109
1661
970
2191
1368
2057
1487
962
1288
1301
1449
1121
1037
2157
1043
969
522
1390
1850
295
1357
708
1103
719
1264
473
1198
1384
540
31
1798
1711
736
1105
2176
467
746
689
1901
439
2048
1086
2248
1804
1501
249
1256
1311
1369
1272
1634
1409
2233
871
2243
1583
1608
2262
457
883
823
1149
786
1645
1889
1019
248
944
1583
388
225
971
1471
1117
1996
1517
1306
1392
1737
737
1424
1138
112
1459
1654
349
586
1387
1257
2391
1188
1010
2062
510
971
843
1970
1850
551
1002
745
1557
1797
713
1391
2167
681
1596
2007
1635
1981
2218
1253
432
1275
1616
1834
1712
227
525
1442
2032
1319
45
50
347
897
1059
1393
508
1384
116
1529
573
1685
1003
980
203
431
464
1371
164
941
149
922
2361
2308
781
693
2184
2138
1530
1732
164
1285
672
1649
1103
2007
1117
1804
1235
608
1204
892
432
292
1255
1875
1352
1482
276
379
1533
1863
942
2184
1744
1019
1315
404
1935
914
1491
113
1586
2279
642
984
1166
1506
1983
208
1489
1384
895
1559
156
1951
65
1600
718
1689
1492
848
460
1950
2192
712
1210
900
25
2202
807
1512
463
45
1727
771
771
1309
621
2170
1415
1975
1420
1662
1819
1931
1835
1476
1748
368
2195
199
664
1821
1306
1019
1181
1033
750
551
1178
140
1696
1551
1596
293
146
1605
186
553
2350
113
1388
897
751
1527
858
8
1277
748
1935
1075
1268
93
244
1650
2222
1452
171
341
1292
1797
630
1765
2217
2267
933
473
1982
1323
993
2249
1312
2298
1546
197
1687
783
1609
1649
1198
1638
1514
618
122
2015
149
2378
851
495
1929
1965
1566
1819
288
2170
653
1364
895
2348
1400
203
720
2046
575
914
191
2027
338
1995
530
1400
1104
708
127
839
576
898
798
2358
850
1767
2034
1831
194
1492
352
1378
1690
2066
295
221
1840
1508
754
1265
932
2341
1619
2303
1379
2333
709
2309
2166
1089
2343
838
947
1482
351
2166
310
199
1549
760
1072
1013
614
128
193
71
133
1552
510
1642
175
686
1334
1186
2337
1715
467
485
155
2109
1889
242
2300
1627
703
137
989
469
1722
60
1909
2019
1134
1983
138
2150
878
992
1815
2240
1753
1208
942
861
1702
1490
1584
831
343
1371
1219
2176
60
1358
2207
2019
744
1068
1719
1870
1437
1185
1424
2245
1238
2266
1618
1738
1036
1039
43
285
1400
1370
309
724
1863
869
1578
1324
1937
2196
311
1115
779
2088
1593
1711
1514
318
896
325
1284
79
238
1203
1906
1754
1819
1875
488
1057
2418
1393
1710
1365
1396
1882
311
3
1237
1017
381
214
1978
862
2278
582
992
637
1492
1744
1075
1090
2091
1842
1961
1622
1483
1813
1495
1381
1630
855
1166
1966
992
1446
1108
1868
2174
1019
2325
1657
1773
926
1971
475
2006
2222
655
193
1543
1715
1793
1261
146
2260
450
2056
770
1167
1287
1931
1896
1041
380
2014
1654
233
383
1958
990
1497
1305
956
203
1755
806
485
364
1502
1630
2172
984
1223
1439
1016
1148
2177
1403
1008
2204
2066
1459
2261
1992
1472
1139
1794
1040
991
795
2060
1014
2027
1828
1393
2366
1028
1215
1996
1325
1177
65
726
2098
165
1762
317
1943
1010
1920
2074
854
1504
144
1448
623
1552
1393
1760
1884
1037
582
827
1575
1428
1784
2080
1090
816
577
616
2299
606
228
242
1525
2028
503
130
1867
199
2301
1907
2171
983
2273
2162
2206
2248
2056
98
1855
1641
1921
2171
1547
1771
195
960
1255
2014
1300
1462
1243
2215
875
472
2110
749
2258
870
1289
2429
251
1829
1740
1214
1817
1313
3
2327
2085
1463
2180
1619
1948
1796
290
2212
9
1554
1579
2411
60
1102
1397
755
2015
1378
463
2014
2072
573
1661
1383
258
558
2233
29
2027
1219
275
1426
729
689
460
687
1584
1494
744
2221
2075
1138
916
915
2176
2011
781
147
978
986
980
1677
1367
587
2066
2163
845
1656
180
1935
1455
682
298
1726
1771
1987
1619
643
1251
569
1182
1349
2264
1930
2232
931
1730
1599
403
750
1591
1607
1850
1577
1746
883
706
1140
79
918
1852
2221
2334
1240
111
1749
1650
630
1046
713
1079
497
124
1314
1006
889
656
980
427
1968
648
342
1787
1407
1178
301
597
1828
623
1830
687
2240
1678
675
136
413
749
1028
1636
146
6
525
748
1861
1897
296
582
97
1261
2180
2111
519
2192
14
1672
1982
2242
1885
201
344
1573
2326
946
1032
1610
2340
2127
987
1909
1165
71
404
729
651
2263
2316
1757
762
360
174
1482
846
562
505
714
919
240
1966
1595
744
1889
1535
314
770
2151
2145
1241
53
1732
1696
2005
185
1683
949
458
1532
1878
1284
1297
1081
2104
2287
1505
139
2199
1010
174
45
1643
2185
1500
1577
1543
1157
701
1456
621
862
2062
1542
2291
2299
162
462
2140
1227
926
1855
259
522
504
550
2066
2200
1633
1501
1795
1039
1280
502
893
1256
2100
1148
2076
674
94
537
1310
1083
2174
1276
55
643
1758
1650
1959
1061
2060
1174
838
2200
1429
2259
1162
1705
1077
2063
2064
621
217
1960
123
780
901
1710
812
1129
1606
1717
1375
839
1790
178
1800
1371
1656
1171
1419
1004
688
1563
976
1005
1616
2034
1601
1401
1674
1116
1419
1615
1050
2080
1193
573
354
1769
1062
1229
471
1674
664
2132
82
1922
2111
2353
338
378
835
1344
672
1743
345
546
1728
1494
931
293
649
1346
528
1871
1562
1361
2238
1150
1643
1684
326
1971
1825
1768
1832
606
640
279
1792
2124
439
1401
964
972
2353
101
684
1467
2167
637
604
1922
1250
809
276
2273
2022
757
1797
614
84
136
513
2035
2263
1449
1988
1449
258
1834
1789
1479
727
8
869
31
2135
213
1391
1309
1131
2208
2133
253
521
2056
484
56
2096
1664
1907
203
734
1361
1997
731
1327
2110
494
1498
1435
1740
1631
1589
1310
211
2002
524
829
1735
1581
1703
59
957
2007
344
1716
1913
1621
764
990
1220
1665
1775
2004
1235
1714
1375
1199
1019
2341
86
1033
2018
1432
328
874
670
1537
1519
1358
941
1458
1735
985
1285
561
580
1348
1466
1538
1246
361
940
1752
649
565
1385
1910
1311
399
1678
500
1649
1949
847
1006
238
312
1810
1909
548
1484
1899
452
1431
1105
1343
937
1444
444
1724
1471
76
520
1331
1108
205
1868
553
1034
2186
741
2005
1718
844
815
2259
976
227
1241
1360
1635
1174
158
1462
2202
1271
263
2020
583
2160
1756
1869
457
835
468
1056
506
1099
1005
868
1333
442
1529
996
1155
1517
1314
374
1209
777
1137
526
1552
308
723
2311
948
2254
1580
1278
1517
310
1731
282
1458
13
118
1940
1745
2161
867
1489
694
1363
2252
2138
701
1747
814
1134
496
2403
1930
1994
820
215
2184
2324
1989
2137
1872
2035
108
1373
1785
1593
2070
1679
1599
1490
1057
1857
1125
325
1655
1326
1744
1702
1854
1904
2091
2292
1851
1421
1120
2004
1397
311
1112
2132
401
2176
1192
1941
2177
1966
1243
1206
752
2232
1394
334
1546
295
1004
1349
1299
518
2129
1861
1966
1830
1887
655
858
1762
915
952
1177
1646
2145
270
958
579
150
1261
1830
578
248
598
2012
1172
2141
2050
1647
1903
1087
417
1386
1613
1195
1691
1412
1024
1199
207
144
823
623
1571
1990
1618
1244
864
403
812
1023
1520
613
264
1657
354
1292
1272
947
335
528
1646
1096
1318
2244
540
1470
1174
1494
1753
1549
1454
2064
1114
1490
968
1819
1479
822
1244
34
1453
1183
1371
2151
926
541
2271
2100
1987
1908
1907
2158
687
1933
1096
1334
1737
983
127
724
1893
530
23
262
2127
80
707
1443
931
631
226
934
1905
1006
2039
853
1698
1948
956
1963
1930
64
1802
887
502
316
1290
1911
1603
652
967
1694
1134
233
670
1353
1187
1914
2099
1781
1191
1367
2058
47
1436
653
1255
1571
1845
1464
1594
817
254
1800
451
783
1013
510
2229
2045
1347
1441
2028
1046
1168
1677
1698
1989
2235
1021
542
128
338
1547
2134
1378
1777
917
66
622
381
1335
2000
85
1813
869
1456
4
2139
1072
1742
1980
705
2357
1493
1423
420
320
2331
1236
1014
1853
391
496
1741
283
1929
1008
540
1495
2168
1508
1362
1193
1909
1685
629
1513
51
1739
1614
279
696
509
916
786
1373
2215
1240
1828
2073
1134
347
944
1399
718
1934
868
2045
1373
1633
1574
458
2202
1082
1741
1428
2011
1674
1205
61
2056
414
2118
481
203
1951
762
402
741
2283
1076
140
144
1673
129
155
612
1651
1572
664
2373
176
1338
1431
2072
917
354
271
585
360
2410
1529
349
720
753
1504
2164
1983
1466
657
1713
771
147
1797
1
752
2149
1067
1412
1796
1568
1207
1621
606
851
277
2050
1762
1672
2259
1450
1144
1320
773
327
81
1350
1186
1724
573
1939
534
1704
1341
1496
295
1014
495
455
687
1211
1620
1060
1629
524
391
2283
2167
1675
1314
1173
1069
2179
1487
1034
134
1103
1589
542
856
882
1391
861
53
2065
469
1389
990
2168
1825
848
2223
1953
120
2272
1907
1038
238
2190
1420
2244
2308
1317
1620
167
2284
680
1993
163
1070
933
2214
1296
1081
2134
1270
745
1029
2167
1440
1073
645
1460
1259
222
1861
537
450
483
2133
1683
478
1938
1862
85
1605
1725
1544
436
1569
744
2160
22
262
1641
1147
1914
1870
1212
1701
1598
595
64
1643
412
753
1353
336
1731
1721
1642
2349
2291
266
655
1045
1162
1819
8
1087
1664
1424
1395
1125
1299
670
1254
547
1452
1765
1358
1690
624
227
26
955
910
2073
221
1439
792
2170
1930
1438
2001
100
2204
1613
1755
1438
1600
907
1685
67
828
2340
956
2034
318
1005
634
476
1487
2258
146
1050
1801
1770
2128
1608
102
867
142
887
1135
565
941
234
875
969
1879
851
223
1696
318
2023
316
1255
1004
524
492
187
2143
1006
2150
274
1754
32
1104
2393
1734
633
2130
807
1939
1996
325
646
1200
1538
530
1784
1171
451
2113
1360
167
2059
1453
48
1813
1169
1605
1354
400
1875
904
1465
2069
1205
1033
576
1289
1962
1954
1779
513
827
807
960
970
2371
431
6
1494
688
432
1396
869
2055
249
636
169
578
384
1765
1447
596
1546
103
778
2038
381
508
150
2039
1889
1290
1450
118
1196
906
964
526
399
942
901
957
751
515
904
967
580
1089
1900
356
1896
353
1388
1063
2012
1650
1872
286
2029
1089
1105
698
41
2285
1074
2284
1069
896
1758
357
1815
749
225
1536
1658
9
372
1350
1569
1815
1684
1209
2083
1254
1546
1556
1818
1854
979
1211
85
2259
1568
1137
1473
1118
1420
1096
2079
1667
1867
1732
2172
1650
1692
1701
2269
1158
1714
1798
1114
1002
1459
1544
148
860
1057
199
1590
1634
1856
987
397
655
1610
116
2277
1815
1440
336
2166
1469
2007
1569
1732
2089
371
127
1677
355
1963
2247
22
1950
2072
1144
454
1909
772
531
1333
1653
905
2032
2133
931
1204
688
151
990
1331
1890
144
1314
2196
1903
184
2115
1459
1767
488
2023
1892
1699
874
1472
1987
233
1979
1737
1382
1201
1156
1896
890
709
591
1100
57
809
2016
2251
1849
2206
836
1189
1075
2095
546
1871
955
2150
1446
1344
548
1058
367
968
1632
1767
1722
1811
1820
638
2372
302
909
862
239
402
333
1630
1479
2298
1017
1237
1902
683
1218
961
1750
2122
1879
1360
1841
1450
746
1045
172
805
191
643
1344
931
1965
416
575
515
292
2162
1502
901
858
1743
1078
2324
1875
1520
1624
1869
1506
622
943
1303
1016
2243
430
2108
368
894
560
1198
2155
314
1486
2156
1116
848
909
2003
1198
1318
1804
2121
940
1666
2028
276
96
1908
474
1025
2228
1234
1125
1249
1335
631
34
1714
1127
1838
1450
960
1165
1865
1204
2111
530
1279
653
721
1431
971
1780
2222
2040
1677
179
315
1817
253
2074
22
1887
1144
945
1792
1717
1737
281
1103
2060
662
580
1589
2404
2024
1455
1196
807
56
2112
2135
1979
1243
265
1725
465
242
1250
748
71
1975
1041
610
1364
1967
146
977
871
1308
2110
808
1624
1186
1978
1870
661
1491
1414
1351
163
45
153
1058
1646
2137
913
23
516
1231
1417
917
529
2012
1235
1407
1884
1522
1132
761
1973
1285
682
2241
1354
1983
1739
1548
979
1737
956
44
1020
90
2198
1744
1442
1860
612
233
359
646
2301
749
2130
1130
1593
2218
313
1119
1549
83
251
1860
1198
839
2168
195
1006
915
2393
1511
2039
1484
795
1821
512
264
2248
119
1698
847
2174
699
1007
544
1469
2032
891
2122
1338
2225
1599
404
1721
1827
326
1647
196
1050
672
2076
1644
711
1160
807
2177
2232
917
466
2087
638
1973
1247
2032
1439
771
2032
1536
21
2210
1886
1609
1375
1418
1958
1081
765
408
2247
1240
404
1496
1376
692
1733
368
298
1803
448
782
1996
1628
1853
1529
1595
252
1793
1790
28
227
62
1132
2148
360
2092
612
1638
62
1063
2122
2086
1086
360
1172
1435
629
317
1062
886
1123
644
957
385
2060
1575
155
1784
1295
1596
661
1967
628
315
229
82
1058
843
1083
384
1170
1019
1794
1346
2054
2062
1457
860
948
1319
1888
681
78
50
1538
792
1396
2047
1812
2108
637
1087
905
573
1981
159
1153
65
1062
1013
359
18
1803
1846
516
2407
1296
2059
1963
993
327
1474
1774
2162
369
1291
1111
986
2192
2080
2102
2263
1849
1550
1908
1087
364
421
1577
2021
1301
643
107
425
868
1427
439
1227
2152
1324
445
1357
1115
1328
437
1252
1907
1607
377
2071
210
1721
1315
903
770
1872
1169
2035
1369
1554
2200
2115
1830
2315
1025
1183
484
902
2186
538
1663
877
701
1410
1119
1624
80
1680
1699
1616
721
977
645
259
2139
1409
658
330
987
1966
1475
115
2218
1715
738
623
49
1281
1068
2232
2388
2025
555
849
1422
2124
1481
1982
1833
803
1774
2257
1657
2100
1993
962
771
2117
2199
638
68
1791
2357
1783
1555
497
853
2265
1765
1237
451
119
1973
715
1996
351
1547
2112
1323
1887
1638
1216
1785
506
1811
1603
817
852
1963
810
2182
48
2124
1039
817
1101
2068
80
336
821
128
1529
1082
1488
195
55
1346
2232
1061
1380
385
1735
633
1852
1043
1518
2188
600
1836
1743
1936
1604
1705
1497
2098
282
905
1002
221
1681
1082
968
2364
1868
1458
2140
1523
1349
671
124
2139
209
1426
935
1144
95
376
1097
1697
1983
2185
1781
1393
2192
137
417
1986
1038
1949
1997
1967
972
872
1695
75
1050
2067
512
2006
831
1979
177
1218
554
1398
629
1552
2059
1560
1598
2192
722
100
992
395
1728
1279
1516
1641
979
1507
356
349
953
1628
1058
2272
1346
980
809
1206
286
352
390
1137
1876
1689
1283
1587
1714
2261
1130
1860
213
1141
827
1736
2066
1239
458
390
1921
1284
668
66
784
1390
1019
1043
2293
1568
733
1326
1003
1154
2096
802
2035
1733
1312
327
601
34
2220
1931
562
1049
1794
1688
2230
1408
1846
1117
429
1234
1261
1088
779
1870
1013
1573
1014
1412
203
279
507
815
1702
790
1140
1275
2098
1337
1086
2098
1062
2011
2254
248
484
287
100
571
2210
1492
19
2055
1438
75
771
680
1183
620
605
1143
1962
1518
1078
327
1568
450
304
300
2011
1491
866
1039
1848
2213
187
842
1973
1769
1870
1961
1943
1564
108
1317
881
660
2035
2268
2028
561
1056
618
1222
187
2113
2045
1999
2341
1988
365
1467
1893
2087
1814
1462
2133
570
951
809
2112
686
2061
2236
933
1665
891
1971
220
861
980
1069
1621
176
2007
1759
2159
560
1698
609
97
634
1602
832
1972
820
643
175
650
2074
1011
360
2372
876
237
1179
2347
2293
1322
1697
2016
2107
183
216
1692
1912
1013
1744
1177
411
1392
2086
986
2120
1776
611
59
2247
622
129
1899
858
1890
160
898
782
1164
691
2316
788
574
624
35
1377
1410
1815
460
475
1086
1583
1732
1220
1849
1936
1948
623
127
576
1359
1746
1499
2432
1377
622
1970
1145
294
1590
1162
681
1968
2369
979
1717
1422
985
2164
1683
314
457
629
1563
1735
2303
1394
1705
1206
1787
416
1496
516
1849
2059
444
2094
1806
1971
1913
2237
1774
2200
638
1710
1334
1736
709
2362
1818
1829
99
1143
2190
1239
1186
1863
379
526
1036
1699
1307
1409
977
1348
1720
626
1241
1264
2279
886
1872
1392
326
405
788
1443
1344
1160
1482
1921
866
1282
2365
2010
2042
2105
576
873
204
321
477
909
1240
995
2124
1814
1480
1182
1409
872
1104
226
171
395
676
1920
2195
1900
1275
665
1213
2042
384
511
1724
1295
803
1645
2119
2212
1770
839
1761
167
1182
850
993
192
1525
742
2000
751
1158
1323
975
953
2055
2013
1654
866
1730
1837
102
2208
403
1693
2260
1253
938
933
560
124
1617
1236
1707
1123
1808
1934
1002
2209
267
461
705
2370
246
1306
844
657
951
796
1984
1096
1354
402
1769
1870
104
866
1954
1071
1091
936
1839
572
1465
151
1558
749
139
1150
1562
1296
1070
1995
1768
1672
119
93
746
2066
928
1193
1929
1687
2200
1363
1669
189
1235
1788
1179
1013
1371
1662
2358
1103
1774
1300
1289
1133
217
2247
1061
1150
1865
1360
1253
2033
582
235
2294
824
1501
2037
1974
331
947
459
941
1166
569
2089
1958
1787
2185
1676
1192
96
2039
173
1898
1705
25
322
292
247
524
1084
1400
2015
911
385
358
584
1247
621
1179
1182
565
892
2041
274
497
1161
11
1330
1609
418
1928
1269
32
318
1399
2054
2066
608
323
484
107
2288
855
335
122
1596
617
32
1566
1042
1561
1723
1128
535
1448
817
2180
431
1733
169
2037
658
1902
1652
385
424
2006
553
431
1549
79
159
1689
59
1621
618
1643
2327
140
1847
204
1539
2155
13
1866
2120
2003
1846
2166
863
2040
1192
568
1035
115
302
639
1102
1838
1244
1441
910
120
1822
1483
1409
877
1902
1838
569
2358
1379
506
261
2049
2073
333
1063
448
1633
1318
2160
938
2162
2228
1274
1028
1684
493
65
515
975
669
1259
190
761
509
41
38
1755
326
1694
958
2027
369
697
1323
1291
901
472
1416
1439
1330
590
1006
1878
2290
664
734
1907
1852
2266
1835
547
22
2357
594
1674
84
1797
1379
652
244
2390
2162
1556
2359
1874
2255
1577
2202
2082
35
58
624
655
1443
958
1149
525
40
1980
371
1051
1374
1862
493
1931
1324
1681
1535
2013
279
2300
1940
1287
1135
1603
632
399
642
891
537
2305
287
754
67
1369
190
1256
1893
1814
2003
266
1064
169
1766
255
962
1479
991
121
826
801
1562
354
2251
995
1333
741
1221
827
398
1425
475
880
1862
1092
1617
2023
2225
2371
189
1694
1711
2348
447
1497
1626
1808
215
1094
694
500
1052
1532
1810
2229
982
287
1669
1935
197
1735
399
503
487
1493
1042
1954
2307
86
2171
1475
1128
1993
1774
1747
761
2147
1898
599
2073
703
1978
1396
777
1568
1534
1381
1188
1303
2170
1076
871
1667
2359
2191
1616
2354
1628
1595
1187
704
2057
1964
689
1277
1150
531
916
1000
1561
353
355
2120
1224
478
1920
1557
1944
1586
2328
1552
1566
1878
1535
609
749
898
2006
1401
89
2139
1325
1563
1038
1023
1065
1426
1134
1297
1856
846
1624
1678
828
1478
1458
1104
1750
125
147
1515
1327
1716
2237
1706
1223
1792
1855
1631
1621
884
2142
1311
2162
754
1330
334
2134
799
785
163
414
470
1721
1810
806
350
1251
591
2184
443
1365
1590
1021
2339
1879
674
474
184
2173
2050
1462
2117
125
2140
1247
407
664
482
1541
962
745
1873
369
453
693
1066
1106
264
1531
97
118
345
1251
1574
1774
775
1824
1358
2013
665
1226
903
772
1248
2057
1638
597
971
2092
1552
453
714
515
264
1511
278
891
620
1269
2140
251
1049
2010
2120
505
1972
379
2078
295
539
1856
473
1269
1496
272
8
2193
1457
1390
579
1091
799
1294
1043
533
1266
1910
1404
789
1898
1767
474
1670
1542
1222
1576
837
1191
169
1455
70
112
528
1708
1626
786
1274
783
2207
2175
2244
2124
2244
1328
1907
2176
1672
1424
1765
118
1580
1435
1370
1646
1135
1028
2047
1075
1029
2396
322
425
726
1027
756
104
486
360
151
1791
2164
1343
493
2243
544
1313
185
1240
350
401
1153
786
1444
1297
2109
253
1626
1315
444
2236
26
36
156
1083
1844
1480
1952
878
17
2071
725
941
1203
1324
822
960
1857
275
1318
212
1325
1215
2055
1297
740
1656
1079
1588
353
1485
2219
1520
1195
773
971
1705
1975
901
1693
2016
1390
826
1337
335
1949
2199
1849
1942
654
1771
1402
1847
216
1030
1512
1642
2247
891
1480
248
2187
1786
1337
855
1498
1796
1608
2343
2354
1763
2163
1591
1758
1614
1351
2234
1234
2026
1970
2195
1230
352
498
2229
1898
808
1804
266
41
558
2322
69
1812
1247
2158
1773
1005
2432
