1322
849
2236
266
1327
1865
1951
725
933
883
1069
1223
248
2141
1150
329
2054
2145
567
2096
2234
1512
1569
281
1735
471
687
1967
684
1954
1319
115
1139
1251
875
88
1636
1409
86
152
614
1514
1435
598
482
2045
1474
2290
681
487
985
1716
2223
1733
1787
1655
1854
602
864
418
1206
470
164
219
319
181
1342
862
1381
1075
161
1001
2098
1645
852
872
1966
1384
1733
1747
861
761
1510
1549
1417
343
2003
2260
1833
1637
410
1366
662
61
1543
1440
1207
2060
1886
2129
1721
1235
1723
1974
2136
1278
1651
2270
530
1197
1646
1095
372
1496
814
2039
222
1919
2099
1547
184
112
1696
1308
7
1630
1383
416
1178
1366
1074
1028
1912
1248
1474
1137
1045
207
1642
1446
1315
956
295
1280
492
1433
1274
304
1023
280
889
1011
1413
347
72
595
827
746
1897
288
250
941
329
190
1616
1942
1761
1971
819
266
491
988
1414
1985
1016
1377
1182
1522
957
2098
1921
724
2204
1898
758
1720
177
835
647
38
2173
118
747
549
215
2226
1556
827
488
1810
9
957
2148
2102
2084
1471
1900
1833
481
587
708
579
1384
644
1615
347
564
2166
1391
1940
1698
671
1504
843
1080
508
2096
974
403
201
2404
1051
243
1502
1792
1190
774
1390
1600
1329
959
1694
437
1435
2145
1024
1872
2317
819
1958
1739
1724
393
1907
795
525
2002
1807
1767
1162
605
1234
1844
818
2206
1241
699
1738
446
1979
314
423
70
228
2283
1972
949
2006
2252
688
1858
156
1213
2287
2138
507
1053
742
1617
807
2031
1020
1414
110
158
2012
1603
1645
1063
487
271
1433
1605
58
63
2055
1782
2261
1457
1766
716
1804
2030
1955
1170
1880
1306
438
670
872
1259
1499
1963
891
996
1754
1148
2303
1695
2306
1958
722
1633
996
2246
760
2121
1879
384
1308
1733
1856
689
1572
18
349
2223
1290
1363
583
621
1448
1184
204
1898
2360
2003
1616
902
687
757
1886
301
161
569
135
552
593
1983
235
1491
536
1468
555
122
2088
1464
1453
282
1983
2287
103
1191
232
1112
819
1875
758
1542
599
70
1107
994
1548
1942
1779
1682
800
269
1590
1658
2287
2377
2065
1596
1970
2271
2352
1855
476
1295
1913
1920
1439
998
1063
751
1526
227
586
2351
1087
791
1417
695
1445
2199
158
1255
714
1349
1512
1578
2202
93
1644
1918
1427
1429
1674
1903
1511
347
731
341
1315
1191
1466
26
1315
770
1916
2294
577
1650
255
1310
415
2283
2266
819
2190
58
2175
1649
1458
589
1837
519
2136
688
1350
915
789
255
1662
1154
1268
1026
20
583
655
715
1086
1001
2340
1440
2236
277
1554
887
2368
2192
644
1055
1623
458
881
46
1956
1550
878
251
1378
966
1905
2031
1276
536
1621
829
2098
1258
1373
164
1371
1620
841
2195
1142
691
1067
1978
148
271
1835
214
2203
1559
1725
1250
1811
487
575
1160
2327
656
2474
803
2282
2002
1212
1297
2028
1743
1830
615
1636
538
1715
1662
1724
569
58
867
1049
247
100
1869
456
1276
750
1916
1381
143
1921
2275
2373
1353
855
1828
2536
219
309
900
1095
422
1239
469
1621
632
1743
1356
946
665
1406
974
549
783
2263
246
1860
829
1990
770
1114
1592
342
165
22
1549
1680
2393
720
2565
2452
561
107
294
1081
887
1959
2168
1187
1862
503
1573
2320
1328
215
2152
330
541
1127
1194
549
1550
2466
1746
2270
858
1068
284
1807
2124
233
1242
586
1541
884
94
1629
1506
189
941
827
2105
1412
685
2103
637
857
1980
2476
67
1218
999
1110
117
1216
1803
650
1152
498
34
1378
1945
1798
2089
1991
2406
170
971
948
737
945
347
467
371
1748
588
617
1181
1360
2227
1715
125
1926
1494
1968
1175
491
1250
1728
2325
1309
2094
479
37
2152
909
668
1221
1397
2032
2362
400
2447
1612
1438
142
2181
144
2185
1115
1199
2404
983
427
394
2167
476
957
1735
1594
2
674
337
649
360
1825
153
291
404
779
719
242
2236
1468
1417
109
1388
1199
1322
2002
30
1912
1946
1274
233
297
989
2
1379
1699
1174
1242
58
1961
1561
829
746
691
1757
2233
994
2030
743
200
1053
1944
2471
1525
1900
1580
74
1201
2370
784
635
611
2226
1415
634
2240
2348
1210
2405
272
1745
866
976
217
2041
1375
772
1848
1768
1634
13
2242
351
575
1633
1423
498
1714
2390
651
1319
824
2115
1567
791
1162
2526
1417
2177
1580
1674
2232
142
753
324
137
615
2230
801
1299
2518
2055
1514
1059
666
1459
1021
2593
175
1664
374
1690
1617
1818
2026
1682
2380
1620
1945
1363
884
2072
1351
1885
2317
1130
421
115
1331
1378
2603
2436
2297
405
1558
2377
1425
1367
975
1834
407
2082
768
949
1194
372
1258
841
1354
2284
2310
891
2408
911
382
802
1524
1147
1482
2241
1762
12
1311
811
1469
1855
1629
394
2497
446
1808
1538
1997
235
1438
1140
29
385
2033
373
1690
1791
696
1802
97
363
2424
381
2402
999
1011
2250
1294
473
1595
606
1731
1052
853
947
1808
477
2376
1202
751
1322
2475
2248
604
1844
521
1371
659
782
1518
33
1048
1174
864
75
1933
2189
1908
1216
1412
488
1450
1479
384
779
2302
48
1469
1887
1414
2230
1239
5
1913
1419
1258
2327
2414
2235
1244
1381
1677
60
914
1088
1168
1895
1079
1859
1802
1560
1203
2143
1118
163
1250
1833
2091
1918
1143
1188
592
1288
1128
86
1264
286
2013
2091
906
25
543
1743
1118
378
1073
1029
249
1178
1176
2482
1505
507
238
1449
1886
1255
1699
224
1465
833
601
1834
1339
2149
666
1513
1221
1893
44
760
1810
1653
593
1884
1186
1204
669
525
480
1171
2200
825
1235
926
416
2277
1305
1252
492
611
197
1166
141
1986
1222
1771
2389
195
1641
2425
907
1930
1787
1548
33
902
711
2331
113
1636
234
1307
1299
1429
2388
1194
2604
947
1428
1889
243
1028
575
665
2596
2000
1719
1454
2387
1675
1755
1848
1879
135
1296
1543
2642
1858
162
946
645
1020
884
920
139
1070
560
2287
1891
1741
18
911
2410
1514
1565
733
1113
1040
2126
1890
1401
1223
2271
2193
823
589
1998
826
158
991
544
1073
693
1248
2059
1384
2599
738
544
1944
1705
2280
1703
1302
288
446
1315
172
1030
2075
718
1623
1083
1693
387
1486
925
329
1881
2170
2255
876
1551
1545
1341
977
1055
1584
1320
1114
835
2186
2243
2299
801
2312
1526
486
967
1288
1376
2263
606
1169
216
2136
1193
110
2008
1370
2485
672
949
773
2062
1843
2470
792
1251
1551
1312
2233
1133
2457
984
2158
1685
571
2013
1097
821
1339
945
1318
928
603
1184
2611
1630
1472
189
210
2069
2303
302
2669
1679
1716
1167
77
2320
2008
940
1701
726
2344
562
1078
2099
1404
2180
431
2099
1824
1773
608
1069
2460
1506
1877
498
134
1777
317
1356
221
2088
322
1958
647
1164
721
428
137
371
1535
2366
6
870
1310
1777
2383
415
1974
1300
870
2161
286
300
1748
1395
956
1226
439
1681
1647
1463
1895
1861
1606
268
820
1077
123
325
1194
1625
551
1662
346
2250
1067
771
33
1144
1940
1328
828
1418
756
77
1774
398
1117
121
2505
1859
2368
1226
1553
593
768
2011
222
2258
1930
2322
365
239
2006
184
1220
1669
1048
1568
291
1109
1375
1954
612
2173
2150
1757
2336
210
1069
2158
2106
1421
2607
705
1815
345
825
698
792
328
1330
313
12
72
2667
1920
1154
744
2155
1914
279
502
768
2020
526
2549
1641
482
1172
669
376
238
614
1763
186
1574
2053
2204
360
402
2479
1558
1834
2162
2217
1294
1265
1580
523
447
2172
1578
1829
91
385
1737
1406
1244
975
2251
2302
1077
1605
1504
955
1951
297
759
255
1980
343
188
2283
935
829
36
2294
264
278
114
2427
1500
2392
18
886
1760
1422
1869
2017
522
872
129
677
637
1678
2109
1366
2467
2267
41
1796
1856
764
856
2096
2157
1511
2201
350
1374
459
1211
529
359
1724
1457
1157
1944
1106
2387
1225
458
1880
967
204
1481
1840
1029
373
605
725
2583
410
752
1365
866
2725
1309
313
1760
1218
535
2011
1221
547
1940
1634
2661
2491
747
920
813
176
2560
1380
929
908
1030
1417
178
1546
1973
921
1633
1475
743
2645
1458
1521
457
103
2188
93
1839
2330
576
1159
1208
458
2593
2216
1052
750
1057
912
1161
1225
345
2399
831
1674
1344
477
4
2178
349
711
988
1752
1490
1776
1397
262
2377
666
1176
522
1636
2599
2281
1569
2009
413
596
1009
1316
691
1131
2471
1685
1634
580
1741
704
1739
32
2118
2325
1361
737
812
1431
2374
1448
1206
473
1187
1246
926
1492
1240
2213
1869
2375
2488
1422
1600
1387
2154
1524
2321
847
651
589
1163
1059
574
1978
2194
2767
1306
926
1466
2264
1565
1684
1378
1952
1674
1876
282
1585
1470
2462
141
2198
697
1396
1607
2402
1746
646
1106
1048
2727
2421
2817
2330
750
848
631
2206
1712
1979
356
1631
1568
2347
1307
2019
1264
1756
1626
1361
94
1686
264
344
575
1526
1677
1120
1227
100
1355
878
2194
295
2065
158
1976
866
1500
689
1241
1055
203
685
2116
887
926
1657
1160
624
2683
1781
1910
1433
2766
2208
1562
1906
1187
2263
1020
1453
853
644
383
1432
2578
829
708
2132
1148
2004
675
2009
1278
2334
1898
2146
2293
1225
2754
953
761
1315
1137
1313
1391
1200
2440
2380
1637
2385
2705
3
1047
1373
1620
1406
501
2019
414
2636
1123
2395
477
1161
1128
656
554
1873
1007
1316
1234
1000
1934
2035
1631
2300
93
439
287
1084
2362
1692
270
1710
51
1412
1456
2362
2173
1354
1226
3
870
490
459
900
1405
3
2405
2671
1468
2189
1946
757
2291
1904
207
999
1413
293
2758
2088
420
643
198
1892
2258
157
393
7
1867
2639
259
2466
1584
1530
602
2499
1378
1603
2863
2042
605
715
489
1386
1639
1567
691
582
1695
2214
1142
277
1052
881
907
2254
1240
658
2116
1344
1445
604
1848
1784
979
908
536
844
905
1218
1401
1394
1006
1504
1212
874
1740
2541
2816
2171
1329
1311
2131
1969
1617
2099
833
2357
714
1017
891
745
2244
311
2088
1388
2354
459
1863
2223
1259
1281
1684
1293
1419
827
1512
1119
670
1302
585
1857
1903
55
1397
1211
2196
1777
1882
2029
958
1364
2100
380
1897
117
908
472
613
914
1738
1059
243
509
2317
1844
1479
158
106
2241
1682
1179
2437
1664
1659
1064
1648
1642
1648
844
497
2500
895
989
776
288
2241
159
2019
679
993
2230
1932
1415
148
1843
1762
2635
660
1137
664
2124
2151
2545
1637
1032
314
2384
2039
1804
817
1792
710
1502
1989
1407
1851
1415
56
1179
864
1567
196
85
640
1424
312
2360
1619
936
392
1802
1264
861
2152
129
2221
72
2092
1151
886
1486
1603
138
1155
1141
2532
579
315
756
2702
1506
966
400
1511
1399
2452
622
327
1818
1036
424
1205
1563
1679
2814
1344
361
254
55
2431
771
2065
2424
3
2134
460
2239
860
1745
69
2393
818
1088
2595
587
1583
1119
1221
2850
783
1132
442
717
1038
2168
1330
2060
1806
344
1305
535
2154
612
2492
2480
1453
369
2678
1079
1732
372
159
2604
1058
1079
1573
1536
1840
559
1798
1704
749
1495
795
1739
2560
12
588
239
1894
1817
694
1565
969
584
1474
516
1203
1386
2322
564
518
376
658
2034
2059
1176
1345
2605
230
2180
2109
436
1390
1602
653
372
959
1936
2069
2009
103
1560
2375
796
1969
754
2040
2468
579
572
1327
2414
766
486
1512
879
2213
1702
1646
1057
1367
799
950
1097
426
620
1470
198
75
808
41
1926
33
567
967
1367
1470
2382
470
1899
1597
395
79
2214
205
2154
2472
498
1092
1497
1578
2806
2224
1317
1010
1564
1432
1939
2269
94
537
2105
829
906
1932
1083
1516
1508
1281
942
1553
1875
503
223
1299
1719
66
1312
2064
2683
2421
2682
2556
50
1974
858
1186
1286
2708
548
1499
33
1667
647
1976
396
2121
2268
888
144
2283
1598
2081
369
785
1532
55
443
1538
938
1491
2447
1606
2353
1191
550
777
501
452
1685
1651
1752
969
667
849
2816
1819
2312
564
127
1261
801
981
1733
114
692
2130
1397
2750
608
2608
2062
1644
2037
1763
611
1846
2257
2527
1328
1102
1696
70
306
2513
474
2122
89
189
1266
1550
299
827
2255
1825
910
460
1537
2667
2583
2054
1515
1793
1704
780
892
2181
595
580
1215
596
1161
1425
65
862
498
705
2256
1211
1827
245
469
841
2658
37
1484
1954
1789
2829
9
510
1193
2067
1479
952
265
889
548
941
51
1381
2203
2534
363
660
581
1867
265
1604
1149
582
1462
2935
1257
2336
205
1206
438
219
2061
2285
1146
1498
1044
929
186
1871
1585
2160
42
1438
1227
948
2311
2028
1142
548
393
2174
872
2332
2548
435
156
1160
2593
2549
978
993
990
102
1605
152
2469
2033
626
1878
1305
287
1382
1127
915
2159
450
597
1835
1050
709
127
1048
563
42
989
574
1524
2229
2129
1110
13
1874
1366
690
2657
1087
941
2337
2251
1726
1173
733
781
2797
2753
1792
2164
726
1695
656
2110
838
1509
2356
2331
2441
1954
1604
2299
1153
1060
1280
577
1654
2249
2829
1289
1330
386
2011
651
1640
1614
1247
23
2004
2579
1381
692
964
2229
1908
258
2427
1198
2087
1562
1922
221
2656
526
1076
600
7
17
271
1729
1749
252
420
202
1525
2410
1128
1574
2639
1012
1408
287
289
1018
1880
2497
303
2865
1784
960
1455
1019
1353
689
29
704
2696
939
2401
2668
184
889
990
1067
2749
1399
2081
200
1010
206
2284
2068
1084
1629
2098
1440
1364
1848
1420
1064
1379
1473
1097
126
1302
1561
1100
2364
460
1918
1482
1673
998
612
1837
2768
1051
577
772
854
1123
432
1585
269
1425
666
175
236
75
2531
571
2630
2623
1467
898
719
708
2355
2867
2443
2088
1438
730
275
1551
1412
1663
500
1077
1396
95
2334
1875
945
1700
268
1540
2755
1485
1006
2211
1904
256
153
1093
713
1001
586
162
1813
2694
805
1979
1585
1455
846
2218
337
2252
2605
499
1487
2842
1116
899
1831
2831
694
1943
1675
2710
407
2632
2565
506
2272
740
1578
778
695
1252
1556
521
1477
1451
1692
2792
2096
1559
2030
1812
730
102
2400
83
2133
705
172
773
1789
415
1428
516
1172
203
1522
2539
1005
1552
471
65
319
1773
562
1584
378
1562
2587
719
40
621
1565
343
89
2622
2116
827
1981
331
573
1254
2314
1858
12
2044
484
466
1795
2578
2197
2097
1570
2647
2419
945
870
1514
2401
1881
1575
2971
1049
292
1889
703
418
1145
1859
586
1206
2776
1073
1057
1857
1509
1037
714
2240
381
1248
21
1895
29
2321
1498
2044
970
1236
43
1612
1230
308
93
1307
2713
92
1324
576
100
1505
276
2384
2560
1723
2698
1025
1629
1711
388
157
1755
343
895
292
1337
930
1340
1416
710
1923
184
1530
1235
721
778
51
2539
1003
533
267
530
309
2231
579
2171
31
2639
1185
611
2402
2611
2869
1176
2588
2808
1050
574
272
516
954
2325
915
1997
1464
1788
1323
784
1499
2469
1518
1512
1885
1543
1784
1580
1280
1256
2049
2202
1795
2723
1695
778
1403
519
1187
2518
2254
969
1020
1913
1894
1969
2
480
2468
622
1367
1243
1420
1378
2038
2269
509
1304
1614
1404
1216
72
169
349
2392
124
580
1781
1148
2251
274
113
1456
1638
1280
35
2701
2648
1358
28
1447
2210
418
1151
1763
779
2834
2378
145
600
173
267
1533
838
2080
2663
1972
1888
511
1628
2371
1909
722
197
2116
154
145
2531
568
860
325
1630
654
1184
1529
1131
962
418
1713
874
1588
1094
1213
401
821
2346
1763
127
2084
137
2237
2512
422
1623
2356
321
1031
915
1866
1755
1508
10
2667
1092
884
505
1311
2472
1382
1155
149
883
552
1553
912
2019
842
1269
1405
974
633
2386
2687
1892
2341
897
715
2012
1293
1364
2150
2345
1447
1097
997
1536
817
1772
1335
2795
1938
267
1476
2191
1096
2465
2346
396
896
1996
1948
1284
2109
2023
71
1373
2513
2267
2112
2501
1448
2832
472
1366
1531
41
2161
1572
152
1615
1905
1036
2595
130
1867
74
366
1604
2120
771
891
219
1256
1768
42
593
1158
1908
1158
1376
1112
1508
338
1013
1327
1694
384
395
1854
2312
594
1141
1769
2997
2265
1488
1271
837
1203
232
2322
2473
1394
2048
1894
1571
502
1288
1073
2332
371
636
1806
1175
117
804
2833
2117
1440
2304
1794
1323
1894
646
2070
1870
2321
124
1763
2656
1163
216
1923
2262
1490
1944
681
2131
372
2339
2183
1829
318
1588
69
1303
1108
1037
1867
352
1422
1029
2034
1076
638
2076
1078
388
693
288
207
1882
1638
611
540
1462
1942
201
1230
2693
2320
1550
888
1211
2462
873
1468
104
1590
2554
1677
1330
1100
1216
1457
332
658
1449
1596
1700
1800
658
2844
1532
1146
1490
1543
572
1281
2051
1698
1762
262
516
1848
2996
1859
665
2449
2721
1102
2130
340
486
741
1926
1793
1420
652
1182
934
2101
1615
2452
2505
2011
1493
2095
633
809
2870
1711
1373
2792
133
2049
6
1541
763
1529
408
651
261
596
1561
2206
420
595
1797
2911
842
76
1531
556
2299
1964
1365
135
1676
1704
290
2954
1166
1785
1151
53
1822
2145
810
1315
693
2748
1121
2982
2362
1406
1609
2429
1461
732
2141
151
1596
154
1095
131
1880
555
24
2272
750
1533
1765
1067
2336
1103
494
359
2279
1298
228
1325
2508
1108
2600
46
398
103
478
2701
2702
321
1762
1596
88
572
2063
430
1561
1570
250
2668
1272
1285
1906
1590
1003
2252
2662
1907
974
1783
2424
2645
229
2126
1285
2778
1285
1907
2042
1564
1686
2391
542
621
1859
2463
972
2024
2066
56
1909
1808
2023
1342
2702
2721
2047
2749
1091
843
1260
2264
1315
502
367
2007
473
2015
799
219
2177
2663
2250
2036
1072
782
823
2674
2014
149
957
1539
1019
494
1006
1353
44
381
1588
563
1963
227
581
2402
2575
2494
2197
1980
513
2766
1637
2638
358
1521
2436
2839
855
780
720
2356
463
1298
1964
2502
295
1892
676
2263
1221
507
1523
1578
2492
2543
741
2030
2843
1645
2179
1288
2501
514
1258
1608
1339
2054
2524
257
417
1134
657
779
2482
375
1557
1208
296
1480
1366
1833
713
2679
2173
1444
2226
295
1542
2669
2053
229
1224
1616
2003
564
2609
178
33
2471
859
2653
2888
1685
687
2028
2092
2269
83
641
2315
2622
2780
1627
395
1145
477
1949
2181
1118
1572
631
37
615
2539
249
1651
2140
2811
1034
257
1560
6
2081
398
1599
281
1033
2186
2641
642
2100
1030
438
1863
905
1786
1052
383
1266
678
2438
2157
1714
70
811
2750
2766
1923
463
2740
1646
2198
1558
399
1460
2376
606
1227
444
1726
910
412
2926
1124
1033
1186
1646
267
1997
1158
1805
843
713
99
2128
1292
643
1994
129
375
239
814
2234
1613
1677
752
1775
507
1554
60
1267
1300
1655
2730
1172
2154
2595
1764
36
316
244
642
1824
891
2524
1586
775
350
1809
1336
841
441
195
2497
1302
702
1350
89
79
913
255
1918
265
480
748
1436
1599
1026
889
1999
1071
848
1719
1422
1535
1404
423
2528
996
268
1168
26
2604
2623
1061
1998
1876
1651
433
1385
1188
1282
917
1936
1506
2301
88
101
764
2096
1884
2076
452
2119
67
2321
814
1532
1080
1682
1138
132
2782
1256
926
2547
626
1013
1048
2569
317
1762
2089
280
1082
2459
1874
705
798
906
910
950
1847
1546
473
966
2138
2117
37
10
2379
1199
1103
223
1156
1757
2799
327
827
392
206
2083
1511
1046
956
1047
1557
594
2731
2046
2312
2196
2244
1920
2378
587
60
2058
321
2201
1825
2498
344
1230
344
1854
1320
1137
2335
451
2473
2159
1691
1410
1087
2128
1267
2637
2723
352
89
8
208
2356
2504
271
1664
993
878
827
223
862
2375
2229
700
878
344
209
179
927
1608
825
346
1410
1278
1325
2175
611
255
1388
478
2546
1862
2313
495
952
1203
647
344
397
1560
1150
420
98
1228
1303
168
1494
2651
1971
64
1251
1524
1456
223
3159
