415
1304
686
980
843
934
1496
314
58
1591
2110
952
1352
2172
895
398
2084
454
2006
15
2
142
1143
1204
1429
1309
1230
462
626
400
1478
1093
74
1195
451
1461
166
39
1516
1383
880
1526
1694
836
55
964
146
2126
2033
1847
2278
709
552
16
1214
1715
2050
1747
699
1331
1398
1234
1771
582
1538
505
1691
1693
492
2013
983
820
2191
1610
630
136
574
1804
1213
1046
1673
1060
1319
1712
2001
1745
1273
1518
53
1330
2179
1017
625
785
1400
831
1401
657
1521
1623
1633
585
88
1925
562
1050
322
2107
1236
1128
1893
49
1898
1319
2164
140
1980
613
1048
661
420
534
1761
1667
625
1913
826
31
1336
1822
2035
656
2248
166
199
481
1169
659
2181
724
1421
1501
1001
934
453
519
1880
1190
2011
1751
163
300
2067
808
1606
1434
1229
1333
1335
1833
1273
1860
2088
852
1393
1344
419
1686
1019
1738
2028
1550
2072
1848
2236
54
1771
276
1314
1572
761
63
1551
422
620
884
227
2015
2164
1472
1390
1508
1771
2007
885
1817
1565
1661
930
1108
593
1493
263
1902
2066
797
238
2134
873
1405
876
716
825
1175
1223
1031
175
472
885
1511
824
628
262
1533
1607
1059
43
1794
1464
1220
159
1249
1665
1476
109
880
2043
1484
1177
546
996
1233
602
2222
1631
1664
1570
903
1834
1241
1059
985
1150
2063
217
2164
2094
1127
1622
1484
289
1167
1453
1934
1563
2152
514
1724
433
995
2319
249
346
486
335
1700
834
697
164
1447
53
1652
827
573
897
2023
576
1521
141
1969
1968
2175
998
1975
924
1491
854
850
373
720
769
812
2146
702
1111
650
194
1406
467
260
400
1544
1670
1058
101
1689
1003
1271
1664
1236
1410
508
1312
1909
1375
2298
2249
53
1185
1169
887
1586
2088
789
757
720
1404
902
512
220
1594
1576
294
1375
1001
2214
1656
1165
807
1896
756
538
1672
1291
862
2161
1088
1264
274
2161
1782
1285
7
415
1897
958
991
2024
1730
563
1991
2193
954
37
1620
965
151
995
938
652
796
5
575
2235
790
1800
707
1071
1432
1770
208
2305
1952
1131
1955
814
1816
1458
1603
225
655
76
24
932
542
1788
1195
776
2065
1003
1158
415
1662
529
1514
165
1444
428
714
1890
2050
971
1551
1352
857
1123
1594
188
1636
1274
1802
1009
210
889
701
239
1836
2263
1787
176
1115
716
803
134
1061
1676
1696
1416
1324
975
818
1457
425
1417
2393
2197
1149
1405
303
2035
515
1495
493
366
1876
1951
794
1319
219
1840
489
915
1638
858
1119
105
761
757
2335
80
315
349
2276
1344
762
632
1226
300
543
1148
119
433
850
434
1452
2276
1160
1879
1357
1433
928
1445
71
661
571
1750
1590
1774
148
370
1600
1620
232
879
1382
936
1778
1599
869
1983
1476
1693
718
535
1840
639
491
1479
1732
2168
428
1085
1840
1984
1933
1200
149
1440
2202
107
53
1051
1503
1279
1582
2125
138
1123
94
321
2419
44
1733
665
143
662
2090
1475
1270
1491
446
1408
1260
1003
2317
1761
1483
1019
2043
1357
1322
876
119
1029
1821
1179
987
1267
1512
191
27
599
790
1637
697
1645
2136
1654
1309
522
262
1343
1883
1594
1731
489
1751
631
1418
1625
1368
599
1547
2175
1173
1125
243
191
1918
461
1614
1799
37
1498
143
1251
476
1084
1017
2159
1122
304
1236
270
1659
2433
864
1040
466
1419
1232
1476
1665
790
654
136
400
999
371
1952
1002
2312
295
870
1640
135
789
1585
18
1569
897
1478
2181
117
1463
264
203
1034
2432
2236
1060
1682
1220
1335
1155
1636
214
1883
1722
419
1782
303
609
1803
1661
224
2226
1085
2399
566
1183
263
2070
937
1026
1520
2126
895
1783
710
399
647
356
1553
1140
1130
735
966
1047
1478
1387
2244
2194
1886
1775
806
593
402
1158
1963
1306
131
2290
2194
232
479
2253
1901
215
1168
2180
1339
1186
1626
690
1611
1460
2332
1164
1054
2367
1320
611
1171
68
1007
2031
2250
1266
1143
2108
1024
391
1484
1993
1541
1014
2069
585
1116
752
1994
580
127
90
1593
560
731
995
2349
454
1082
882
1492
1813
1442
704
442
1070
1562
383
2197
1318
1387
1047
837
1248
243
1529
1609
10
319
1356
1718
1196
56
1452
190
539
1771
2438
1877
1968
1887
2476
385
1301
2315
128
1827
845
224
1120
2244
1679
747
1719
1296
1501
17
2225
463
2001
152
1947
1908
444
1103
1077
1443
427
1359
13
1980
591
2087
1260
80
771
1374
1279
702
925
1772
2066
831
428
950
214
470
580
1017
2220
1126
2265
242
1680
1538
1783
332
1899
1180
916
822
788
585
507
1094
2558
2243
119
2204
1092
2111
1236
421
157
53
1832
1000
127
52
1920
407
68
1507
1390
1290
467
618
2231
1880
293
809
1466
1204
736
575
371
1901
581
2090
1787
1935
1657
1189
343
484
1283
1605
1498
1846
552
173
2116
1026
1039
493
1173
329
910
447
1951
2016
1326
680
1759
387
1932
267
1308
822
493
2399
2241
1277
938
90
1280
1534
2484
1880
147
815
1343
1297
118
1762
742
201
894
2461
2478
2323
82
1178
2265
1033
1666
1846
676
1187
1950
295
1318
1477
504
1546
173
1842
1920
1035
2172
825
2352
382
405
1995
654
1860
430
1107
2020
1048
169
2219
1678
111
1901
914
1289
2199
739
733
1086
810
94
1464
881
647
1419
1208
1042
776
1307
1768
1431
205
857
1676
674
2145
372
980
449
2392
937
1030
1828
2314
2512
2224
2007
2162
804
2138
696
556
1194
301
342
981
1239
1904
1557
1233
69
2576
785
2224
771
169
641
2340
1901
1421
1304
1652
1300
848
1571
376
922
511
1456
2277
1972
1405
1035
1771
2595
599
1767
1939
688
1579
361
323
815
1552
820
604
2398
999
1932
572
185
1454
304
74
753
1485
1748
1718
2366
4
1781
978
1764
1102
2388
340
1197
1278
136
1436
434
1528
710
1532
346
680
1696
1543
792
2066
1079
26
1786
880
747
2394
791
2464
339
1772
869
307
1238
838
280
695
129
541
533
2301
874
1713
1122
2250
152
521
538
386
2362
1200
851
1125
320
2462
1648
1067
1866
700
346
1369
129
1303
2223
2322
1441
879
2125
224
1764
992
2502
1797
2381
1703
1283
593
2197
99
474
2246
432
928
1178
861
1857
2152
1857
907
2075
1707
1398
2099
1506
340
180
889
2335
258
226
254
263
993
2170
896
145
378
342
1110
1736
1510
692
2314
2672
877
847
1483
1468
2048
298
532
326
1822
593
801
1291
993
106
1624
1205
1283
1112
1704
932
1293
141
466
1601
1612
692
2006
166
2354
686
1779
295
375
162
26
1521
2368
674
1090
1952
849
1793
2522
1320
1661
1549
2293
1550
1588
2046
2033
446
2231
65
1781
1364
1833
1441
1790
847
984
214
2575
770
344
987
1627
2317
2137
592
2192
1918
2197
1953
1034
1347
1488
600
1128
863
2455
890
1603
9
2514
1402
2394
1395
530
1777
257
60
377
663
1796
334
1501
2643
2369
1376
2419
2225
2151
1921
1574
1381
752
2424
1864
1443
389
1899
1691
903
1188
1633
1273
635
582
1831
2345
155
635
2134
615
1009
1193
1015
292
193
2529
1256
2381
2234
1654
690
2207
1543
2287
2092
632
1394
642
350
2261
1635
22
283
1500
1086
326
1316
1026
2364
2457
2379
955
2229
1666
1695
2405
46
1396
929
1492
1423
2296
629
2328
1501
2160
2427
77
1486
18
699
1481
1050
1289
2260
937
103
2268
593
200
2223
59
1692
504
1799
708
813
1452
1817
1996
725
522
460
1859
2420
895
1294
2511
730
1577
1974
1771
1034
1555
2202
1436
456
1633
1098
466
602
594
1583
530
1322
277
1222
1725
623
123
808
1663
36
2240
364
1435
151
2193
471
1221
241
2024
1969
1884
745
1038
1987
2357
668
421
745
656
2358
2291
707
1147
21
1134
1239
1338
2707
2254
1336
2353
818
1422
2715
1779
1044
1091
2329
150
1449
975
943
678
435
1183
1359
1189
2618
1889
1471
560
23
1010
1069
1528
1102
709
239
1816
1360
1735
912
1586
2328
1442
199
2144
1388
1888
1948
2619
1873
23
17
847
624
267
2284
2025
1879
892
407
696
866
2006
1211
2012
469
430
1769
2284
138
2137
72
962
698
1762
1293
90
196
2490
1305
2068
628
2653
1598
1631
945
492
2068
414
552
1452
685
794
2396
1667
473
2253
1854
908
1969
1184
678
1156
295
1243
2119
1568
292
2785
1307
749
442
2648
1972
372
2023
264
200
2493
86
1176
2123
1800
1057
1494
1883
2044
1995
1751
951
510
444
930
2007
836
1693
1629
2156
867
1306
1656
260
896
527
1063
264
740
2610
1368
494
309
210
1317
1754
713
398
1852
1481
1836
2564
1496
2527
2168
758
104
1052
2517
1288
2631
1016
1705
1015
912
481
1003
1735
1434
2248
1106
715
2219
2380
1590
2321
331
1931
2272
750
2131
790
2079
922
37
342
899
1976
1470
278
2164
2184
1928
865
2336
134
1592
2468
992
776
2558
5
961
2045
2410
316
432
276
1789
1551
1930
962
1758
1652
518
1723
1236
691
247
1913
758
378
991
800
1380
2657
591
658
1610
374
2469
590
794
586
966
261
663
159
1462
1502
1037
1447
1922
2156
1073
2179
2386
854
237
1086
274
553
767
976
612
105
1218
1240
1662
523
1830
2747
2125
1322
411
4
245
1719
988
2339
350
1678
291
1736
1234
665
1297
1499
1838
456
2077
1285
670
129
1088
2140
2305
790
1125
1354
2760
2752
2158
345
198
2271
554
2430
1949
359
275
2551
1501
1838
147
2657
2242
50
421
394
1210
751
1134
122
681
267
478
2001
2325
2654
771
847
806
1438
2238
2070
759
467
232
945
583
458
1634
881
1219
1563
239
865
1048
2323
174
1704
2646
2246
1032
35
1868
1852
1518
805
849
2351
2138
109
1210
1958
371
404
763
2053
1792
353
812
1220
2631
463
2163
731
670
956
865
861
1933
527
2421
1440
1463
1202
833
2359
378
1725
593
1414
472
1965
1571
2373
1328
2257
892
2463
2074
277
2295
1318
1447
2624
1689
394
883
960
1306
1337
1067
286
295
932
2164
1729
977
617
2151
1916
839
711
868
319
851
1246
737
149
518
2041
820
1375
1677
1986
299
1693
2362
2219
945
865
991
2466
884
1051
1448
1297
2371
1334
2118
1253
304
246
1999
1375
2556
2261
952
780
845
2632
1279
1087
1199
532
1635
1746
430
1099
2079
2011
1565
335
2567
2270
1189
159
2496
1585
293
2334
999
265
1741
288
1913
1591
442
1454
1802
1931
1459
1695
2071
1768
840
2692
1738
326
137
721
1112
1901
2597
2244
1782
1494
2283
1608
2316
943
1090
915
107
2296
1051
575
1516
446
2284
2582
1059
2693
1000
924
1003
1957
1378
579
339
1791
2411
327
1654
1008
449
2494
1054
643
2279
1146
1544
977
1896
347
2008
216
460
2078
1914
497
2254
1812
2212
1029
1089
2312
1947
2093
671
2313
316
2309
2338
106
2375
2351
754
1570
1121
1705
1915
501
2397
1030
1959
860
1853
2169
452
245
528
2090
177
1166
387
191
539
1739
2170
358
506
111
1248
179
157
2412
284
763
2766
912
1583
831
111
172
540
880
94
2179
2033
2077
1231
1727
1725
469
934
229
299
241
85
453
2371
658
2316
820
1410
456
231
951
2322
1821
2544
1540
2751
436
1850
1887
855
461
585
2463
156
1195
1953
702
1410
2395
783
247
165
1414
2258
1202
205
2815
766
2400
1104
1518
449
1357
2078
2253
34
2182
65
44
1517
2256
576
2147
36
298
1328
1309
960
2280
465
2096
784
2382
1981
2112
312
1108
386
1732
219
601
825
855
1572
1909
1980
417
1298
61
995
1991
1485
2166
875
2071
938
2461
551
337
1853
1901
1675
1913
858
872
946
2556
139
82
1532
492
1341
278
1827
111
804
219
1075
2050
905
872
398
1664
1121
2348
1130
704
290
2454
1657
1763
2326
566
1198
449
14
34
2672
2076
517
694
2482
2202
1860
434
1778
996
2876
474
1725
885
35
2198
1881
2117
1052
189
2096
1937
2002
2603
473
1369
1631
2409
2856
609
603
1056
714
2458
467
704
321
2412
2480
49
2571
2332
141
1583
2075
1670
1213
1235
795
1501
2227
188
421
51
254
1806
1732
2856
416
1986
2323
1617
1153
2488
429
1932
2260
978
979
1472
2398
1571
358
18
453
1646
2357
1617
1485
2482
1654
388
1509
1100
2928
1326
1446
709
1117
2716
760
2073
1624
2193
2167
2432
1620
412
44
1531
398
2020
1950
1111
2606
638
2634
830
2301
1481
1917
1140
543
1739
2003
1686
1550
494
2676
61
1224
2073
2262
1782
1792
1662
1640
1920
2693
2158
2034
2733
2691
415
2065
990
1472
1007
926
2138
1812
2486
1339
703
1705
735
1879
292
48
2573
1191
2427
237
2754
1260
1090
2014
1901
2037
605
2667
638
1823
807
101
1231
562
982
915
412
971
1739
89
2653
2526
2578
1767
2392
845
1146
774
609
1105
1004
2476
2037
224
23
1089
1182
2524
1940
2509
1944
1148
677
156
1482
1909
855
1759
27
1449
1881
489
2386
2946
1284
436
179
436
47
528
716
2090
2400
584
1443
140
1051
2090
27
1729
2088
307
850
27
1203
2181
87
91
2461
935
1230
344
226
2829
625
1648
603
2596
805
1384
1095
707
1803
1086
693
1951
1766
2245
1273
257
2361
695
941
2290
1243
1246
1696
641
2486
2217
380
773
1090
1338
1453
1260
1591
2513
1757
425
913
1784
2207
930
2380
581
745
419
1899
672
524
1252
1215
104
1147
707
336
1204
693
1088
838
247
186
875
929
923
1319
278
893
1388
2396
906
1332
158
1431
1015
1212
1620
1917
1103
2856
1582
1780
327
1155
1993
201
1666
109
35
624
1077
1045
2589
1624
263
196
2829
430
1707
394
1096
637
782
2254
2240
1656
49
2406
646
350
806
1911
1449
861
655
832
1359
1681
2108
1524
1349
706
1709
208
509
170
83
797
2037
1746
516
2306
1121
1241
2573
1943
2667
1608
340
2272
1729
1912
1660
235
2252
1970
2265
2270
2265
1553
766
142
1407
1793
2497
18
1369
236
1913
761
1590
886
998
640
1412
340
1633
1264
1287
2556
1902
58
732
969
597
647
1602
864
2747
20
1708
1892
199
165
1456
1924
1273
826
2205
1914
405
1942
1854
882
469
902
2089
879
1067
1018
1691
166
1463
2532
1984
1794
29
1194
1524
162
1932
1510
1676
1361
783
607
319
428
1354
1863
202
466
2265
2058
1356
554
2621
1164
2583
1239
888
1108
283
1885
1759
1674
280
2252
960
832
412
1924
1491
1260
944
293
439
96
1208
1420
981
2563
2490
842
1666
1647
3011
400
2291
2019
1072
592
766
1029
841
633
1231
2229
521
1452
1693
51
807
638
2705
2204
259
2754
1223
1161
1360
538
360
1926
2627
1011
322
1160
258
1503
1595
2241
1376
852
130
308
2414
1252
1801
2348
947
1930
787
2634
1175
2291
1341
856
1209
1249
1654
1896
94
1132
950
22
2406
987
2169
1726
1767
2912
1977
1722
1874
1179
338
1374
2558
1777
1145
1471
953
1365
1180
1507
1428
1975
1762
1698
150
1661
85
1167
350
1304
1533
127
806
729
840
1785
1175
313
273
1250
828
2269
2382
1837
2086
1788
1157
2685
945
1107
956
965
2060
1035
1629
1842
2506
406
1578
903
587
1155
893
1868
2713
2060
251
236
2353
68
85
931
436
2566
1910
1120
981
36
2601
2100
644
931
2169
2914
772
1537
674
1916
2166
2185
379
1902
444
61
764
1551
2140
1301
2305
956
97
2771
1371
1817
1272
2928
2501
286
444
360
1587
998
919
2985
909
2351
2471
876
2529
1135
1957
1228
2801
1386
3048
2677
203
2982
1023
2084
426
535
1362
54
754
2762
1786
1331
2430
1606
1579
1978
749
1108
751
1324
637
1941
2360
2389
639
1189
850
937
13
2655
756
1656
764
2345
71
1722
128
472
1874
1480
1924
2536
536
2538
1222
1598
1479
572
2710
1349
1712
2445
2197
776
1242
788
901
1247
1015
1680
3
1392
887
1952
296
2476
2258
1971
1833
916
1467
1608
2281
73
1126
1888
1894
1226
2735
676
179
519
861
2711
1135
1499
98
418
2578
1286
2303
44
633
1304
801
962
163
2822
1984
259
827
1186
713
490
1077
11
327
1575
1920
1807
170
1742
1261
1033
271
577
1810
1239
1397
1664
329
971
2384
1937
1027
202
1289
1115
670
2267
716
819
1769
556
1968
1597
117
635
689
2972
2468
2129
2893
2109
1992
2402
835
2076
405
1988
2156
502
2239
1042
2013
1777
2162
572
1545
1843
201
910
2466
1407
42
2832
679
87
1023
1764
1715
1865
426
258
901
1417
610
887
303
692
1337
2231
851
247
1332
2389
2705
1715
1483
2735
345
1289
675
1000
2600
226
782
2194
1302
650
82
309
1576
594
1683
2537
117
702
612
946
2454
1036
1782
2422
2730
433
1302
798
2441
255
518
624
2308
2359
863
1963
1694
269
2489
2678
721
1826
191
2319
2259
1208
15
1055
1387
2077
776
2374
530
1561
1627
1081
2769
1147
285
2106
2223
661
1191
614
2694
440
1334
1126
515
1854
1857
996
929
3019
506
1630
1015
2087
1182
1474
192
2517
1453
1047
2006
1699
863
1959
1149
1152
1064
1430
884
252
2010
880
406
2907
2262
110
391
253
848
1179
1169
859
2346
565
1045
616
2488
394
42
1358
763
840
2240
2666
1801
245
2098
1943
2796
1900
1472
402
46
836
1713
2183
624
2486
23
975
306
161
1199
1582
2410
2457
232
274
1947
598
497
114
911
274
677
1708
343
1573
354
2562
2634
1807
1423
570
1593
1781
2575
575
994
82
1420
1158
1379
1024
418
1918
90
1773
1093
414
1137
261
2024
2015
1155
2413
903
867
192
2118
417
773
2065
1346
974
1115
2863
2295
1086
2014
1693
2007
2841
2368
1804
1711
948
2165
1052
2726
2503
1746
1439
849
186
543
2024
1044
770
1629
801
1860
2202
272
1531
2514
1156
2316
1232
2157
91
2253
1597
2681
756
2455
1458
1147
1129
1942
2171
1827
1457
53
1683
1303
634
868
2855
2690
1587
1971
1793
380
102
1202
515
508
180
2099
2063
1967
1710
450
882
1270
1715
216
1990
522
133
2300
2150
1959
2683
2915
1279
761
1239
1595
2245
367
2466
2890
1829
566
2671
1554
2237
904
748
338
181
587
1668
1921
92
2117
351
463
2122
1396
1019
89
1931
2119
1183
2765
2454
1912
1763
372
845
2555
2743
1121
2131
1371
1486
1235
424
365
1862
649
830
1405
1118
286
525
1380
1098
157
2237
1205
1761
2318
20
1727
708
2888
966
1105
51
1363
727
496
366
1552
210
1074
12
1225
64
2346
1922
1650
915
1960
1144
823
1473
1119
1447
1764
2279
1134
2083
1083
341
1939
1746
2983
2855
983
1962
1535
1109
2146
1363
1021
416
2130
2461
1917
862
1169
1425
1387
2072
354
502
2269
2808
34
1212
247
2585
436
2824
1770
755
286
1755
2566
256
2291
2574
918
810
1750
345
646
1362
1759
2046
2148
2451
2316
1117
2499
2160
1660
505
2110
1952
941
1672
580
2907
1158
2821
2296
58
1561
750
1678
94
221
1341
1978
2354
1401
2166
1317
2531
1540
1013
614
894
1456
681
435
1301
2121
2120
1494
2135
832
1773
939
873
832
2641
2105
272
2105
1313
2341
745
212
522
1440
1394
204
41
2729
2396
464
409
2716
1833
2219
231
112
1414
21
125
468
2392
2217
209
2968
1188
298
960
2042
1158
3097
1827
1825
590
2986
226
1719
1334
2634
1589
2435
1279
1151
1958
1845
2486
1896
1159
3096
928
2309
2508
1228
2036
1389
1346
1428
968
771
2919
2107
102
713
2972
2653
2137
561
49
2673
1461
2185
913
2155
699
815
1262
1023
2939
2531
483
1953
1850
169
1184
2518
2390
798
1095
354
1988
1523
512
2475
1779
159
634
687
808
1023
1870
189
1981
1197
492
2642
2945
2669
2550
2858
2184
977
810
2006
625
643
876
2254
1554
2579
1821
1195
940
970
608
1614
785
231
1479
1299
449
34
608
2124
995
783
752
2316
740
860
1181
1813
311
1954
1134
395
2226
1702
879
2927
2008
1068
263
2452
349
1600
1665
1417
2744
1950
2039
2095
1984
1897
470
1058
332
2094
2522
2234
1087
1544
201
2868
1467
1653
521
2358
1304
659
208
1855
1547
2109
28
2298
3002
1550
2020
2004
1792
1497
1365
1769
978
585
47
2654
3143
