21771
13075
55113
14008
105397
37253
35372
11429
4013
77665
150664
108819
21295
271546
69440
58565
159367
239208
28731
132081
338205
183968
167103
66612
41991
146980
169820
15546
30729
191949
357580
64889
162985
214107
268014
675
12511
136213
207782
195190
241115
26357
249612
3710
37669
51238
7508
155806
320173
12644
13906
56585
182000
14893
358787
53991
294735
156866
215022
10127
22636
29723
95151
42229
48922
8965
994
93679
74969
46071
17200
269999
26702
198350
322847
44361
1224
131523
15715
124886
24627
10586
271839
45473
49208
6495
32197
25651
367027
150929
282398
69051
42677
107702
28058
19429
88083
99257
2746
34372
92273
200000
99818
27741
154795
2588
58603
121793
714
113889
44075
272732
30283
82297
48488
186654
14585
85995
1035
87681
113944
159500
11001
13866
355423
1457
73069
298619
1423
175663
65928
75539
11583
196643
46338
79643
43764
28662
56862
29002
54101
237178
1882
4643
253295
15939
69457
29240
1747
200997
81770
175386
186614
171554
177798
325328
161921
82214
97830
103567
8708
133726
303985
356086
196594
97682
94635
136948
228189
192816
188792
265848
43457
63138
34153
11600
224367
1905
257983
111322
62185
19594
107454
38291
249175
88940
136671
148299
24178
51107
50080
13196
171773
194044
222569
296395
142078
42476
101637
53601
1827
153780
121082
167252
107761
133863
11812
16962
17058
163209
184279
165418
79019
29436
241282
61020
78830
5857
53302
2579
232548
248350
150267
178767
10942
153851
8104
46472
11216
200631
91131
24177
130273
55794
53433
114413
16922
13714
130831
2896
123581
81073
5521
24221
73588
328403
318960
130195
296861
68317
92743
168511
176183
3718
214641
245042
1664
256822
190049
355811
187335
111787
89382
98614
9081
28705
25235
130329
52898
258345
94642
89790
151310
209295
24793
393377
351640
169754
20340
14624
165111
5609
124270
70713
15502
55268
227823
188459
248737
4216
185172
349364
15178
89416
11642
270093
164439
13355
113554
201292
210143
259759
1480
141947
23951
105278
149423
45112
43425
31956
1889
251111
85840
86956
101632
324480
115272
155276
16403
19510
186546
185288
110443
20433
309309
44552
290668
214693
185347
222983
240184
141058
280313
7913
162368
117608
175488
332566
197226
8444
80843
16064
376713
201810
22277
98852
212678
217922
57933
29084
137954
32632
200603
7779
10101
12872
199491
75940
4827
7101
115926
94087
67449
27016
175734
142219
230853
208904
27024
73066
94976
6725
186827
996
32023
35019
84414
210481
2080
30189
105341
49389
73623
108283
148588
125222
123442
179060
71241
111507
67489
31890
6091
314526
25400
287359
92352
50781
175213
88684
21724
36568
14292
1980
50979
180009
293
9721
5548
87568
121998
81621
87256
29119
33143
55163
75605
295297
178594
22761
22214
170148
151815
137618
268075
85270
144909
131878
179731
193567
19618
104801
28137
43818
162705
23546
304767
93275
37847
89631
21402
23210
344717
45823
58745
295053
127472
250106
257
43253
12079
29275
37810
11001
7863
207584
158200
101460
237351
24581
32840
31056
95471
86840
208130
250922
414446
240242
300279
190615
26725
130567
154168
141224
91778
296048
4408
36918
152763
24140
94674
261867
66470
72999
14742
157865
84011
92759
282230
89878
14375
386646
82498
121274
79828
85130
139595
225356
207497
578
199945
13730
68333
135259
126212
151405
320822
140279
21863
187936
184004
131923
280880
25052
66989
165
238
13045
832
7311
148977
192104
412120
40726
307917
148480
197864
49979
72546
121442
39614
33061
12636
36689
90669
249720
865
243869
68478
33302
23097
16798
4650
147820
11563
3489
164762
21520
242797
67110
13941
19600
63081
4114
15968
339473
63503
147233
289011
17644
299912
54566
3086
13215
20276
152721
219909
45773
35485
7121
31240
88774
272453
358784
14403
131605
431190
30060
269434
245016
241576
93847
330566
37242
145172
173009
119743
90797
123524
61235
1740
11135
1291
4454
96872
163414
41237
174810
193076
145968
183424
148302
47343
20055
225686
173241
108947
3189
112198
26350
90700
270253
291359
205368
303075
89408
578
177566
30064
205746
81461
1235
31627
288843
193171
3770
105305
174872
227663
134865
110619
236191
21883
22806
351252
22176
191211
249118
271606
196616
116242
324970
692
67444
232769
402060
74771
27663
32815
203205
47469
23559
79396
262455
161944
390191
125133
63144
101420
34792
60142
53891
340305
125309
147363
80665
68102
91097
140309
159911
235723
72544
56568
206487
313898
55979
283621
313212
45815
202807
73819
230798
25338
227175
523
205701
154618
7621
146748
115992
7703
122464
6755
126602
128498
15079
33749
107820
39855
162889
76348
239001
73728
42201
2808
158405
38789
65923
74280
6973
24186
144173
63194
278594
64920
83963
12363
169742
42605
14875
100702
1526
28525
15042
9858
118853
173884
283860
14625
216814
7034
141180
25858
38945
344413
59311
113212
93573
2921
20463
300928
58856
89832
309244
317207
150953
272236
98262
68842
163794
61624
28085
16945
387774
25794
198196
320622
60495
132860
31866
264891
260365
139257
82653
38409
22686
127993
104410
251164
278939
264920
5637
186042
37599
35308
241916
82301
71371
9263
243732
151270
26820
299092
99719
280094
65018
152044
7448
1151
12146
110758
42471
376517
54308
42910
149668
174761
300682
107297
275562
33783
145389
2781
32393
328355
66050
18082
198318
78485
174954
13767
248630
188210
45170
61834
100116
325601
70136
14403
1748
142271
