72404093534
18666298606
618258634960
201914449442
3164503702
296403302803
226760424588
24125105614
168007942159
385319568532
17965946592
51397836553
16985407047
302359705111
578732842698
110721009828
372829531707
291396668381
688831555362
506482128218
68970359587
276504044802
212608247391
277847970037
53786199224
803078704928
488225917978
24529846706
30077884443
23248429264
301167533225
314759129016
424242876398
214808176578
21785478235
8698806785
237268822299
290057347815
544566679265
163338989999
369837683367
694804535369
86821996419
170968661023
20886083623
23752407337
661622367119
135604017368
1705823391
93342686076
84770876526
409387469630
142997555371
51754958620
212808999611
262100422838
52773762324
176833355151
197258093466
23421868617
47489279124
186340854059
164487569018
543901806403
215339748610
20552121306
44657015486
220843900181
21573211653
6770406334
708426231359
137750406543
76544505554
28628403865
11532436162
494241468939
833494767202
215520443181
12445048873
369299688676
229296050933
332224426662
388837781930
5631401919
67537626979
45510080087
28056086183
42004880852
85710629145
241117820319
53011004478
470055357888
497351679695
101112235041
366879603065
155077813315
681139226244
114985786674
123624237483
7345187101
543448863952
193501940376
88307575698
253856655151
241122018911
70173080228
215154205681
383545080389
353273764001
212807562646
187984283138
27884636882
205572971852
397197416788
8808826025
386275722904
99526975069
11318775686
470082596829
92655699626
183700537004
18046785195
272230388099
191479643149
585569039059
376921629309
103906565666
765865662997
513061073898
360486345953
65294034820
406421777135
348528080357
184439141984
594085910078
300757322257
750222791203
55667484921
6070420272
216680249558
595463343612
275147061769
287458250551
435265904607
292637752508
396272873361
13954061278
188654685437
54457707358
592800892212
2238961301
276807134718
324022781432
217797127212
495770923402
363244556349
337663973058
263108666404
546244927817
331347349273
409190784885
30065939406
21491009394
522354096817
32804715639
612671845053
271174068879
238816740512
75223269980
72657597320
12988541345
385842032653
283307116794
144062443544
113188912483
19384809117
7614817699
2804499748
456872103749
534352640130
431028538047
473322367232
217426068150
29547338060
44227758664
214144597100
140080018760
114947274458
2569335965
90253407443
139305114480
2030352854
687025181001
394851349911
184360003822
601454080257
2073840618
135004736874
854317592647
550726050880
388143127176
5098771530
452590662711
117699005248
83415494218
84307857816
87271224122
356463197772
155512096310
818699317905
1677743764
31960694209
10832160758
4379360016
8142845527
178365545619
248988710730
167565906909
425682676541
139971580150
20079999589
220957683843
813428812237
698322485916
10208232326
365367621784
129340305883
734545040161
140581474790
366906122168
198309086116
621346503210
317435145350
344055213660
472668695
295327915594
514552361423
325362323401
579851714879
541253057708
92165656426
98314288006
2319047590
282488284643
702323802393
53696825098
291749242909
188217050610
11092363294
245159278646
257717037682
17669680102
263306899237
629988089776
254840042975
351359165857
9671218976
284909961434
113004764224
261819412706
277516180888
90030872299
621834536908
100844374081
265412286386
33771508994
142987868230
191845420860
259792508442
249287252878
71510993675
95982130618
245552883084
6054222286
654078306127
57126452985
683270735172
563110494052
213973607990
1959071171
500336745063
259430150808
12819446219
19926281326
186812855948
348327261336
158122282090
219114331322
201308312908
534775033668
7231264668
12618582977
126287082084
124360356254
78075874663
279470154591
107974456395
44722947831
102679239904
226853585832
24023729159
90611548125
328498169002
46082511707
54870815542
150000062930
656554670480
133567012335
228025789650
764204431937
61592728390
7688316085
450924102656
21457651386
237692066859
137682811094
7215647390
347544437844
248617089713
178233662802
357603565399
51924367180
779010820697
349344590185
45991903170
368353358327
31736773742
31060479580
149975991711
62083268314
29006120228
239387676223
223271609844
21890492065
138399112265
59744675022
422578286501
287596878661
511433770754
53079885302
320613181880
605493303386
476642248245
123555889794
412772664740
27676185396
180843095018
61625365518
1923916791
328523293383
144839377260
67612393528
52733990826
446888664465
117254494420
67207841545
3147014649
206728600509
54261077650
323178118645
222679626479
11704249932
57577710908
844821441093
339491279130
760357567
142910805126
352823920464
57535500783
671520407456
333203603387
126480434628
122473024505
811384729043
50043142547
354448798502
255659882703
259426474754
59866807134
92787777030
503709236702
296530059467
75191111607
19678192891
51270571355
371699948072
86060342462
186379476367
57853109305
37859858752
275814369714
521176570897
743212969
16464183611
377512200772
531553446743
14329889446
1311808731
98941425825
172742787244
122207792432
32896076037
138062472252
101225648772
26788064922
4996170583
137237952400
20498825493
182997719281
461148963546
4381417836
456110487459
137411932347
611424491822
136333307615
157331083271
607513628460
41643626018
180792123105
142564686834
109818306879
263989329240
2513355501
85077480993
187683102254
161883708107
538384971980
117026782156
128454422208
270341627514
82943847912
58239033624
211449379520
360126755199
509264189
645618643973
398626893029
114971542046
348957254679
178121990754
241145020073
309118917125
231868157298
516151930087
300472622182
137074805024
445074050521
70810352804
537777303803
84923175268
8560195189
249458039159
227262542732
6252414981
288923412631
11021680002
20194566795
264121477052
447624688648
81764003822
164484539780
520127035510
6709292591
83018322631
69396137383
439078115760
444970994427
175342074026
157117581284
1687287492
130276928364
109127964820
341293410807
756653342608
209359601785
420606383257
409092344208
510212847255
92766528762
33716693929
584102835383
627978751277
343384077454
1271982433
30381410482
324678291402
567112665460
118002598410
153325825773
348637317620
26981478896
196561324337
69639055536
406434194526
98904439518
478773430718
358658098911
198135542199
355825867475
191831230823
182602393711
84787478018
512587654983
84465191129
84843685625
227118965428
208144206290
106379980614
90936481992
343342551951
7522381108
262080522997
111670362781
302718981281
146404615173
130251431959
452752442538
20927357998
255227017498
444536836881
93841742459
694931145176
497303258761
158157744564
348429975178
53960880459
99586136307
106668267917
264433247262
50830577562
501689352263
414026205411
748820666
61762370171
5127884654
23409080311
146829280529
45375291891
79566722551
108081493519
30954456303
185778916994
395830369347
112818011883
115111094652
230260966907
107691470166
258695712159
150067898135
350303641735
1465176730
644175661859
353732011093
177205136395
98482619150
84666622670
61822161164
283616360212
61079131799
553854922529
157325849989
194589932479
464946295172
429417375982
26136304795
48535097201
89013896556
396264625615
36991507091
38317192076
158141219841
767330100772
582845356825
1678412147
831516685331
30050048032
58896626039
193824190145
533060723989
715928520383
51763297686
132329348965
91859762680
34283943054
19705071664
305668518653
72351466818
482167331189
406545271741
220866508053
534822865479
48748166669
283861189508
137946046459
23139117922
315433720988
153875525931
50440929279
25193220083
123965497015
474186980852
30561913198
249148614237
41072447482
242978116346
307084191845
57134999716
62790122806
9697658932
146567435256
132074678370
17668468461
233423071881
297382006386
150837859125
148399089338
473861004442
85679599580
200479884616
48459345149
483812821795
58422636889
715371102193
732071747424
45476916258
256864839113
378704640036
88283773521
230855438732
65101563454
194808592571
8054093900
165807679041
254765360991
5582597714
300226722742
144675935960
17146750094
247469459667
115648097863
151754730009
419428186870
45676027200
68939852779
383251300527
725280291
37907794572
112103035231
609035984315
6061350635
127439892533
122614702559
260142191416
5073608674
260524614458
47078745731
95469346767
63295043794
404960395042
760092246931
24699120207
376984325820
140013512139
34400122058
18659069982
355844261578
439473859939
760342817017
64864387760
161476791214
46884288952
202372044292
261039067206
2166200111
58770896447
103513476262
55148855547
295790537493
131679314531
575496260556
483449759039
280508151812
178727038001
262643348244
133093833595
82940010547
454693655873
533045558820
158601827234
681520026775
158406208713
435208121086
32957680574
279401932802
422173223941
172226513413
22688470742
115688529411
326068720047
23998572918
140780435345
176849681391
433749028752
216815729986
233985107454
190719608717
154679497476
452877803643
543294738542
51832585492
66526567194
226668170409
575964436739
383974907742
587703734998
161451143493
151242983262
55153288353
40073780238
322682183649
103374206463
396311184871
6342434209
23546873590
169026355682
107236563633
200039098148
243260299681
405411748406
4798637233
722520925980
206657938889
148528053998
318948273344
128221109894
367310497916
315681159628
770884084133
506262169107
314249240582
177910859375
125820468244
232069872426
86698809689
317559502426
264235428179
614628853
743131060395
148115854742
63111411302
92176694648
227039672730
141253927966
37556783869
6906132976
281833493214
16851861349
63681410138
58637951707
458207613866
70498053429
330136174000
174355922970
58790525296
137492119384
109149607688
71228711145
520179337076
259317732734
180258472032
283343188685
120552275859
473253316924
169836232962
185184185858
36416500641
94743839556
145605009862
60640604909
294808657368
26197642950
38727787100
890637836
13682599077
138899869322
154168664495
95850914093
54592205024
65971562591
315094046614
118756110903
307785705133
25303094296
164335531523
27043583672
8357548701
7541004967
158094419824
88496287595
472668695
470865851338
543178007047
465307957657
400939923504
95673242412
574210923139
254294850101
101293981243
299716647671
306702575355
450281575783
161126133282
175981863334
85957134260
32633339500
28883247990
317984084795
129551364673
377073880806
508959688329
226440135310
126399858879
270816555024
283665833329
1901519081
790133209460
86455388897
57052976015
239869337380
357402939233
164544183545
66448953605
317162418161
309959302301
28425129950
442611291294
308652427302
12480176681
245218506161
9185157665
38350551675
12837244161
351909093390
305329483545
3260209767
160744451263
150750750113
118947388125
254384547815
154143436298
306914573328
329826007830
456641879095
118492475242
13438311687
69317704601
130725404704
163505512441
7077462757
70812826358
110953626193
4718158330
283930693895
565580431087
93216225670
3947563690
28541122676
39164280509
298247106476
76339347598
116316012064
237450293355
13492841310
125878510505
494047648679
206144111420
636855049526
146772137601
16761313451
376499404276
101979762543
358270453440
5663097579
627196806161
17341609970
372955827964
577297649185
82752030736
26012986353
103835014879
22769634138
134026737583
160287057867
31522185213
73988665514
1037137700
35128934539
108120670268
351376152916
183689565446
82218807670
266027613610
88393279332
103215425129
346937927536
276056935687
10402988879
99623863807
481908465585
488038051916
133006297269
167000310763
643319547215
13360673367
89087464274
234051103672
310715645772
1759024658
460650480672
428373124646
473749606704
631773495539
119643529654
701462376982
2962330657
85401385281
141946249616
449313679238
54815959533
712965796885
15788399613
230343329049
78147277168
265872873901
46564872826
513264797862
95088689397
355851774972
51445215923
318603332333
360152034616
482010339726
247012154013
109103656344
280495744307
90887236318
341314486155
98612078479
230239709534
158825925928
145910312793
15692919629
15292383312
120095402538
403518114041
136838997167
9565013583
699468492225
1908394315
575287852450
78642330398
433213304658
95860012731
8694371008
128416700280
38628501296
363879161679
75090652179
55014233343
126114348275
16129420639
246003466902
1705823391
114540207780
14246555776
28735648328
324277554445
231085117029
17988126444
506427642464
149417656411
7099836125
34592280127
232467320308
307254743878
39437893451
79963792654
234388790884
92297944222
237467745674
563308748846
2502924645
207184346631
4084224773
9392261861
57061458362
315253856170
531975375056
246970575440
16274746995
177148519835
386229979452
332010566573
466127059339
2631354060
301270925854
118451911203
228416111716
8953343899
206613953308
336269018495
162753642833
283821089418
342688408056
62452719192
99466132865
88344234823
254391008786
277126777899
118495876145
2359374090
102879472024
49072307880
578662060013
649129205747
189039141381
567947690859
288885698623
501680546893
56357245985
332816367334
545807093301
192586225781
74279218422
132689742833
233917986798
5459854975
272671249212
159358590920
45975646449
37890789146
247096343134
162996153998
45375870855
210618182226
230733766341
108392286934
223181979924
67608465513
491222921570
196809917417
603436350176
395420313577
19296793795
121716085698
155571873491
1579165921
344397261934
646811847143
166324127631
165903182641
336316548319
49100506035
525114862892
493650473477
362231093062
155641094733
127521077727
32726272304
25390732081
20264053646
239696392512
37362227189
36922848220
53089525361
42404482906
55438224441
16408914907
77688293214
259997372315
235648047112
202667555590
21364856842
10385333812
388762950937
581132157611
40345522893
175589453428
10913556580
78289497587
215733161422
822654247
54615945387
280382940735
24717127287
87202029896
348210897507
36665033819
139385484442
56966463548
214964174816
93170559041
277615545938
79124123005
70798484512
29673701770
294889295863
110011722979
215846970157
100820436372
315872492208
195598146482
247992025204
410041886892
528162960195
239058782058
90653966358
124392033700
26142338991
65522332945
90974957998
515229103273
155219066344
75532768040
140255527438
105862770781
28432072487
3350112629
103500722070
268902860577
169553568309
268315721652
13358109931
313284704656
233705171544
79489821339
39729322443
323575791922
354325708049
210010213095
102795732030
136623430471
561698252845
443831662932
134809302554
236406280350
49045835340
410251879651
63861369522
164548167211
94721679653
449759063827
227328057737
312434700377
286811208194
83720415046
426127511426
243303446881
154010820956
35304266214
139862514299
398201055993
1461099445
15083278229
324019673646
334967125526
290509624033
8559166218
180060788966
344210209438
150590544274
13392967446
131354947507
23557885680
188806749502
112385263787
16159489057
508095401749
74599843416
795297628030
660481800948
60662549587
411669022304
99704288564
21806623059
532176421396
160476765355
37631136892
455332180360
288510943835
151088617871
715800898002
784599885102
233336929178
158518422852
192623812291
20142489598
130053387099
286875026567
481243728827
11226529493
133533057290
537768040862
124894474454
15995113706
409561199801
56680204200
46632714999
234081249261
102082174178
315497606892
116957813839
105460207940
188549384174
116075161259
355073634494
254762238266
107375608455
498093081172
38708945035
80451467517
20529940894
695239688713
153690018887
102331228200
189871234088
16872286158
314206141027
71687247051
79155613989
35610402306
124781820775
501728649331
120733192349
337786169803
207594195027
498112752908
366645879509
176241441711
140966592519
335114884960
172443678636
207817508609
404275099571
85505655857
451128915754
84016064624
675990555962
316719778138
26601461924
226119648784
8016509790
451160113601
44512668315
315117484033
14357997938
25233136158
353007611135
685548862450
741042580963
272455134524
289783590991
183908842415
165390471926
6497786553
582293379678
211306117630
57599857692
104515806697
37595682804
99326709262
11528089222
47390281212
23283478398
469509305865
148603838241
43497365379
23810888873
264919162696
438873392851
237285717440
105676166267
33716693929
717204882070
204845293055
15003851754
163340368487
298188595002
122606292635
211512904158
340140159682
131378716030
216452893655
72619199203
52676199641
17839073082
218461034750
251168560407
228659272025
138443758396
82316249349
113265150206
368033820233
320790972571
409618049236
1598006969
179178036186
53526239361
27617689997
272353990310
429189052524
201180867431
49852039914
100520459917
730528493696
167381243860
120003687859
472668695
29865089444
787246522490
515101107451
774251374022
844762888924
189460666948
211848475795
4531594126
487990759949
504288022705
214934546321
375159123806
149531580865
126852993222
37102072312
362556740860
187478150104
10238607336
436862839363
95522196595
183399072270
48826692427
17529721487
54533462242
169817314898
189818617210
56669948300
96651422532
98680109269
122647276104
21045970699
253856655151
341398567238
233539868621
362218330270
612504845578
232780170537
399704601485
77165587309
255444142069
134877085507
98223740159
262921988639
12249008218
274245872155
47148377409
170876983864
45892853248
50507253050
66637178571
957002725
114428120628
49398140125
39248539076
283945884834
18381912495
182880074466
239160801811
625118055609
79303415265
32123462141
439578536082
613476753856
138449857974
216086729154
58590610467
15556524658
785589998355
453036022734
229623616058
101521531467
15371048894
220630667166
63094461395
494258533145
27250184193
314149392762
93520813224
22268097391
104120840924
497069932028
88144200132
139857119078
73744723224
65298656206
324255958598
100857865491
252484807615
474553463182
92553718589
103881950790
328086397835
6400759819
207159891885
269694959846
34630721164
181472218823
544883929104
242781109254
33448398474
265582345043
168783708325
64872910082
180003041008
577390398308
150235250138
133310039990
258926491748
268947400038
57710964516
238188885976
157946635970
468306900664
592005439265
12693153045
22069474155
113958403640
54240526910
24020157401
7280093549
311888698098
882060279374
19596860260
154667052970
389663670138
81126924762
348154189462
416358793216
418341925436
135560448360
213960684344
164479153373
224064397754
100551654535
772030469922
236868042982
81849593051
625559172302
192763291314
402935580703
428556096976
498731878993
215991560782
327384953051
299267414309
359476735373
4753119321
525849178507
343331798702
465985724757
470359716540
23571111403
92794958609
49797310536
569811816448
25207515587
128389670148
98055046697
473578588937
673537760933
90335551226
604698817533
163409603433
216807870309
504714793321
55821108139
18162628017
28917765139
3435564384
395602786446
206186186893
204266390729
272518466346
673897014196
415564159211
191337019112
171511399346
51788769918
111012116562
249186099865
337393432027
318917344057
263864000635
53066942242
160919489768
544606532637
371184610063
61608714622
574305386718
267337474851
215332734136
159747138378
13754370108
176321521752
330946739050
601685351
69538536004
271785971362
571914473834
392785673193
184492797517
459531738251
400728562306
178824059849
90793904129
247425826032
29616267209
99718320442
126835434877
229576126553
220928158837
351794563516
185711362822
439652137329
434324484276
455564354415
142483391981
22600856459
365556464329
65087509561
130228985637
134354531819
83080520273
106123051882
106290333757
452451902323
96599212060
135537051090
198862177145
4510021166
95389213779
112843354055
111962383759
408149799973
532338131360
25714715968
65629673850
364569055140
190116736933
445303607671
551908629963
123259000022
508142502881
660070308966
214774070267
75824120936
13157693266
182328679382
134397358776
426215258978
269048067506
322813721929
126477993068
188356599961
377459193720
104410309494
495572118507
276204776194
636423159
165477180329
221739941209
31394646442
378307085208
195167168197
266172480172
157581995802
2145844532
99930194796
56546177999
330848339953
54356828689
82082714604
185793978364
179120556995
18645785361
604966494049
175911608454
113721905347
32148995028
665095024453
553316261934
150770396334
299473177920
418681530569
375778516703
325378410516
264236139933
47973215879
457019883552
173914389108
60918873482
26998004379
145622625678
99545392374
170194737282
616942807378
160047429662
255238262866
36319912306
106052606296
102175377695
290590598004
85261635119
1634093799
484820628536
102486460877
42530762478
7469949292
169204470223
143707568079
9216928240
44845296825
67178960162
313588391841
2759461345
190343337274
207036401107
429605512952
444698600774
444001588830
213675527528
19129203877
347969932694
6449367718
53982952100
113228648287
411625235995
59041612955
1673673911
262542895259
333250515476
35661842249
547523640979
58065930083
477979668195
161818318335
75520393973
158394135904
122683081294
79135411498
8148791182
246518387856
240626336234
151401457597
287661772594
32024079232
395755813522
22808455946
210503158672
594870071174
190136710944
621203450322
282597923247
133958799942
69030843873
59576705573
113478185641
231631739537
436971024706
228968298686
85027992602
57239354675
432526565225
400905479422
63276039382
53476159759
36866891567
430526347335
56559040858
209002099944
112045395966
386721776991
350452207078
139771387988
442169292334
177176707579
140401726767
136766671867
162813959544
169902380292
114969538874
475345084733
291150614661
655476558300
204293970522
102353354975
132349283382
43796341737
19594756505
276798940362
87288312953
437014851993
383262722730
2421625116
145223083740
241104750566
138292492306
349598917832
337256270870
7104854815
226649794742
167759800943
96411550433
128958456981
34798049665
148505286176
413697606262
407257469758
7888203796
281746299155
258063896465
86167863585
64133699273
627435495806
21363360877
44114650821
86310829161
200678728770
128958456981
212676395056
206007767559
39531604477
631103318672
36805273884
338302720206
127982168818
481246961427
306083048700
212841153577
405889501090
251829289260
135957282422
240645437823
162726107353
87826269578
436133858665
697245212350
390927183199
58226551147
126401863468
89456209013
649558544783
355088478163
263075367435
318311385933
542848509301
60543410543
