81246
22271
170087
145812
129560
211810
222909
45782
73813
13268
181851
20235
181983
309355
5940
116816
269683
124021
9648
101351
120677
47262
30482
97644
120606
11584
214760
31996
73375
209068
3465
138117
209663
76988
48731
175073
152151
43927
204757
127679
126788
255668
60404
13874
166513
377893
238498
35124
5202
119962
283088
71600
9013
5552
58368
180083
16891
67594
115158
164215
100973
176411
83166
188975
26852
297279
130158
17908
51809
77519
21095
231504
973
242593
279136
3391
109116
187339
66224
8161
9516
299898
331466
56211
239476
160322
51397
321485
75354
79115
53538
124281
199542
74099
216060
26501
12021
334510
148409
10364
268173
174711
24635
150040
27300
279751
186425
76056
63321
92986
53805
50462
178648
150480
21608
120101
52810
93152
98751
227031
5519
136793
1186
50796
284283
9908
6071
79607
8587
26122
48148
25828
42213
33187
196157
454
203620
58553
249513
8988
101273
58748
53592
158860
6253
20262
128483
293167
7094
112149
41908
102444
78780
328644
104782
31797
211657
143201
217895
64943
83074
21201
224179
159638
250601
48561
13214
158296
11777
2613
36152
21964
284627
6903
30395
48968
135987
15429
1839
61036
8887
233043
155868
73215
6238
177219
13173
1175
26636
37989
332785
8372
95224
262853
40425
280102
80005
118963
131618
4461
70320
185478
1539
274551
50141
32795
17449
279760
12291
192925
52658
2567
248111
3459
102159
65206
12957
3465
70060
226947
189465
101603
195445
91006
59063
121519
132609
57909
134552
76081
20703
238882
218099
71835
112522
196333
4258
379921
138181
79368
72252
11252
19483
215567
92193
59443
16823
87580
1100
275860
185701
16085
249256
256425
171969
19211
29286
54317
30788
33551
10028
207268
3230
123336
169168
124302
146348
22139
79211
51653
147948
16062
142148
174513
174174
2503
108668
16276
70665
20178
109542
118852
87825
113348
138077
93914
170509
27366
159506
253546
190943
828
19908
113152
19874
156976
135047
78892
310412
364780
133762
216913
7542
32836
245688
168509
298688
171677
15423
65476
36622
9806
325302
146485
44180
44045
32550
259092
43264
229936
152792
54699
69275
68283
151405
41326
108331
158012
74344
55659
171709
947
77951
98023
237298
250825
53697
149070
55935
28501
73718
288855
94942
27239
28141
82047
194775
196001
58106
135215
54130
287811
278220
48967
28810
43061
239362
124835
103770
62572
247596
180527
18104
321297
209833
41211
108313
139990
276897
23655
175679
44032
321577
44340
137627
66224
2617
112299
64684
73225
116078
191030
188615
46209
33753
2211
132023
99423
39102
42529
7154
3469
60646
521
200150
62601
138093
272106
67715
51706
96680
60417
128138
344769
71823
51775
3795
40537
26923
19774
232647
178228
15929
55450
56176
41648
66911
54855
100416
22191
60701
69249
299283
95523
4543
20747
68515
101008
20808
21962
234437
140356
80545
243360
3169
174875
9544
130284
224898
82581
17706
12311
43080
225241
36747
187324
110434
59144
26145
49438
10468
231675
35914
109500
89527
2513
24257
34207
218791
88629
6826
182294
54630
287731
292896
124839
107834
1433
213559
141638
65171
162196
1503
47559
20159
182342
35648
9435
300218
37385
11257
88831
159559
202899
71408
173005
24314
20542
149721
17995
31861
38854
248123
23003
83748
141553
95813
262640
69486
6871
286557
40506
91650
498
247015
298027
89763
264199
9935
261895
1965
34187
23505
234805
122592
279876
41908
73252
95088
53679
4780
44918
96506
8023
190102
70573
321175
87784
119013
118012
61277
68472
13460
304642
37388
144278
23399
68234
39721
17093
74976
98298
181254
81465
37546
17176
27819
3118
323607
20161
393637
2756
42056
140540
185720
4775
118992
159520
25063
36823
142853
39381
206988
1095
11977
199039
47984
221358
190142
18341
111007
54552
63662
161144
8378
22108
239589
301496
230787
213824
72162
224417
69520
24329
4241
1755
133782
29297
161031
133534
23893
31582
274962
10831
174304
137997
181472
1374
47444
61717
206874
165048
61555
130732
198139
157964
66134
58880
10750
303193
240027
347775
22039
87126
109406
24579
321385
42869
53439
51371
175924
167790
258935
1413
15979
192954
106363
10673
120407
314856
176708
108749
149310
186840
191545
65649
253525
53691
364044
4662
85574
216997
245605
197668
2430
378449
83224
302402
170753
76251
158240
95650
121790
100721
41521
15884
178459
29913
29921
187083
123496
73890
274072
32977
15923
166675
89072
128874
4672
18002
261943
10763
41096
89182
147983
53583
53
207517
108175
147386
155766
209094
96903
69340
23998
10505
20770
201713
148501
2523
193562
112158
29904
132023
203019
37748
132857
92588
100220
118492
96517
65002
27232
48518
84140
62188
292688
137695
237322
420
262782
32654
169978
146663
11558
152402
1007
45296
27044
242226
8421
117105
66553
199402
108834
40542
106329
14314
160098
21389
61009
119742
40028
52551
118058
2863
119472
32307
88697
11305
41427
255634
139048
48870
131657
13653
72923
24604
79676
136874
44424
65063
84218
192708
258037
196730
122878
72495
3277
5045
210
33626
217608
130228
2697
38310
236385
284904
11074
234838
19408
181680
29298
179378
105697
216376
304118
117376
30559
901
50610
97042
5045
244905
142409
135959
68117
153736
313275
4452
6648
6860
30426
39472
32039
41827
104631
75044
87122
14270
44559
26774
228330
133174
174260
148713
175899
15574
173998
148377
39819
36151
26347
39689
102278
4704
266607
132887
10166
111619
176419
49684
15969
34513
107786
5052
132803
222945
175671
197744
97605
369822
184356
68803
38194
15966
2805
4941
78723
36141
125651
12100
78656
16417
67708
153457
8230
352697
109529
9889
12637
56420
54536
257575
251493
86071
34364
39294
24828
18515
170260
163022
24233
35442
69775
28276
5385
64957
78441
38091
139568
37281
37216
102706
128418
90467
54894
58658
11399
319921
33819
943
187851
1627
14345
73126
22804
102073
149847
48302
6725
24535
44482
144640
134343
28495
14373
2246
36995
61020
21627
265515
134887
381149
313861
89115
4104
60608
184281
166534
94676
28087
164832
4622
234436
8514
129922
47668
16720
79568
300543
61650
210319
145485
70674
31496
104602
