390936
400141
448110
392858
453103
387320
456339
424724
402384
439990
457734
449466
477814
469535
472729
467569
456211
456062
416599
450706
396021
416527
409767
403794
420998
405097
403380
437802
450940
445912
465865
434890
404071
458928
445860
472399
438745
447191
437721
415197
462592
468913
430645
477961
390889
415950
426984
406260
451745
442971
474322
469257
440843
393264
461842
414237
434278
391965
400696
438872
463753
399237
459120
468934
392912
436108
443614
411450
431577
446196
433885
473640
454313
387687
465543
396367
467236
450977
436457
458850
431889
471941
476995
420681
461821
454862
432375
427203
452652
438912
395987
468674
474546
425754
460508
477961
467236
456017
451445
475351
401141
388370
446348
477366
412302
417508
455688
466075
398427
387063
425388
459295
409360
409470
425007
388517
449930
437753
412774
439678
463422
400778
452268
445500
479835
431035
443633
413168
477507
426958
430862
421801
458761
401020
432707
412123
444197
443419
467658
395127
401726
471568
403465
396014
389142
452774
415779
442607
440021
399070
470937
457773
479701
451173
405765
405752
409093
480043
388221
434677
426202
469681
433545
466075
470976
438440
453814
441440
416078
478349
428735
431247
460191
470448
448230
434252
400068
447318
432009
444758
459210
433143
423711
402348
472973
388316
441555
449567
409392
428133
437549
474866
447308
438883
398771
474358
472202
474173
405220
388067
400550
434782
414595
416505
404662
390454
385120
384429
432206
395796
415307
401487
459485
464905
458368
414062
424351
420126
475283
476597
421081
401462
387701
444871
476228
409354
403830
434429
422330
431967
461551
414279
477830
446656
385738
397195
398138
465280
426634
408745
474873
433716
437976
442522
449737
431889
441331
463731
441921
381325
433384
415300
451544
423746
456898
403450
383016
422056
476706
413619
395472
450475
464962
425362
414711
461660
421760
400100
445774
396705
388578
426942
412175
402984
477391
447725
462941
480043
461811
448738
479213
466884
383388
406876
480043
438266
423180
423163
429540
465369
431551
473887
413068
412074
401684
438457
475905
428574
399339
456651
452923
404793
424420
387038
421873
420110
384703
401919
468311
397933
474036
476228
407243
468691
390736
423560
442810
411973
432571
461454
430275
411156
461529
443158
420470
396000
393626
453866
397364
471513
394353
464270
469722
463396
426144
457579
397222
446620
439472
384031
436389
465219
384102
422510
385780
454597
476084
414187
430371
408737
391173
453927
383113
418751
468701
475625
468786
479701
409720
413455
409752
416764
431808
411101
451609
469309
412477
468458
426767
475345
407741
434242
433607
389087
464307
425280
435350
407224
465966
471976
393361
471162
463536
460782
447810
417057
480043
476267
391732
392686
459195
423359
409473
421490
433525
479835
422640
439159
415120
415058
404773
417710
442527
457433
399759
384325
405095
480043
410126
414298
393648
408552
439419
404422
467006
403565
470231
418751
441180
402387
417949
455885
435673
433716
421380
465155
405989
392804
399588
439046
388539
388573
408428
391822
466040
425151
448557
421534
460445
479835
480043
390257
439750
447883
395616
427240
432005
405570
427947
465080
412299
404389
438469
402223
430736
419279
466238
438245
421026
409666
427909
435729
474470
457546
408461
432744
411156
441280
476706
436082
387446
436167
447429
394280
435043
469833
468466
402639
443822
442144
448927
415110
401574
417390
465127
453592
415390
463422
472990
415801
391291
414747
478022
407302
454249
458612
436450
440025
407416
480043
401871
455164
412514
388821
459898
457183
463199
385590
453608
426161
397388
442131
381805
421924
429148
458545
425389
425311
407898
416943
404738
415247
411137
397545
434020
427316
439320
470937
456257
430801
472188
432452
446012
436623
418358
416326
398587
409618
401819
459004
447735
467380
470348
425637
415526
417467
410674
421148
383939
440724
477307
407707
431381
436231
426579
390395
444232
423301
399431
437974
398348
415439
413869
382193
461868
467087
427933
448602
405076
447786
451659
404196
414356
386513
461660
415246
420006
411720
470763
389382
390281
382463
454508
424097
397849
411749
460184
468786
398980
427504
477129
407771
404899
395113
411535
457701
422389
394681
423359
389094
461052
443787
470943
421449
453476
385420
402165
418968
442067
384633
396744
405943
475436
444102
472404
465947
410646
427076
410707
416403
417021
397938
399937
449670
410909
423130
393780
467941
411039
477018
475798
460832
463317
438392
433708
428243
394398
402883
435705
478871
434352
461783
417012
447825
460109
446670
464430
465116
389920
394402
419513
428670
447871
390729
414680
456994
456079
382783
397781
452373
396024
479835
475567
457665
454942
453409
461681
437938
392459
449807
406829
456898
456579
407848
470235
479720
443042
389128
390833
467001
450596
399967
386273
425804
418518
388172
404489
436963
392358
408004
387088
395191
449084
452623
477830
441416
415682
477131
409015
414747
406102
398955
433343
461345
389723
395961
413533
433362
453327
476995
462709
448427
438299
435166
391942
479213
465679
451962
423746
415344
417982
385586
389190
472406
458660
458543
447085
436536
406256
458656
429340
406630
401758
417862
434252
479005
427262
462387
394193
423462
384717
438052
408741
465158
479835
422676
445519
470533
418489
402623
456127
472995
442955
384553
446099
418506
418028
449105
390595
475809
411950
447254
431868
448284
439439
434985
456874
456136
422374
417271
434312
397662
435251
457546
471643
418779
411130
414626
395298
427755
410608
435408
422522
450222
384142
459700
460977
444064
440902
414102
411434
395058
455369
434733
474036
440422
473887
441787
392827
415356
421869
438976
471941
411057
450524
415720
411137
430936
447715
477961
465442
479835
437567
439778
391572
465335
476995
408496
393764
451524
387830
388169
448637
391568
438982
468624
446539
479412
473368
402730
413751
408045
468115
476244
399135
467542
462719
456125
472729
431912
414535
459060
418122
385818
429308
451676
470923
437591
442248
443299
468012
449624
432203
442292
477958
384372
438199
429302
474358
396213
423629
471485
469394
474210
410151
395030
469753
388411
400729
387582
451820
425047
466114
435350
413864
466663
448897
479701
404810
388392
420656
387785
396268
402059
436276
437501
450706
465509
472285
469033
464316
390084
421724
434791
385357
389893
431710
424540
468860
397926
438298
451810
386954
401269
414226
470441
463118
479412
464743
386600
425034
443462
449926
410063
397099
474546
432405
479701
402724
441904
455050
384198
465314
475417
403942
404398
477535
434999
475345
407678
400824
430452
443591
456460
444261
413248
442840
405565
386341
449759
462256
402837
432466
446758
403506
429163
389636
423545
386179
426984
397246
403182
452349
396708
397631
480043
451933
467445
406369
453492
412129
464270
438983
450301
471324
431243
414189
390638
442003
479512
430475
442541
477830
412604
439676
392368
475758
448410
451974
421031
399379
402835
456123
436562
448745
412485
431938
395103
470240
393539
471397
455986
468737
407914
431829
416042
415950
398368
0
