52097
10911
19499
19310
23091
47117
46544
1604
21978
48924
124716
35888
164804
36576
162484
98181
5629
165505
131285
68721
68187
116099
21227
139711
148561
203541
78757
92352
146333
3420
156212
3295
82436
218582
27171
180840
9949
40351
394459
180735
73667
6174
142080
235377
161511
100881
192886
376841
298196
39658
7341
61457
339297
12225
65500
49806
96283
78204
5424
6467
46290
365323
311881
185940
97333
83364
236862
152899
89704
60452
48215
257843
134568
287827
14789
73591
22387
60421
106783
219426
56872
88198
41812
9783
325143
268347
51352
32090
206330
49005
106288
8836
252046
271194
93102
144868
153950
11454
24507
391746
14887
44464
251914
170913
114919
99884
273972
296438
31169
164355
91667
68297
10360
137092
212993
259731
92507
25771
250235
286545
159316
320883
24665
102978
92915
16648
202033
113361
108753
163133
348345
3020
248779
116842
187227
13377
68399
59131
193320
68077
228004
59714
138027
43187
197620
18151
121593
83725
68961
3727
111496
120457
383031
266850
21002
17946
150231
222378
32045
12038
355673
146677
206837
189043
334626
72491
281809
14753
6749
6884
85193
144372
88229
43680
358122
1787
110553
91814
151468
4572
17006
35265
100035
8187
70222
361907
235056
49560
105913
20253
36283
57911
171350
53939
112857
278501
75650
97575
380464
370313
116955
162107
2590
13720
66320
118050
10678
172894
166902
22504
388151
74669
107697
35354
16394
307392
3519
352041
122806
69423
49759
230756
147556
334686
4573
108722
85689
27287
63347
144033
12332
5194
29798
42940
35257
79033
10048
27490
330793
62996
195665
346370
59136
44668
7505
143671
222364
19546
44359
101152
71704
34081
25891
60822
33930
60499
3017
5474
326222
33676
33478
204040
327329
190924
103056
268670
77014
42155
146416
11986
396193
427719
60044
2909
393786
68157
7549
43429
7515
78331
5802
142400
108268
1068
86937
18163
220749
290643
190822
55347
99218
63760
213126
72451
111472
60605
63207
109173
91469
93934
83555
391213
64535
38800
189504
55601
134692
163819
15356
110459
18045
68426
162269
17079
159724
34463
109711
28486
91407
221632
213084
263244
4548
35202
281430
5630
81431
30435
187237
76785
90386
35740
218049
176308
206884
173324
18216
111053
148554
99827
52972
74616
167314
345583
3468
98894
47370
71088
31838
153750
212766
26991
48047
135630
44905
42273
232800
288841
316275
143986
68437
24457
9299
129073
376882
274579
7973
118348
27083
182661
270395
113470
53116
7408
9991
27930
32573
209603
155323
127612
3132
90791
49682
87456
121714
46556
290335
52279
14928
96329
223525
241697
103007
35849
164982
34819
86713
81767
104569
39506
105129
98854
23609
20676
99191
132278
29215
91633
4030
117781
43175
33327
305400
20252
14607
18743
117201
82470
164635
103484
78014
51256
17651
37
239246
70150
11297
36098
100587
30855
165413
77422
137642
267048
16322
121146
3623
9797
127620
143379
139616
54450
316185
229904
30531
6234
32031
299013
37466
333977
106454
67589
339300
167403
176442
71508
224809
29447
104428
123257
3562
184466
33006
15119
4631
11037
274943
359922
34786
108028
169928
35026
292452
72709
193422
52860
80952
130663
20133
19276
237911
44852
25210
17260
110197
63275
38426
75286
338728
210633
14593
11495
84615
14943
108763
46765
124015
19701
4724
265743
21399
63076
60705
258353
76533
90596
216432
279477
63247
46601
147502
257851
97387
36384
132882
249982
328725
34562
48630
38164
254422
158677
293119
130809
50176
38151
103710
19861
60489
230063
224424
19419
62294
158301
56429
123563
9848
262644
60194
26012
174737
34863
22520
12020
25644
23123
54032
21638
134014
11548
171443
271053
62415
31873
124073
34592
3221
121074
87551
398010
170490
38817
21978
214312
163233
17447
40335
183790
42225
364623
99272
5531
152040
180536
121643
43899
319092
29786
337099
38340
99774
255699
116071
69806
30017
42474
110988
81090
367455
28163
96510
48172
170628
226967
13183
52679
1258
216965
65503
120270
903
34467
137289
7103
10644
160345
22395
150758
311063
28159
69199
23861
37124
189994
89729
19327
76432
25950
264930
70184
990
229306
96811
120037
43711
42821
27055
317841
34793
18245
37751
47871
98291
306194
68198
95871
69057
58680
131791
13315
12352
274521
44920
288375
48688
5567
94007
11317
18935
61195
112164
186815
152265
37526
142135
9884
32065
64773
8976
232257
190950
333391
54078
96277
97938
179193
196835
257136
207396
4947
83618
8857
199446
136452
272098
123773
60702
178332
33841
44883
34915
171031
142481
8982
18657
20844
182041
147916
72839
274051
131946
69341
9591
113050
29601
27986
31514
54953
8663
161600
2290
13185
35200
198765
166726
264800
228538
52832
211000
111093
131771
66998
182598
31915
375141
2436
31328
325866
341195
57869
274088
23214
305923
91095
201615
90074
48665
33233
271184
60509
33335
163098
218530
22736
64950
44826
80113
295409
358949
20475
7515
134957
190896
10151
67511
222108
89724
32084
151009
288575
89680
66404
7778
106356
314543
370859
108493
162184
74379
226509
11859
355332
17474
113423
45833
308346
120392
231898
1604
11264
6304
35623
132418
289852
9770
1583
134652
32776
395114
100363
33384
167152
28454
10553
195272
67582
72069
24688
38806
7212
153139
109066
55755
32335
224087
377800
221485
20650
156736
10172
224030
62147
298988
12708
98793
115049
157600
30999
197702
256349
9954
62619
74376
35254
166565
229901
9968
72589
97577
174862
256213
53381
56259
61310
30421
116788
56643
138448
11748
160065
6623
