414390
461008
403282
405499
425482
423515
391029
418065
445262
420822
427285
465369
457518
433200
379199
447219
418418
419271
456472
410138
374831
429988
446010
453180
418329
459358
401738
466603
382798
409723
445677
384993
414175
414061
455817
375592
457521
432213
463436
384441
458798
395772
444932
413468
386181
394806
458214
376626
378527
440462
405483
403694
468397
468397
426181
412131
467563
376243
376841
395746
450153
374053
437038
378189
446524
375791
419964
383916
390328
432969
453632
424225
442838
468090
440821
415790
459787
460002
393489
448741
449492
458933
400434
468397
435347
380178
432335
418921
454370
460072
443424
431024
458762
390665
433159
448915
442151
449162
432857
456269
397454
446148
468397
464010
450831
380256
381347
448648
454095
450319
373530
431866
378861
439120
422405
395121
418459
393349
464577
378270
446524
382944
440132
459986
437958
442330
420279
433555
414409
383271
393407
416692
391753
453354
379050
403146
431315
381347
413491
399580
416255
424733
388005
430393
420185
383220
440492
431467
463293
464289
380753
429805
398904
423841
378092
425883
386195
429061
444286
461563
374668
426043
448081
374342
397433
388263
376613
374414
450751
438390
464378
454074
460215
415696
435689
443246
445561
462696
409812
442482
461384
423391
394577
424838
410067
404070
395828
445839
393561
467563
404937
394718
391290
426611
434390
402174
379827
379476
442482
460921
438311
381696
458232
423003
406766
434064
415081
445650
425038
460928
380174
432554
427733
420466
384574
399349
440499
453294
378282
375830
446942
384917
445828
421012
382088
376582
448557
402189
434623
459277
435615
425097
406323
389641
439971
379126
423884
436366
402575
434147
429183
429901
399233
392225
424824
446942
381854
420348
432603
457505
425664
418369
392813
425572
419017
421769
444080
451278
400053
404079
396191
379767
465167
392565
432269
421427
413338
424138
379208
385038
452554
405820
414280
458518
451659
388754
437589
462990
411076
385058
463562
402637
385449
448280
386071
443308
388199
435672
463576
407208
441039
410616
454954
465885
377698
436558
380298
445089
455351
448240
450513
437787
465167
453984
454213
446497
416360
418296
404570
391680
446884
422252
457180
370341
454989
393008
398722
400375
457503
413372
421081
418034
383182
388341
464569
458798
406748
433120
389443
397839
374125
453984
418019
382596
458415
431368
433718
381103
383419
430921
465824
457016
456559
407361
385440
444566
445556
372093
425113
443985
390770
396314
443832
461008
467563
456472
379153
370959
397186
398729
397257
377223
455890
437804
373766
430431
460410
402420
378819
401644
437774
388309
377066
444338
393388
414853
425497
402428
380349
444105
449605
390221
411533
411465
443051
466942
463129
421498
397814
404131
402961
375435
464729
461803
437202
394123
429046
372414
445074
396654
456269
390851
465007
457967
410737
394864
388497
398082
415516
432550
376719
442545
419446
391075
464291
442950
449162
411383
457619
406728
392856
414388
466538
381154
448557
463973
407164
417057
378920
423591
412434
388657
382025
403560
391753
399086
416264
387079
392830
395694
419821
458296
434895
380505
406924
372716
457147
427204
468397
379935
411195
448927
442004
389878
392231
429399
415695
389425
431634
466538
464010
388336
402775
437589
459689
381440
439207
463255
394687
406438
374863
444714
404445
455655
415529
440662
434831
431361
460561
378106
408287
394874
461008
372668
448372
465460
384435
403876
438341
421686
448868
414124
424145
442493
401518
412849
378402
441392
421301
429236
419048
399430
402213
374932
409968
412724
389780
448922
454067
378043
439241
452609
425843
436134
458973
459010
392039
395285
433964
393313
406204
402175
430089
398156
375014
438067
458955
448280
448683
402292
452914
410973
453816
412940
447406
440217
385690
466133
463571
390062
385646
418426
437525
387732
441463
432611
443155
377738
435189
436771
427625
424872
415034
395991
421097
376358
451800
448672
409701
406439
398253
416640
425460
463627
437486
445186
446721
450751
403682
412020
396722
381614
391216
414253
454643
377929
451413
466603
420784
377612
411642
411203
468397
426289
461563
463576
383694
417538
429145
426907
384881
463595
384278
399547
427981
451261
399074
378625
463948
374241
393084
392885
399688
467938
468397
446445
428237
382650
459846
393855
404061
444544
432162
447219
400864
462275
446687
379215
451855
382944
426139
424326
383276
400069
460348
392520
423993
468397
415458
393830
408172
437795
439816
401552
388390
405549
445278
457182
416870
459480
384337
432387
429531
445190
436771
436844
419885
401947
419741
424267
450640
414425
378747
442708
418541
384344
393905
429236
409915
427538
438107
376909
421345
401795
438270
459775
445840
439181
447659
401938
374039
422960
421664
408442
378720
402807
437248
394718
415898
389650
417885
410801
401411
390471
451815
468397
455220
388074
456559
441916
382381
453529
384306
381306
458923
458174
432421
457182
434178
465167
413240
422628
433902
466942
429649
379626
452267
441344
457899
460121
435206
436392
427620
407554
425268
449726
428220
426952
457211
437607
428653
453248
414918
409121
450451
427966
424769
452609
440611
413721
382736
455623
457241
385915
373493
444878
439700
432794
440888
394106
408054
389631
384786
453721
446858
395063
399953
412343
396155
436366
437934
420698
383501
461380
441306
434209
463595
458955
412133
380816
386339
401357
445074
384104
468397
465415
415053
461619
396480
467563
381548
389123
416744
410677
409984
443331
454272
379431
404824
455054
439078
436322
385625
377125
449081
455176
444915
450319
397339
427765
441350
431901
383277
456346
409016
377106
424598
439141
439194
424906
420312
449769
444496
424607
406345
408509
392332
415891
460558
426453
427916
400190
442545
415905
387496
403030
434512
378187
414564
417657
421758
448570
455351
375802
468397
447328
413516
430836
437315
384895
458933
445650
451321
444464
448257
450989
376901
460348
371985
427435
415263
447257
386778
385116
462968
447419
393715
415062
402267
453422
409146
430668
413876
435728
419910
397935
466394
444467
459637
404122
408808
387039
423058
445957
408042
437234
446287
402101
387984
436421
450832
424309
413511
441334
435230
407800
385191
401033
382867
465403
424326
438784
407668
407709
411642
412974
426218
446680
380831
424649
405067
436747
418473
442837
418089
460497
414598
452916
456406
386559
414993
381007
412320
374947
451901
381541
403887
424225
426322
404342
378481
433653
435356
465007
392841
422394
460715
460524
430250
421944
399437
436718
452528
435289
455348
441065
421175
421908
387930
456644
379951
401753
461380
453911
0
