924033425673
788160850693
844523488949
978779459234
859217413464
968844226986
957539049156
950484989095
844281974008
895431911024
800043398701
861704022343
845066622607
976786304140
840715096990
938007385294
900445821087
982724764623
912419247048
828031092821
971443879869
935910613286
870200174447
947227031446
899122743305
844840173725
842873112167
850155877196
962200991168
868486309945
808955021629
925049662019
923024730710
851212525115
964669706970
959580996196
961235377949
906449417040
933739860354
804869402640
951644159428
795209902999
975729455021
827226242469
960406780399
871356488897
978115733887
843570112616
866366913792
932759459163
876877216058
945662978615
957411862714
920023430620
802227135954
972094283055
916951587461
814488832967
966615734939
847544651005
835180493664
883461733040
982922005522
878302725075
938562096861
805981775532
935131608268
854965986000
911459779051
794035590563
981024657238
987783868651
929329317966
817579173145
882938405156
827515445564
984704019670
923730179092
824277756366
844315393254
974825756895
950512070045
968991184503
805316717075
819006625883
795626459070
815664541377
814690043607
942026806991
953813473468
832736144472
854897430931
949046473371
894962830053
942819257749
952103934319
848919202389
976168810207
804011240924
980335296301
983510077158
935103112096
841880355962
961727746178
957205255662
883641301393
845193302552
922834577413
904610875948
976718793573
946139899402
838027077118
969382053010
862379588468
891171610087
853834815022
829614425354
955610918835
864456385661
982025252591
927997110615
853027849133
867398597420
817694973943
937759127952
844035093238
931432057251
808189566914
984609558418
879666019059
873419371186
810431892425
845321613930
969945336153
889190686425
813427864989
863556091148
828183052520
785507745154
822234188201
923494430340
792567663842
951085524199
921181888581
946936117900
920506517058
851488777359
798226560103
944732996401
838765440772
945323302598
890102845752
988371011834
865701785651
914057595905
918821931969
882763431198
915883040837
852380658426
945833938299
873978003600
890554705951
985645927057
880500011945
848405831533
887415878839
834080333310
979089027779
859070000576
882928076895
794746674358
971690497524
906907671702
791257577412
818034394023
855759418743
933930274953
940387364891
845106832620
871074103479
826267925452
982114246729
842950242656
937283895517
954384924496
967847145931
868748378069
916205579190
838227253640
865851287237
820830347217
881192548491
815006603541
822529043832
839181304030
852261136121
980901990570
953985353165
880202202307
955764669011
943456548150
978974041625
913766111538
791815607683
871719701406
860815763022
832347966760
909660043158
868280082688
981095165057
936577949094
887533811687
824811692148
869851168987
947369068836
958642949125
872816679554
939396449941
865376974997
912908137137
939661013970
923672364426
861298243644
940930870987
944510497999
867429401647
963692105700
812652326977
817659058933
858697523277
840406527047
937264104154
975748921980
973198842735
849549832482
897753264563
935249207226
857764188435
914358674790
959926074273
822520014110
824010583028
800722077043
863340164170
799404742239
828582814637
863123292618
893012005493
910699122056
793513999096
917421568788
914276275673
975887526409
858690526371
968950781288
922967077728
840181025664
808349972569
987920576456
931381139731
856499169768
884345825516
913058594659
960881206900
916977380738
851493705906
865647929081
941717145649
897149971305
954606798241
821290835798
929626662283
945409868926
802002212524
981110107471
805567938636
871255845728
887169781002
945933515181
960613267947
821418033119
821763041058
897386777781
908147028507
804510854836
933555606212
917968022467
857876125829
812501271511
858916968853
964827276931
902238352477
874433872939
828041519829
923150918954
939945361935
802361944715
850729105758
847900510432
809261199110
821735266758
888293410069
934271659294
886438536632
821009230401
916534430927
875016011112
975651214371
860021436379
980800281756
823432653029
874451688429
987920576456
948995299123
962649268571
970408535821
923536252548
848568998088
904899387971
964155776096
945963903417
949898916658
922624174529
865864340815
821372223820
799034217047
883363193727
843990788737
942263391588
966576592454
985451556000
966173776298
917649227152
867541194285
952235318099
944627837541
860926868339
855294661632
872789951097
863642470567
826357847350
863963899688
972710828024
898484627528
889790556152
956443886477
818253008923
965056849289
829702018392
897492678719
796003711903
808262383618
824238685558
803945305118
958569968992
811749345198
799975000324
954228434192
797842200380
944097792919
795139555925
832509647490
948595057150
788821588497
844207732197
838567436023
792129744910
971012058864
798639957098
922800329054
944432178450
827989005313
903684493681
799677547415
898317428138
792323509984
822144251242
816923951101
933860087805
941502975106
825817682005
892845925252
983197494330
865080769312
963396840903
830782642460
868954943020
792481539081
957032659076
941856888632
821711563700
980871041927
824518013525
959479359846
872210152140
930793361835
827671494588
809764158794
878628083578
985451556000
871186268340
945220451818
865849461323
854678799957
946577566242
891945539063
883820738248
895874081855
963741743918
843207590506
876939021436
943684464726
872432066345
910413471206
879477138604
898897344413
865700635101
900457940931
823118645540
968351583037
841207310011
962363847687
923574564688
926013509306
965022046814
967510254902
876231101010
870223459384
802227678185
860152562080
946428820528
939926169746
926352540283
802079504367
858667105969
978155397142
968790029010
816138320448
861111586795
985199234799
975887526409
936065683262
890650581480
921739290955
906670431507
889948727264
826661603542
809710973597
837717024823
917059849898
890621299535
944240344400
878153967646
969953044210
887230924734
968183200778
795942399689
902033911840
952713453055
873709672470
867544242137
818447700929
948768017230
913679847429
957433348849
912657015817
878650463506
952371989235
869360990638
802391000227
874339607275
789406654782
827420143185
940614947176
978466713557
912219858359
893533000021
962524304306
977898305749
871067081077
899729844871
821641092111
885067658765
972668374704
923672960353
964792474456
905665880701
850368692935
938664877061
811527421358
968373690570
921143337075
972944054643
921594148528
889642451623
803125177301
833683155472
823960623241
972303582451
809484301711
863524173240
811986730177
926234575567
923014789344
921511134961
795835409080
890277466927
865732507972
877410448677
896869534277
972677204729
828282803404
892186556739
926630907723
815196415089
814449709992
789641606811
849613787850
931457805529
961173125657
928123363620
956016825100
930689370210
866739022775
920637882359
877455961131
844239415609
834508864253
897791582038
852765315861
933486653105
832999262952
805243017369
918478486347
987694641686
870903159198
927011842048
812549338856
821757327685
841018341139
954098833887
907779420537
860708121350
929029262015
884263443904
811398966474
887953768866
841106201701
796005104420
906556077765
884895319605
855386661320
976799285235
960739469705
844416323834
885435233672
883335917568
839396501279
930702890898
909492686553
905565795906
837221666372
864032039599
884463320178
956566051462
826462176219
938203526465
941067420825
844983948145
820251000725
847172929012
900007539731
946516528196
852323193200
874170210043
958615409618
885334282611
875991085014
932446649576
854749097229
890554705951
908007695160
892814016432
845350749098
804639495185
986254864761
916236246166
938385505825
902282516593
985645927057
921847053694
823491351326
836336068846
847038005307
934212959337
814085340392
800488154155
934153503075
868905068964
910082871899
948967570720
832893506756
966821962821
831937045894
951676211800
831522995647
823950528512
939068483078
874728835698
884925133139
855559591664
883224326431
913824777749
951139820776
879820873434
847144469310
837244156554
929306384969
860811542170
879704339481
791787682141
988234304029
858183542224
831517779563
822161777191
866988917804
919650996240
853379813708
953560744630
896617297944
904918142668
949722926287
817967203275
858890309666
913841847298
822117756816
936299354758
924033425673
943562479097
945492760299
975414586004
862937118863
978779459234
871186910052
815322002130
889244178314
873562674468
902377961815
981015417263
872406471075
813496685942
950885172432
913824777749
960588399961
970136675399
815706269212
954708264713
879007660247
978240778787
794613337088
969575655730
917223499226
879862776627
982365040784
978764943158
980645107157
961173125657
818439574356
953602941612
860782686029
905130615693
847530788956
834709304008
862219179949
888017461986
943558907177
854499744791
857337243476
988145077064
911709183199
903867285442
818815499031
860476861685
907434687241
959041210240
872166899622
867346488592
860405771560
861276242852
813535990528
891441746242
812269393216
788859179050
979759820172
878289789865
822765301001
939644121161
817950595532
842392288531
839879902853
905589634665
937883069638
925817602080
880198519471
907508104091
921740477176
970074788737
935576238140
955375303185
798756211431
893613912437
948513610011
840213928192
912183971436
977031820478
874472557720
938706449289
845603008326
866289850640
872965418987
905777723414
838880760050
921010938605
835843577954
871469569976
890177901776
923175020898
834161897270
955502894226
800167877854
813100319615
853467623657
838125336620
798607184352
880206539800
961088596317
946618160365
794034097772
832572628872
949834552589
947976377181
978525473619
836378050713
862013145797
942886557807
981024657238
791382287239
988371011834
838558075368
841772941817
963235096206
790444738463
903156638739
882547556144
799358195361
872444957692
849963445194
959735562648
798736878767
925327875456
843079036313
985314848195
930800011582
917555659926
932639184828
869041421986
904797232807
912240925277
816812950724
984523655606
961281501998
813718446738
844920818623
960119417878
980352627743
808375760951
893195392234
915359603561
879824508320
831652345618
870771634467
825867676676
851094625612
968675807195
969850976704
852812241970
955904165594
977031820478
855075775508
821537343359
862772992411
965619978498
975912238428
835604430459
959012650493
885453576477
929377919715
939830898354
882508249275
841668137369
821131866164
796306323517
977739960538
864222131122
981420557054
799091978607
865990368144
942268793048
803574405905
860969409220
913552964089
956201465076
836575845233
935754891627
970048843181
858491656082
971679993974
872908449747
948011900885
930744786161
801726013931
956641208656
907630750176
800116926173
963225257707
799231404319
855240229196
971669834546
963776557911
836459292848
799770510308
868882007532
848534657096
801654022830
932240840298
959603904226
902351809737
936770871566
826255591214
797364033523
824990041702
835710708788
838347653018
792417183313
937175353527
791818199692
818041742580
805212118002
958195199049
917520508371
851734175482
827680415495
932240840298
800891981278
960795642489
909559738854
798696913483
851426372442
971335169268
795471634954
842120195162
874828388650
984704019670
935766467056
978689989958
943298750316
788531717355
804634102420
969645243321
963737258888
786024518728
927298019795
877821567592
948076346885
826421436588
852651139340
819103264000
826666929054
938089878056
837256609722
967411566471
968264863112
920690063430
914243905870
965016736344
927541033799
905904880340
871577128034
821950271731
966141932176
954843514031
940696621378
873688986314
978110932641
976460947586
875035261093
814357481085
815832676546
798165357662
958967157837
812380706883
896613740651
950613638403
906688084303
806631007916
942975154203
815934597272
828514582482
930871151156
933924893874
815228638622
835059425886
799975073011
856901354105
947516942077
853167557657
888404811446
787752510961
817505812588
822154101697
981572938281
938049705119
928918309330
988371011834
789796063869
911542544986
835366916029
812488013426
804055247058
824220691899
880410332845
911847194268
897035524335
976924175765
812736240533
789636095920
865121829362
942708120060
852188253705
894924020853
881809608315
903309974553
912568904786
917311583982
845938326775
939114157535
832168885995
854965986000
911526435147
860084015443
834739761477
916570901471
969189425547
829536162368
905062025281
977302627618
791745858451
946515853025
949008981021
949035321650
814451663799
983669541852
882547556144
963692105700
962516944546
979543612092
943707809481
903199300517
973118540039
815132405862
988371011834
897334493878
861507211566
871394980698
969816336405
895340194032
857199975471
793974610882
980676055800
847110451273
814776975720
826793669864
963563601065
845146662137
964835269621
929216080748
937105324196
981896024547
967884378326
891276232183
904019872631
892804583676
840974716531
969403619890
941373891356
854417038263
943561240508
967042981581
845130346579
789370839124
841335456652
892866645781
792020924705
984609558418
968183200778
903747360320
811060175163
895001352859
850063498620
920137686003
833679501691
829625284835
791785403770
901932825824
802827360508
831081550863
790902666045
806762798159
817004384098
840000975572
974119184244
826157716247
882452982908
977739960538
910139306349
790768231569
839531327565
822881146973
931846784682
840735502680
859979510846
928410978187
900585551065
900872440008
812912677866
963485373125
880048365659
787072095607
862276588623
960480543467
905634592520
982706159142
922896943993
787740835933
941987055834
957866504482
944887547660
933946465755
842077896395
874775513440
903141442084
956187333837
977878117920
791141173245
808598382520
812865007197
895495268915
793674511449
793955751860
802262885736
961999363441
893819585220
844370329980
935376322917
934380627696
988371011834
917342558074
966922090004
940423291813
825980499019
844677141800
836743266592
957623039462
948853501981
889318103044
903774952568
859015035225
984636091729
913805995449
931293943936
876117826746
951014786856
916167443592
881429109881
890469114600
898578962157
967996423585
822208249473
976344196893
867790877627
859666088224
944682519144
913993542824
841722406416
987220725581
843836633235
963736710467
865737609323
948723824878
790827512483
835839252296
859927886970
837684350563
874797338884
816353307897
932313867122
789494742192
968850239146
832920335683
972083946460
879685448726
810987399295
920277030031
882751163348
949804506843
958887255894
845589436504
856499169768
847903289503
852882137181
984636091729
856963689124
814416424201
862442821843
921269513954
967884378326
960191225760
826662650441
797608158711
832105470404
852716518436
893485871426
841605478574
913670228638
815435913602
929954039201
830593908511
973747541226
908845538864
897633984996
955993392391
798194658747
906831654064
820537424097
858409411905
933681487470
800906747108
945119117590
800356750670
824852672370
970399016677
964333347897
873914574872
953181223272
878057188281
953200347025
877712333110
962784057960
821050616979
869215997061
790269437034
909216196538
802010602192
798166300748
870368430252
901353565496
945721660969
852797950565
956556287666
979675589997
866265522394
839657871269
802539017087
956566051462
866274487016
974957237771
965484654228
856497345391
803361706936
958093299937
940743617442
795568912967
976344196893
823681186190
834825399417
787797926886
924301424878
832312234104
931073025252
829976376472
868349684594
978968135963
860199980796
845193837107
915759435615
822671992192
845193837107
790667349511
883193500601
791028468424
910851171615
970701670301
899586089526
841445855389
909751604532
825290562931
923627383414
858569491860
807554442858
831681711836
831442043163
899284613888
963457621999
830819290090
856498373386
863617912060
875134784526
876035968173
980248377264
946011051460
824599566183
789783487141
958040915267
853246717789
860402573120
791856398974
827815398923
980335296301
835902308711
970951408180
864821142699
853157845484
928204438270
958747251778
849734963359
932826021384
813499719327
931243386794
839043490700
874112106240
877958605048
843355365533
950951380344
830639869860
947716389908
982365040784
981652856850
828940994428
815817364172
797296430273
844537237675
940658555850
822225085000
897294022152
806148200423
836116211276
835284477489
905201040986
937578460754
925587645377
912667182075
961727746178
885542795543
846370827307
820207730044
919344758636
945329683162
792467882512
937606888826
820193211449
822889447881
910230332399
808197629776
981740298322
973560764033
971022353141
822985194841
827152576575
811090384281
838580183112
930689370210
947972363040
880561772827
891223731012
833317128977
790902666045
916788556132
793038672384
884868512917
955323344506
916358920562
867185820922
872786927446
942952075172
950226006998
806078469346
836780211398
954722445406
907941074616
843651681422
848805872768
811220309718
962734672061
804110076182
815254544938
976930178596
906945448816
880606566596
904158130868
880003707064
930042585212
910254207062
899628377426
987920576456
943605222802
827362729658
957943310953
903695401903
908732212145
835579349776
982580736616
804995294239
825317336088
923535731712
910071164119
853749306829
852166374281
912635548338
820437104372
929720153150
879098019993
954841009691
918137399486
957926229269
955327356986
892128165730
901741815775
957088625690
939877890484
903197796037
789395880532
986645249452
878275077493
835992268173
792154130843
840844443509
825196295509
955358677101
941895448111
883593248066
901751101888
902591872856
833701623163
954104975619
839444851031
876714954601
841259866423
885203437931
900112027336
858931774584
838196450030
880435041434
825257511074
912236122910
953206120631
826520046598
932260042252
858861575428
867790445112
954091842433
946917711700
923716817536
937715140420
979441117786
948018414034
856604502593
891811574816
895612319657
906271361123
968619983254
977259244545
910977928310
961307141477
957546078460
914585812980
953890845748
963049497821
833408301049
847232303125
835869805195
977713766540
793124948007
950021501370
821019623397
982730214343
798966619931
936702902981
984704019670
906925685176
914070528969
899944201342
868202825898
887633404535
905884780617
956542529994
892069085924
922342316142
874027817009
801554961322
957922632450
881341384273
851211522863
862618098538
912488999630
959885119591
851473194291
960273629249
922729229923
888825515889
876779540891
969665049005
939120667167
792547898058
959384225181
943566614000
895021961789
901152375743
806655286762
927493103911
988371011834
816361059807
838304725626
915956199170
891048571270
970951408180
806144676169
903115641852
872116965475
813293228878
934303893195
939377710112
816365683295
861951135203
868126053894
798548995395
807169121276
859769259666
933326021138
837309431635
870978323100
894297017307
824733153945
798562574072
981652856850
953796315187
853398582186
795742270290
817732589799
817597739288
792034680062
905983464200
831747701892
872659483452
836581785126
900209281346
953777404931
852088060392
982669963581
950996297234
829890746379
858840378930
951033028245
825762466779
854439430748
870407328056
909157805547
828335590875
930462858834
971711505629
918538573387
949008981021
843648492037
953569898696
879204087884
929687384969
924281870617
841570242106
961947886488
905144148853
791598098642
988234304029
980248377264
912456486317
964061603717
814639246413
853585931013
987783868651
952117790037
980970121676
790431103998
935298566385
902627563728
872231458739
916631328029
874422500909
929973524898
849150895605
905792072267
921344004283
908959646686
939082753761
957892045224
791419050406
949630895581
882475917740
981670089777
857650181904
889470830562
980676055800
973466574002
854428024765
958725203948
876269851621
859367246428
876729456292
916301683952
909332027715
873586215783
954748043158
916927415070
937869309578
911941147255
958871796899
903441822640
953798717205
867480697719
899840025199
802120422140
793863475677
916209742144
897955693888
892232204846
913844967171
817199059992
796897775147
918310306050
793650562244
881924671577
930880209660
895722710554
891391666754
911802013603
973574616084
951143963072
960772595067
806381647592
835733804761
909095798973
869569273320
860136515651
967030834089
904731222892
920627911877
882425777477
899217485023
906506826598
910931760567
888362843344
843238295935
812751942824
825496430887
799214506376
791050365533
839688229680
851760747621
813345027330
931058182388
972788387043
868232562933
962764788655
856426101020
955725020502
818083415995
919898379221
937444875438
821264796279
957897184162
869043320394
874073572074
928825583423
837584090051
957621040136
791256779511
791505517517
888569144548
933477406511
883161526900
858647731206
831003106075
809721413730
968182193107
988371011834
922660701694
912242236261
863240321565
946069391583
854014185286
810678498205
949950419148
916167443592
831002954577
849313638660
936745390663
890319437850
848505867094
849272789831
952456291104
877747685627
949434369252
794489933562
955204451386
898360847139
857011732149
873737192611
812517104955
909651850059
953653434401
813047248490
929485492786
859641901891
892339427041
917056877018
920769569024
845819577610
943605222802
981759316742
888709851055
908227236795
872701955045
848576136560
848207385941
929591662380
812431167198
958229551007
957233246747
954139683565
937792315538
871263187481
821118640896
967450010836
901155315070
924905386427
842928658673
832109650829
944926302242
934477581738
794407959629
869506408944
939888422845
845803137744
988371011834
835220431728
979737553276
850729105758
823120833976
954742709487
872674608091
828003435454
0
