63493437205
361703542824
368529952128
26901713932
156737486620
153949573101
453963090516
173115746751
139881076835
82311214689
47538845260
262432963954
149047278420
189771935944
25528510294
186491939574
583753563048
737173585126
140993456347
342887283890
311889772453
208446264564
617470948606
173460828643
36607853422
273790921657
256554365223
236432336023
142463922521
606924104741
908430656735
627405075951
729006878447
168352686593
210189466096
15119169845
217028127049
192284734820
35350197872
184495762535
327265849226
528071519420
196137426588
115612112101
491743868462
95624342027
200610039559
634474777018
65879750112
696338646807
157427870393
170181241819
286493792509
214829628993
322224080254
47669177314
182388285608
13376289134
374486423254
36914302665
359595587275
134817695065
183955437641
131422813592
749457117129
255679762773
457997638179
105767773070
487925075525
579996455643
2516982887
189720247759
344831016334
538000577147
144396784344
282886588767
734638972009
449480613531
193989404941
174581307534
558213054146
63401255905
236971665859
640470944765
80378902594
23698342197
72028371319
53454373440
363013710639
34370665112
203731011820
375279387892
289494330153
170641855618
140375768429
148008063489
162488486679
27867156313
692823327260
92833660373
372531406504
60378724387
45337878560
416641789307
43373426605
322380572160
515743114582
354605764057
323570177808
554772385519
366574211717
55852370401
460680755984
134534039974
155615872789
503695768813
645788589644
153421056442
68895751886
157393126782
41021440433
570453512063
328529359682
68849764978
87894615372
23630053069
14264894644
86061802054
242517759543
491040678608
235416501676
191981522353
114728015264
109413788291
60418382304
7479014253
44612983208
315405970059
528566193599
74732335582
343667370897
54224214899
84575589559
344423056638
380996459639
172048431936
685933131564
193897865686
454214455813
2785785566
73653449900
30680731133
132367788937
683466759634
303586925579
175185452874
322929530114
187124077507
265660787161
192660001633
364582642606
502191467320
690373093076
9583367642
37656736976
399735420668
84348414669
247164135407
30254773378
18793066463
461668572224
237859481298
96508127327
314419719826
208285815895
118500441358
625964393622
646002446887
80351216931
662591963647
125364090962
214175617648
334360136421
2533139013
22656309412
210080339009
572692907447
141994630053
589086678074
88015301057
31180685810
585077565845
218171588103
673606174724
354026727487
450375941463
4695055154
32721259833
361844555633
158903726456
165007398813
346628510138
631538499897
606866604430
315404017896
345996651355
65960384586
34557992417
118967698795
363111123304
171845780240
359127969142
286318869813
36090202719
86192203339
535787872230
374123298610
164957009550
151549553726
550077383774
573701393560
17523885907
26400165856
378825966351
595202068671
182653931442
402886576545
91860423751
109374841540
81863127207
181153842293
167702538283
34327791281
102352647712
390775749839
386889932133
43175051887
536477525301
13542773532
50674256086
447770489759
824514366522
72542157641
449537320884
300562594025
519601003980
258470216849
429200939463
4268745868
251327332930
493289213900
265719755109
957031835
397393963813
252248865367
11625280796
200589557203
59053310306
64471334650
216948748373
35989597708
319932291344
628479113450
144220381476
16456214546
72260239256
13930729878
385095566978
626842304172
147293167712
9665829567
202769344182
377405886177
210003936097
292664180006
21084166394
460690655823
130513533035
361419107042
32485641457
154615768346
343404869942
527238429892
5063582969
48391227327
396509864296
11514682891
182361856215
825649236598
163401840675
126249599107
29721733753
219580049188
346225435513
754112730466
283161237327
12134538788
163329446522
91825689142
54410859337
362266233552
11166186790
102926109475
24994200697
248454519127
387979615949
42135292568
303674351904
109813865953
3176549685
520515503734
402725886441
234093989198
149733512322
304151922199
137917364777
668667074201
23363031770
402119224342
130418119773
38100000643
326208593035
182178036821
1133733956
256754654723
89316097297
459708239354
243643137072
427958819639
10645804934
732213494432
30789714238
272992937863
326140459932
280713995057
265046852531
71090669149
416723290226
106381972564
499866664912
197300896565
96839297756
44145858358
560041524594
102765148779
709315259945
87670376726
531606099400
183411431194
386976013119
732560754869
52705116816
128709612528
528840935589
248566661871
388325773200
70062162070
66148554612
192307264632
66199470575
559077077478
338017311531
283237054056
33052785170
14913481092
237310803286
500352432457
295188956993
625378634584
111160024589
238764908195
393909743268
157850389203
17113010347
603077399391
14000715486
449856817141
424109345741
111884462237
276061929045
124273017320
326831515209
45227719482
117188398223
302987308040
323327375305
369091114119
477249439214
98588945112
125789166849
632394388708
41001975777
255299017859
164489302732
12558310065
37781190903
545738349565
7434864189
255648802373
421680029311
770850880889
504574596411
102582785134
692899224729
662774988428
98478901428
6398276795
312784334605
9692509610
139653640081
331812059531
66616009590
8788777924
77126240664
28744479690
180247779703
70206502351
237929543166
71486610518
269257591277
381679740717
827981798887
789147056364
304340365717
544664236577
239889019717
199654758586
78857504486
134255939786
691540669715
330589991139
370937210654
66833075775
43189420670
5652324396
221135961296
36181071849
400631158492
358558128589
10811457253
421269417144
69493519364
39288473791
422250050724
133701706083
153342334391
39586547546
330667873651
321080974902
113176524324
254853059239
98051966190
315147373152
341780428432
177566561830
232078334957
143787810611
21454437230
164708772438
454836301198
393743548748
234051363853
132146778360
303959270590
437722117778
400920739331
428270966187
510717883637
116077276570
299841362126
844258150043
409612175824
44080943455
352241669458
153860972063
93276879657
290080750328
289422606456
80848518727
193484660564
314549607793
12519011796
174820863342
584368130046
654243151134
8858394485
306021744713
274175978767
442238813335
67351236816
82212300556
808485630728
338872120210
53566073917
29012967586
306745061858
358515476434
360399464586
800197107491
27698980873
276206916957
53683378268
392519508465
361128495785
244737457342
373511076073
586118366786
502334270471
82029562694
565430834228
9464382358
150917169690
359987743637
22854136346
793269499085
169456340367
50306829102
42330209127
633048385157
1569565790
76513294337
255206768328
11125675457
491307114385
32231709126
143359040279
167880352375
83591345994
166906873101
773618474555
427637357546
123658639493
317344880469
395366250488
142313942285
130946600856
353677767502
529078231873
37752628629
75512240452
353152715826
526536872981
337872638591
85671729215
16734934048
221191245527
2410382242
21892832385
6312391565
288324789007
61530376208
566844724235
107304696686
32599239837
141033000690
14418346946
137052885041
101818552907
58484121296
526150952694
2768212705
323661393615
11359345186
85893858762
789535965619
72925799406
63856997969
509677211483
213366196271
13344024017
653715461166
143853425033
67342518091
20032336886
52905501684
762254635606
243737883457
208006202685
367112255330
260693100608
40915708810
46505409044
16024122308
135711036510
679661878418
571977463088
58091772328
394549511376
347055521472
130685306112
193464773726
22935508120
371286970348
162434570526
141904237310
481789171538
142353538790
279686764970
871286562776
355970589876
327946323549
639094011902
119191852816
314555688384
422886102976
532589072402
17780071411
48595824383
503561153736
18064548590
305748568617
375667265688
76445765276
52832381866
715048741693
249492237298
389909370978
523534572539
403109403304
26260286113
257882249953
266599136670
10582444724
544068819380
588369633637
66767978496
76717338771
65174690668
35365009760
105896995400
113503641885
178029050498
139397434061
122236256201
509697753192
669885680134
123086600451
111538365698
98192318273
17494040249
288781916996
20990745811
67085719172
276510993804
120267569709
162103936197
198193817856
270505644463
446831264077
208039202742
547720213726
516164545530
635691890147
473294639984
410381646294
135364665442
298269069404
340051721740
586461324470
31141214183
605274185149
19488269399
33044259364
472699496039
182131245697
856431390006
814344852216
701701580115
303792905825
249454559330
240852379228
627892321578
14729190845
14657692434
52003078738
586862348056
62725998818
235869100755
84313257371
607079157455
47361062008
277691223022
596732312172
310014609884
213568414681
111161258152
667673631349
106243039103
716026244371
342553908738
106276232551
14356108248
447026595598
3946310636
30310276663
571697424174
140548564256
146085840628
352277198516
94975981851
65915295693
545392881797
191248547001
193291403627
26470402267
272821049780
31586446664
16373374376
5833836499
36956250163
101688499299
66721176226
105089476372
17416663173
28030410672
236940441266
194195109487
398360265
192838535262
88319060995
478099368639
427450740266
700984428498
82714631670
69705823515
13703450876
310910898246
12712013783
7111941195
29733690236
54075109663
407660548973
255311937285
289016376563
25835130546
776862404287
11066606935
761221021930
158750105546
695472850929
38019081233
431942461175
23854162606
273880195243
719660266449
123251302053
108628049781
257444042756
278494373328
393379846762
159882867703
436653186892
178145898749
599779059554
567429495162
65416049802
231026966640
108883270740
38184081685
79658701982
543996528688
268042748521
25731362636
542558589156
317079369861
235243982103
11123303239
7968420113
24289564135
82303425910
180354103029
162748744214
42347045804
435145396889
142004702566
603336805986
5796390657
22471721013
35860532087
105717565436
410534564073
411345659163
58910834006
102442373946
322237980414
607059220
10633504630
232540462105
354386344468
120332853777
432664970196
77111758026
133350153151
15571759601
344663370364
245543504562
107446587326
80277564294
372203984986
294414268524
10876070149
335558236053
11537594324
395883361312
464636999885
182726689050
528109633681
5588807495
91240070497
273160317218
24887668128
56742186743
17237173260
42592270468
16014259951
200579816017
626553379284
108427135652
10008135905
17765464483
352931768563
495797171992
491619567917
100319154539
13915527159
279000832360
396231698825
453522670413
626518454167
16585499765
315047654846
6139255317
605775278571
156991841050
238626449330
92437015576
297768951018
48463772612
92293656294
690967855762
681187964930
746584773841
31355329143
114392479457
431708731828
74137001189
456186039690
28196477531
125112395743
393902638475
342854945014
625310271176
772232338893
340229171374
322447297837
2726366213
3853825610
229851788193
31512236390
821638086432
157516355468
15138764958
439085302548
62958839694
503926692957
560269846680
6202690765
577977805730
238829109765
207374023046
120390148800
10940867654
292434222627
626378866629
73189172490
169968793924
42950067477
57956290947
60608308273
144661429719
32634199534
1262162951
86339891135
17179592555
514465716809
102644034769
616441432654
96285690153
370245038694
349873437268
82427766540
16453342744
16679713339
385186480990
161547832010
613607537287
524075981906
190647939617
106681485918
164865446903
3996067907
84517679611
6608222151
39370450961
138778620318
59732471218
43236348261
416185323651
88469774659
253332259614
152898670856
384245202115
342254925361
43662191341
50418364679
98949280084
4506072967
69405062726
125594033796
757931415137
654969683361
120000187847
454422286174
7290137432
327360493360
466440951641
29877060788
197866811909
52202789590
462030804039
120511581592
223961653878
12196556260
165968604477
504519979617
125364672833
52063460258
150534302444
807482052962
11140351208
142678934794
655377676255
135610259799
230804995493
139345958362
76382597379
190941262345
6913971320
484041358420
14921107047
146484565209
191328825184
375762625052
30949964898
2440246046
258340946591
170698675745
429892849373
78614907130
95841579664
566090216521
397546547778
220733622377
308288459098
13423688144
19285899609
452823651486
191133186541
360030561958
54912635731
237670620221
187335897334
170566563521
222747587785
96376736199
52586374122
49170827078
38066718647
74980315576
278472745969
21035273860
122200102998
290800701169
21627760101
478580356884
79062185924
650276534418
47273343040
158001399199
103142099126
63204825535
1934220905
183892483442
490832640646
110931112580
389516147212
75125353423
53237136043
370426986961
165303916555
714891700288
449442304287
440178030661
2856086847
35885246583
194786171547
468086455578
403995139530
132715643532
395429989181
438941512164
484150713691
551252066479
149073213874
105329293315
738922205020
18466550274
32708077568
104767863492
221669196345
20288390217
6611494412
307429316879
182186085897
136991958063
110325769932
233608706975
160062737784
8406665496
559012162287
237110796057
756358629633
204006951161
90947725904
180800834384
556872424712
43450901550
507084491720
547832615940
130007180754
617294863911
497734661839
41002107672
21070381294
373276040628
222016047562
184683782580
64846449535
65775508910
17747152048
174649858341
142387352656
1926996689
55351701206
433217004204
215232277896
127669268501
9859509688
431717643705
144243328637
278136719786
121463568819
28203405515
118025766057
805742542545
78613673199
237506909909
378390374350
18754925268
263734500916
8399013587
20050305061
198745866390
52724814047
2386447090
355995098228
36914018588
3831273941
496377328831
341897029797
45148234502
53081505263
174230632849
792128220990
181056262975
78168518244
14158025273
353100242014
348552090435
512629490094
86422919711
72961607674
58714383426
214402801409
89510003534
459551476659
380643290964
62508590181
14898234981
96737878861
230966727069
61624248987
171840516843
393812103687
38419118489
38892774334
237100946515
10322781135
135971037383
629885359192
38258087521
451177532991
125349063303
76383819284
451152891465
7279497434
3966132284
691407097559
136421116696
76624797162
300979525048
137330212593
430750793422
83278027261
586529694871
403494933720
126033937898
227721720556
344331317462
553053518737
485680918300
201032682137
57592058412
64902457494
195966785970
627456067394
374992056684
26293818255
465284243043
3059738770
382534363282
508976992752
132187070451
348611670206
94136900464
209793047492
257336141688
1890064198
19061414249
180006849018
619168972347
483505280204
505591949582
15982595545
61009332716
372157498084
172577573906
96984509148
562228523810
34944196064
75081971436
2959109097
164788457742
177038398761
109515832606
713385373247
205141855303
557884013647
240767960391
141866679480
14689272596
285885944625
739548512359
57519817545
178517390467
534133413170
440248499235
8714132912
14351355233
228252963456
514441901211
160205331597
756337438476
91176047703
90840454883
321418047973
75982110688
49344361070
554966345865
749585785204
393759166965
783383407067
432231502613
75594819459
20260256899
123536899678
681206850143
548911985344
48372724974
314421860405
158200985389
12530701554
2252803964
134623534461
613285166781
292775054353
30862286864
51637217728
550075167461
35400123132
575673551532
591483554485
352003347528
120060540147
326958767009
449750290155
702114917906
608237347433
499933093387
198387595690
884179244800
123736740859
200503681338
134484319456
343285836511
132841598458
203578865903
498247508173
65676470194
211133161579
86221015366
131605055718
285254102208
479358238172
586138616194
54420112733
589477370124
411497704187
151229826572
45920261036
356607279760
129819734615
499751400906
56746302409
463878329120
159531920251
111627658687
186938496381
317570089011
241399802901
588220978520
309192158543
218448047291
111082216039
108167310209
807734956949
138758943286
18293233451
759662391122
22206291317
77664043645
3853825610
331240088606
7798885338
149047728304
7226433221
222011273936
110113327727
40415215416
333533397725
294876851231
268577783293
30657822049
193133277487
27234276199
91183743127
67327690331
229466302748
174753534865
93220146170
604800571866
378238997532
86189723818
280083852326
407038019424
4300499468
338815112658
147538380163
220629604994
323900666557
399216506531
404150589793
24742358862
496307152821
239056121368
291675910959
188859506486
244441315165
112754106230
495172383491
668595447658
109502251414
387278290165
178098048250
629070518755
86912760419
328860681536
296574915610
51079260655
79288020105
116755880568
307201897402
135409107924
591651129962
155071584167
228982625052
163851083494
787392661054
381936720287
2592357574
439223389180
9406883389
34496125537
226921325247
38499639960
224857653877
500377384207
169373080463
237293999044
823716789983
139637491283
104311785052
302581512098
202900014580
191489378419
513076826944
878014102419
33095853769
357070541414
26228487689
55504770973
237548814764
158562392076
374595737069
33447499563
257400154180
472526775059
508334016600
315869191619
500237791474
233158389327
258314458917
83441073677
490062318819
133658217059
257915630041
592319721
63437613240
346835340449
119559814368
115904211122
15902352738
277206518338
22211826325
45865184606
62923035051
778137036806
858244379909
67155572094
136747182194
122838324899
172143734836
2298511314
354974475319
720623591663
49278642263
136241399276
84603506688
10973071293
507729511424
1445970497
66414508415
191343825931
37818867672
141015436263
5550061361
2821739783
302590181008
431856846830
322431535906
125894147833
2978890794
4415143177
477048979668
428389442866
126963634905
17107400590
8221323628
341003108957
19108685140
322963510346
65496582053
454122727258
61179151401
303507054967
352228975437
98868797567
21606915218
327698071243
36160160477
327134041530
285835245781
851333166245
316476811404
34510555302
328471447751
326371618636
384061970641
158572690020
155836491036
249696294633
58864881408
74259726737
544880186733
226708880269
136305794718
285110888848
552054785799
16902030077
114296460493
333203125418
349820822854
457447996186
400637344415
93183223698
521981698
302397418746
465237474819
303064591566
823787180375
45615178218
281939919634
140166206023
669639921459
505721757070
69200174181
82234654121
305561424839
2082326836
314193070436
357793001528
35142622669
394480940117
341687588
120171865528
264461683269
88668133548
110482697423
137866403221
551005694505
106244359633
300408958555
496373139040
166217426981
353031679229
2714539717
67499478429
153663969535
445250418471
24583037229
37831727494
25549080616
403124540921
58224633968
353224701913
48741298894
311766063462
24109407423
71154851502
199081148858
97713389158
639533202827
67203069368
171838707724
148473324854
52464588596
350270487593
66712781166
10086480998
108983900360
298219645490
172176701404
309075686746
33328460651
363146352625
9916097275
564438760513
42845457880
78287421601
8502967378
331254455712
133820320303
251840838359
57970991350
52732396064
49390137890
139980508590
12695246533
21461085943
61664618164
307999629945
89342815558
92618201689
119552453299
80151801584
45494107126
551171843937
93810142122
13725241208
172187197527
100280033708
36326921097
256798477154
39881778491
24423260073
95034451693
188347105316
178624255970
82514811419
44961300447
536734890503
241043938753
244022769865
24053635520
3146106383
424197688924
367236949615
77414058349
50962620314
673158176343
17258723221
303444703070
115498194875
158680801310
21732460076
92384139094
98872934752
700822197510
81456097390
623680822778
104405967633
36191946596
413579536680
461509858
176726201120
310515560411
444272911282
84908406902
164923443929
430829770770
388623304741
36824410623
31146247304
574846442684
780529017140
7868326235
2165043505
3629541538
2260722451
105924560736
304022786267
221738450445
110926211956
58615564024
35313541709
466850728560
7105734768
176978355350
47258727076
318083377518
513824017037
470047685112
271271802619
101588016902
183511113762
405804839226
192555640063
453015241016
257267210440
219901965952
97620365285
53410234861
310794817543
490315479642
728204807674
548899720651
11427240162
362686888460
54503327743
36575280645
100768933810
542224836975
53749841467
815204946890
117696346608
718582954747
255987370058
185708833337
406536125411
257299355207
292058746789
384404920166
90501850885
180605793258
278236793816
335144292268
268389878473
317955282029
514078672465
587883244306
769564463041
21249528888
378659562942
43379276630
240987629200
82554188029
262987228496
215960160948
238163974305
