444972396567
423378999548
93420342911
204880033298
240469605856
33051392947
18963894583
196372180367
129349150447
415324380697
425024896077
177245206218
232599720975
118743082627
56588475737
364033636797
61828821163
59866730701
68645027607
49043771417
415836513287
125549534634
135899709415
2724055424
150958591592
513963656847
28542425552
192503944928
28152366472
346045048712
532045581258
419494218776
215715742437
35968294592
72856338252
584923312199
346690555764
117399042750
67841924620
790388406874
142506163420
75014782035
355263348279
125388220468
231238913246
15815159084
270371655147
893891791484
190993724865
22064334233
576629566655
181443704591
394056523656
139691165359
212245702794
134381771816
756491204556
439855231587
114194047445
582793691141
593396843153
349944799278
19875857537
42189745600
6881947234
187979674181
112496521393
739130084419
9603265105
581547975143
429735576581
4343009282
77059121443
338409472885
365258880671
4213937826
795495239188
212095381551
280845049819
288851739922
262043230584
162376425752
22131126990
44971708623
250474421274
54172016624
483953248782
161184620146
300411678840
10439229436
347850255814
47393265210
446425804
106065400359
56612396727
157441362432
123678095880
277637851922
125963166788
443030365728
6690194070
157877754498
56889769424
90379865765
18605921296
535361032739
37265108006
115659052981
392506794078
33147758546
229952121267
782015683505
172442674718
491602208485
27523701467
533897250454
107905357901
45064096783
581289888090
116238531747
490385124154
21836071569
353966026152
85013588850
87550230089
69425177566
311243143945
199842432842
414864441855
87320760328
687893305495
474373146438
106065519411
21012745274
108704506813
141022968437
553672616810
773264855768
432932477295
259356076614
283952577178
52214361543
62074118194
46075664791
147809166582
225063643983
616050496918
170658017783
751727384893
164877734618
17973760892
169104040611
349560987690
234683716722
635241541675
588336417760
2483492563
6050471227
708594420581
279233225226
118602642747
114905160952
133167989962
623167212046
555646301035
112702792302
540322183277
195663395485
858398038451
133828934958
27540589363
101539288024
58340879917
632184127694
486085805879
678546446289
285571216725
803265683706
310813196915
649826646810
307721956683
313508052784
99210108703
358423426072
514655145163
306019856257
359574171319
131503581164
83306117131
213858797061
78589437697
138113272452
423896006826
88783950876
462174446075
148689242894
160191762518
135441457763
133207725617
399884718876
137961974356
326458188201
291497524389
209141548155
553690204805
176765318664
50934399548
431893649941
872433173142
68815202301
298311419668
307419600708
49612786202
116136041287
46381193729
675989796271
341898201450
960352022
158179775029
203411390490
628619136740
48539603822
38837016849
232521100934
105422022028
370114694005
307571496265
540182230012
345227906749
68954980721
25203362586
52618942242
110988950047
2447741658
628110453507
599329163466
528236059114
176425372336
24986491920
109931908426
616304606560
303929354318
314976543782
495280787077
369308580489
591203211458
222548091152
143398334436
167588342249
853093975114
424600837242
1286204723
207865003082
76162218437
489621568691
52881047191
626626610955
399842801281
25195068705
867095879391
119577876159
7642442850
82729858575
230133265118
9288585720
243041432380
196168515870
854013016139
573941219847
217389871806
406447380954
217493146488
267733476928
80042731143
140403056262
80172792511
655185236271
182803451316
4323544049
112433368655
706135648127
387360499132
78545889017
68220644569
41331966322
279341999622
554743010811
256279868168
265784791831
174735154260
220900794465
6130435544
273295603820
739151919502
135938750788
79927675548
205280385930
94297908987
863442415216
135169549750
361168713045
299354514943
81104888760
322781447541
351440419663
94841797076
32313922023
10389904689
116245021436
471180105042
109560160496
374887958934
201473389006
200184732220
153559290318
77008455650
479717476467
204037370864
506894736815
34164302141
345425833775
83236135396
165152619654
661503741843
3472409675
252643395289
925572428848
25955821180
14931550607
196974603514
742133626410
189489196212
89840124880
36577411091
343135185050
23456340158
180706169774
429336814768
40735890748
465874782088
537516760918
292806884067
94951203912
353656922750
748659170798
323533124278
175519088892
93738320812
18298262411
27622503791
186143849709
7193605236
213725580463
21002330578
99032989207
580188405186
796316883379
811808345613
457523072179
40743251213
110707644258
754854342536
513496680644
390155962550
513727043040
304774424819
588445422891
36163434619
46435755127
497231875850
53544142506
175295697023
8456204863
27113937741
58042105756
95687726213
506158406201
345690732377
172264781093
207371648210
454482845625
200095648359
65584176063
365016850400
60284725770
331666168294
592114853437
65549062879
6519150141
164751255649
244733253423
185333773281
170741520159
31243351633
96150229210
227010221253
297206717242
102848395034
332175160777
77504956838
42169617116
9281158642
301390531008
109855683262
82193866527
29463581247
116490582191
41988327542
48414482366
357868728455
11842452073
8598887780
186815197262
595053138617
201940364503
767265753652
145892647278
157950582677
220558939010
707526916527
109293163797
196862140462
282922948612
597847847648
66582139691
314103966334
370117655807
328098744403
454205230739
10086556257
74886450354
93115286970
312892081570
68524319590
757633557701
376366311139
557777688268
295895360215
39368628865
314969626688
537160396563
66497641561
189580231914
50487591549
189641690940
184029243673
82398995455
719661302516
519040952565
338073853546
108242821229
245363187330
93747874655
472224551103
250875889220
65047842922
113388953599
128548203798
475725852417
109877063174
33279300619
22371177466
7652818358
86907441327
27761474243
484483804147
207214438122
137093851433
68784080343
252222940467
601256038747
67992161573
713360805633
141366976660
4614607582
330123767266
663429515499
234971888616
36263776505
118379851928
221449660057
51540387275
735561072155
8936353573
595240682022
33769038663
381872813354
659946806590
5259297483
46623426974
705245973040
181953226360
552674232534
368389280011
700965708007
137535803944
138596700760
95527225180
51921122418
325925571236
301668893307
307058160316
663386086224
42575795488
689199506708
586956880246
278586542569
123422916374
172230193025
19964890592
103176564033
285390101493
79686384968
562758878466
50538099485
183542888406
1903425815
78367023856
327028972355
2137295058
358723698798
8194002405
512243114390
632980302807
330408187903
242458454909
85755673058
575098097187
115957574476
6034931198
394154370262
9688723879
577183142508
279605895111
33866200648
742710062440
322483575894
30910120890
47186178237
10820337034
222212270784
2005073219
359552139419
57662599617
116826716523
91390039209
578327260894
478507408113
22998229029
73367775264
2397517710
13745756299
465353433344
400873455555
157316071541
247103204002
25820223997
77950198844
622162086785
5350236754
16268474375
66452302541
36452881702
14556511007
639674179566
600375680355
893263225658
99465906291
17538821974
8019745784
141757985523
346895897107
107366383423
69272576174
314831023933
11651756445
14849945055
280048731752
42029656792
37410350676
557062524202
723201315184
65986065884
372216604305
144512077379
20464132991
210294417098
155550853988
185019905534
848186719694
55120844032
287619071320
108185121271
110497207569
367800697465
632205765193
512137135683
79669695105
325849072796
578491621822
733585239
847563676156
123271653326
9059618939
43615277024
234785545513
163133364172
266221513589
396603665315
214944970744
383270269702
213312891250
130759813624
3203660615
347046852836
158884768039
1676989679
179378039176
16425679564
6103835488
219771749542
240178541201
123703565825
926349482882
80032718547
511055296991
349979521583
48093831905
396095976745
64484103724
555267915057
96949558304
37433930388
46330113038
63539184880
180323939638
415592825375
202261907430
5622246120
551908948494
339769416577
202067003837
234727239934
57429721395
121785952342
42163855075
137488207530
167736286710
81027904575
31672007411
129336168630
68346919656
114670446841
612367390911
138229476914
22186626613
63196000739
45584543129
131842749362
774117400319
18097592979
572099761186
5821102217
24202656985
78025984068
219077113725
123949166852
4031444996
155184091632
605017793620
105681418321
149916386591
446219777015
147497807698
383657420271
209393630292
121303718635
706595497919
103517373750
76502190294
527349283622
22053075565
274181659525
532530062415
156444456444
20098019098
7806348738
516091969148
107628213357
102619723040
368080720536
867764764479
32455361125
260928828268
53952446407
126232585126
503768569817
228036462893
59414830132
231500797768
277079917399
148611572141
9872669033
75252072671
35508440212
267476451841
28845398232
573959205090
261530529166
448834546171
144921627574
15029086258
326093885003
5763816733
52722015164
692782679181
31557209346
469385505196
64457611769
191305070492
264883533478
133226253625
41426124600
4793010683
35991202932
275351150621
230624319455
141349921076
452753450593
53585940228
181347233503
367310898475
263891390448
441631245961
109836718997
80816407222
769192227500
420404480826
55727332329
63439183529
189748295416
11154397193
108685188519
320759672423
6576537260
296726857844
577115472033
243580792356
332334784774
396496496518
66277086426
250345311281
123500621575
471839703559
103286530728
77417218422
816858587504
359342877327
10878833318
314016501353
261664045056
237261511017
507238166700
510449469147
77209712385
47596154627
379281160906
98673336779
245772659009
169798450102
69660908435
76564128593
315841140046
212584508884
699362627601
911479245214
589936178810
800124182780
418827797667
110300833940
132919556463
599154441684
94051668692
48791677594
267869613690
53450440990
798715045253
412943087040
115141858595
173959486942
254899380312
405834889526
63788720339
568540950083
111207290593
474594501042
42669829129
67578416516
96273080544
81277139008
2587681493
144224980553
434601479368
176212490647
355727345051
335423162790
67419089157
1190359806
393685835515
319569320940
26235328360
66130013733
445233106952
359937146265
1691865663
486160801213
162569790869
273483196519
86170439295
325238571885
107741312980
816488590688
677980198579
709103305344
156111629548
112027655909
53574958013
99098922997
241000606469
177134384202
862078544227
249937824230
31927101644
468927848170
244218108099
726478987571
84524770047
66915025095
82180504398
346522878270
174942728654
48765028252
178765541511
397309448930
19228123206
398597315145
13852791282
262090847481
92458474878
11814439717
306954374180
155098230646
166218122202
366461229805
220208663564
537048483540
259018015914
12469207044
118639207561
120546192652
690991430828
196741686465
36829450394
715054821108
308231104870
319782326562
324015762764
235825021197
306401283019
427585042281
131913437539
5183523393
442996923553
191744556480
23280140092
306500207498
138704370553
358775769960
22980849689
90066017898
75426856625
611327334835
358806457594
98111520456
1255668459
223033199652
538023338899
85888400262
156338113250
73012484647
105534292495
202862829887
61402043487
168902711609
161616650973
180320407884
755947386280
491526268023
351951040663
552573546303
178304422874
159295557630
743859858131
625468498649
824156095643
199643712798
746186940002
815058379446
376267964774
67275542012
6449339983
384952418630
30662962687
480987257235
203440323833
188370373842
122608248247
69697973410
573273572740
260532119777
343272236759
33676454691
595963644686
184917798650
322402456132
4614607582
655532052267
207855501506
88185221081
208685477097
161447074586
97709766598
11194681704
23316687482
379990635736
109027977351
92844264977
35828375904
79590032047
124530503865
111114236731
160346180758
281119496506
63015026822
506201065513
337052539662
52358249376
75138909747
279053882787
166694720172
187861759980
576970474491
762497455893
139950358107
465953792190
129359147780
8574354782
113227191313
138613721574
547404239724
118835174665
755969920756
63414354752
3324283914
596806621308
264290010217
152519878879
9742167925
102374047416
4374157453
81872282635
158987715616
895911202023
225608796417
631310367422
168982123046
161436991121
349653379679
70695867402
7300817904
56533321727
11079890552
170310640702
41684202458
263928573344
674855888019
480175093380
503402597300
329997603729
6652279453
554540982966
425957192810
180631777649
869694419938
295542039013
166077616130
219389954946
118705048773
495663317740
5613066724
181804832967
361854194726
21994350099
111487409478
57507323044
842615415712
325611089067
83762461910
386867834427
119860891355
536935149105
337713846554
495314077631
30793195586
288997438281
213529364777
26584938530
5676829771
472778716092
570332357309
375759803538
409608581317
75424811153
218958068014
308600176780
130734583161
602672549467
184634241446
485482215283
35405568382
345776349480
154800844236
240420074141
22193687845
127931616756
114949937027
330349382822
281303454883
208062597765
103377932787
169713048635
445066999929
172029351489
570063146644
401202164185
56615016106
425552160110
207743969008
48499051748
773483322
119254381090
671456475083
15232059450
891589293813
740032361380
12885432926
627482108864
632460153056
31156290643
242659052979
58423330369
864369791999
292390517837
235587015613
211481086733
28025516720
175722218881
425553925867
461024934745
3795935486
16535150278
478750885838
27023170335
395200607117
4549202730
24139760631
786684191046
638648791957
587923128532
248418321470
444785489217
242473839783
228619783726
72744324043
440080173702
328523875890
226130777809
109952676106
20263429852
163783824290
146815849234
61147980425
209827045228
632585124958
635572695908
276721297834
96967143597
29741869428
827938542576
256076068166
338483954256
116801090206
822586980192
388255500239
162722051678
5374016825
221462282402
406249884139
73244737020
300514458185
129332614797
52355482295
224770322614
807080710537
127724239760
480993307275
172577034925
13861237661
241844176863
63898110435
11145244693
188563260289
77505508342
81650059415
55413542146
45008516161
308236636977
885427270222
28363421076
555462861956
325198198014
11475919687
142081384581
3190455562
3018070457
22799993102
591125087921
569890151998
677342566641
53505644177
211877916353
197106319696
203078442981
342278139566
747246775872
739121534952
2565610743
168227790186
433500571476
148538103298
342381989943
239514421285
208114234717
196452667380
303124609117
668449894701
590732334329
532354222103
369718897712
958436211
20941368687
42269412865
143771553192
408533993753
592203167938
658595230620
115721200751
132022614384
456839490195
149399659477
363523413173
67140823922
185138598300
250636355618
6137633626
200625897552
646658191883
716696750102
232079411401
304854760917
71728220105
34653181098
613783091428
405727347266
332559229755
406421938625
93343202098
326065914929
242260153974
64713981012
69510543055
127424867314
70169891401
579855823997
162396186592
230933136943
465212235402
239758838972
208167225008
121582010308
18060216085
9723036575
348727392231
73047459348
263636381875
248079503902
63802330696
756243177569
66421665866
21872338789
232115093375
30169655832
445147434316
95384907099
635782261
535397032658
512487999684
4944843294
283903312063
90264497461
767816087017
667653059687
109639873504
321709715889
43949322650
50246426709
42767335178
378169729185
186988278334
134120747746
92049435903
161937923446
319038292064
89133408634
633461800581
24549010941
4611047146
256421020042
512796371749
470314433057
725292920256
3666835926
111338885206
313248370496
330660044683
73783705117
175016451657
77924699928
13973068615
746185604209
203120288124
511487902033
438618402266
196029429437
151524548801
56861798729
126771466287
217803993088
444884994381
592791681922
15613422609
8073972702
61444388677
593368764416
408914427958
158228563395
816486136131
37988773943
157463782097
136921542481
76723508864
520254608954
381617727672
185792198660
19816383502
107535915196
19179834197
185036663792
286612288518
469023909743
91828936742
413467341243
52130292618
641729491007
38906934300
134500670764
197701193085
31385432461
457591585444
133339221104
375123180370
279087732867
651454445490
157984496173
560304562811
45546623935
618162668290
332940162784
966331124
140836538470
98576108643
211508633599
209439954440
119517660871
47612408369
130219113192
578816194
103690614634
8089815713
107855812941
380908879613
210528164414
364818736382
13524748030
35684425882
644947677821
362857224017
111335312134
331849841412
78463985804
219213134185
632769249145
102757888837
847377447701
702865569755
65706306707
174545144535
87916525010
280507448697
265518821849
215236612681
722665741652
219490939428
118199223107
98458921697
644914536722
249865665805
496043699831
127588722451
140686843781
334148740592
142720275449
137636253182
30044532986
239512331495
248989211110
43543361675
65066269008
239980020233
422422404589
2711181767
3892722333
307359862602
219542771782
280188781075
22942221592
752747559553
90057689959
6744648687
496889500962
78202056709
868327655383
34933044031
155939590297
37926990424
42162510968
342640524821
260375929139
468556049023
297869206912
3665743525
347115429679
108699519976
412097843483
85972384268
244251714063
157498392151
566472986036
2396583517
144170007675
71073944549
188443275528
78524924035
315751226117
621844218635
710743906952
20203930347
526670848945
9774112191
787972104355
107304897674
341345430918
12769610849
411246960010
39376492426
586684222594
589537909220
58067419922
12004843479
768671772079
160785521817
255007798366
140857155765
7680863189
8748779815
608346831824
62151856774
617185407051
207160494104
115417985619
451513674368
351586858576
551272302746
351216635933
48983680895
174664821578
86692646485
138884044696
24015385991
3909823889
506743807175
1925417876
569817102323
34888752597
357157459825
372930452809
77350642920
7011665717
280041342115
46574554375
42978501785
443562078913
471140397719
550049448057
44387956022
374052807559
564350180072
37718849712
418111834902
550444025496
299569230095
277994641474
76001847607
398081866980
133374073325
175519631860
54248764792
268439705715
343462325567
187246458978
190226160480
494982432653
276680095635
150693753777
774686011345
247982123572
181387426842
414208450793
28190982244
398075772506
314199741371
202076276931
62659758799
184993534430
551347294427
192266413541
512287322279
42518621959
255861762980
534611891708
28958253553
163992076675
77318766880
39097355193
349883500782
387242588651
218483169185
18521659582
193569807907
98501988279
503402533130
156541445071
562011268346
16838597488
289959362962
6749290159
172187113709
497294928099
208904417518
481558209863
481078940070
194201759177
173103875332
50452769035
10241729385
62057691987
1008364148
3719545915
146499786007
418888589722
3048754400
107442170005
212941508177
399330322990
296478565552
187098056122
740766644434
416238332991
164118393127
341784033360
11565444356
327340463966
487222258169
31590718074
30337881796
5370786661
43885823970
147770052026
127273589609
762371937286
331186236660
378135802973
262775085314
208564422777
86691856080
89044867330
140716904871
648301846272
191933238307
456100146623
123055742586
292037115791
18826788071
125052591209
178956183133
10248291945
3169165753
269826290890
243473250867
51845036537
41197407896
14652455934
478419344
58208067163
546264810272
736225430262
242244789545
39500691341
3591324300
76096550805
404806484524
62486426018
142194547993
4153139029
631749066512
713980893033
274020506768
435622000897
367300592289
402986041193
223310443523
235698426589
655124327246
693257195850
675816049085
135671656666
218264182311
113921214466
116442136489
20599420525
313689774603
643796933021
264763666889
518415343609
305766531749
86367795798
126405459603
364630372682
798433885757
226386716202
154601089848
139965380857
12626690047
502316885129
4990838275
314627645384
300245785520
200219247917
396633424026
102306498842
487917450147
479112859926
175568106928
155774454308
99289730383
179028931384
174573980052
281996416265
391596604138
411291792498
3307834930
300805677554
246264414925
55626009833
205766328897
28280735743
340868273836
227032792012
63818097051
631605145217
141172368132
476304216065
80698854372
100766007865
36825430063
6453421347
857479847745
33832055537
202873529658
152187771317
26049439804
103721971447
320268243313
612925585072
115398783778
594752391781
321674617540
530467949788
185995226780
329117525105
11388163048
374358995830
54744040968
376949467942
3760109894
22081924804
140463968360
701189211611
68372324682
152120053643
102439842053
157481784619
287991926192
39126290133
238357549364
193932798575
495785743181
10325449520
41131052728
124895427810
228435105457
174819680972
348911093536
575334131701
245758658445
545282098913
439661446945
72271327778
4534560842
620402759090
230236100720
287516128146
38481290574
406534986701
276307763938
16937556884
137784503597
271416257427
103874948360
3644418599
320859540530
194072474277
100254677872
116182223118
280886657235
5591238167
223648287324
115226759652
452068315895
487249289786
14404272469
54188993322
997693261
600400873100
38468115196
221913966679
506808489373
246809450363
92207426338
475618231038
75532910580
257071045534
9382310171
560879799970
47592621691
488791938578
669751983630
99681452648
536531586105
161722247177
73855416931
3329083540
475903805665
21646509670
912365472
20844429853
486364813685
267130417410
374561426024
126265073664
137601843784
324202621236
576642852996
39208892180
91292797689
177403756994
723022739215
168900798344
316786862068
214178766465
36583085005
68909414224
91681884685
3911844088
204412762962
589716282457
163835585659
57664391345
421946767100
340894742384
105010018538
137914256847
222203920807
175549380410
263756877942
63299355421
163274780676
29656175875
230684924833
61554378862
13098231428
177766687853
78391939773
75351028866
266232713851
452162406920
11060213309
10661230233
566392127397
231711925058
5197168422
240209815242
41673547590
57038888061
352103607873
919093581013
313482012674
120401346253
4073160591
174711821134
24476946033
635395930092
208078347219
20451420246
440414850136
301958617824
20572307566
641524823067
122930180756
5616313334
79908815372
196547556469
59265433046
138579813252
571688315128
14640346217
141707345422
347633611084
79572539709
54274033958
311133560800
163858558277
451490629392
2637341701
226804097749
4551145946
51886823423
56382675104
101132514852
179490207487
64011577850
64824333315
70938830707
64716912212
27540345247
158802849606
613108414324
573987418110
23892369098
113915744647
268009430373
431585057508
211798411197
517282473889
625368041090
638059495067
258982327861
7106438732
77170122228
584086803443
156723190229
191768886393
23219166274
168034682274
251221863326
400364489516
31467835299
497438667351
231316148551
488663872273
220274361616
107413314045
7712554715
161172242007
7990488333
386564369204
443490133605
199539520899
119671743428
89521895563
48143569516
158871764952
274514176394
48680712645
123278257907
9777441523
691078486841
313088019472
296409811874
80878566048
169901835559
16579834603
346189381500
543244952897
659481418964
507228537011
622410700925
268430227740
654614324986
261898896818
111190351899
642940082239
62523401540
60202318291
129651020827
241740188184
6658766815
418118108583
28997552448
118400229725
93633483656
256709841685
19072816028
124566636537
24809491891
381497081287
458315190566
422135644836
36094378266
474383455465
209607170044
94008114669
195292962812
302836985580
268436536223
121898274133
555617672389
38357888969
135230116824
663472887453
366916153998
47380955313
343238299524
162021611313
154958650861
19154677395
251381107390
159830924431
998459142
44790444507
198736161452
631459488653
477526494221
708158894603
276698881602
216828472232
396642072789
286171743488
243289849682
277060499106
36091702150
87146789086
214157425688
159063526447
575159811182
47626770230
127978735723
252552257491
13041194990
124483956263
348553462112
52325933135
23814949678
130665937813
423696981861
100800875667
593885679949
607164363176
212482294945
389506142466
170028431312
43373304461
763320006672
754000432259
184342310244
74767819830
226522594683
193362783603
689494366495
666117043986
19709865142
645562743326
87883611875
887001648234
122213079958
126875396132
565371882565
53445204631
