857754745796
645711543392
459086828635
155919750530
11243944225
95516872064
294109627176
313206513072
21986159994
298451949601
351082837866
782349644724
444184582559
869775861982
22213686447
103717720376
1850758258
258916563287
647615936383
313674462017
322867253837
88316850911
507298130879
87742795040
56540646823
2810481244
387149900112
648266345422
166385024276
359503857664
12413378131
5587656499
32854230976
220827202513
191628147439
155289156587
38661454135
11399559333
47788810420
361870339948
127901255657
127922500469
241880660686
518513014414
39026497050
207779975188
458976412539
19887390276
114700854713
481463595204
1492379547
190209766984
46735034236
929350382342
302803699136
298332969772
86836521745
174409955613
25152783008
312813391141
268360796760
661154696053
195735222970
96728676962
42318851870
37241454824
403094097864
19524774949
200459314702
1239315110
110869575471
875653495270
198483668111
471820345693
100432869541
140318608684
245535156278
248314455366
81502067182
551251135205
384537191818
6146848700
9010299464
146463817002
264149507318
120163725938
542106741563
172879559410
552841079245
215788811613
155416536587
439213237745
103571502536
43754167151
5486319183
110488715860
641277292288
107578520269
143139669812
110801204108
332186582148
67225134980
23378292609
114268909428
122586921325
757861525022
121166347757
67654241868
36177467268
139465064400
209443535688
125860061208
219863063697
663289868953
374710064449
115871987460
351729048403
141614539849
376718206248
552044949571
133132718569
679358567696
103519160904
146453176787
631904538141
233888582016
20902646620
292322688455
383183925349
343389696531
50639159596
26297448009
86720997768
9119158023
394893771
517946022215
30438544529
138388676018
132167343811
71008166912
298242861613
608892979810
535698742896
50661283007
81166724935
50599639844
15315088921
75918296737
109128036203
65787149637
101358790800
17722151878
34479951959
266399159440
430101000831
176516527558
435102237209
12664485591
578558080617
143658119227
591520554234
9722137164
23339271856
204684291179
750313050340
314711222095
13004839878
325080365903
725231577066
435895291265
48771519103
139519105322
161130066163
318930427899
393784456162
3493013678
517626593286
479580582
66659845874
180011479051
132250672181
78644390495
136254718580
10634531549
123722609698
86752230832
34896278180
531178553
99956072321
5076805946
174770379566
123949301955
277523086815
9967935094
565428463092
384659881827
3607631413
893217678291
104688153990
25540350944
510163353999
200546878928
365637958843
1681126424
497984729976
94497600365
76766076180
361617857103
853979855029
170744241846
95579096382
231808740793
106839618693
152407894775
24320067169
478737059134
213406990557
1401585712
152486943958
542933683354
18493265695
42473840444
641685882109
43250479595
14046989038
255633380703
358750669871
160624201594
35080550414
243563499857
66834974718
281532975299
309060180847
58763748825
3772765541
124710025388
94791590077
41864294740
10328454125
276797030405
645625953689
232050271424
124397110488
33776849005
200853019990
2426267975
394429595477
531447806178
65056068271
496468862865
35572588710
104045986253
132789939278
63830714569
222925031725
694765727805
225620571342
177860185579
6210502500
221290171736
149612492235
440704499115
18313668356
243297702934
387080813324
512099954477
706424838395
671376607383
606143272073
740566015208
664725951110
14276939735
785127019459
122669727463
731945466741
40117152998
21624032562
526552462310
24793384171
480584181960
52361628824
6080276124
293546646970
139932128051
726182042272
187546553202
470217613525
27574078638
128878498357
7968143950
93524222043
19955268223
157096075983
667314703234
161755363495
55162729998
57928013037
580084950972
189819645645
98245193201
547898760835
248621982357
384880514914
273941988118
387898653969
424178392361
227026790184
107273921045
49628799358
221273240385
172264012043
373349971862
243948443895
184752561263
242019810621
139234962115
418824717988
161609181510
750239752892
65917494523
38133622935
1039403610
754897430743
145987990031
688032532535
95573418611
259697079422
316346940100
245234670049
508885016248
857579839533
115734670690
53685626510
195029325356
245403358254
597801588113
691584768950
12431191986
163798879680
23378292609
161038995634
838791869620
694016103014
383426889627
259715793974
61267482539
238388289594
466923814381
6223120215
308956183443
115752169844
361221246691
513788866711
481140652967
2384566693
83876434975
653413547400
712206177509
450968229016
385590079844
308502078630
367004979382
11529248988
14809897019
425987433991
238459842033
14858369353
328548638783
148378073607
600986306578
203777031723
145614342972
419445371138
42090882203
25040827043
149756167140
11532876045
53005985856
55728361824
20083391948
131480238534
434710253597
242303707426
348818044132
51425283132
26750779738
337614245688
54641474947
19531349889
4013295898
251731943521
195469773008
603971872902
79439112555
666189059520
218157005260
7891767626
168966737411
210710094010
242500398641
156254827833
65309862714
673764020
285574253457
382149934576
270173788754
98520304183
172559361357
48353305000
22124173068
53148433594
49983445974
106178400567
369383967464
143280249704
550142617632
5462228190
410502220438
288754030663
383447084103
320872911703
32213515534
545237512678
171002315482
107565960177
92415160072
90192212411
112130024694
17351692351
480558251760
400685932959
63042997331
306159345433
242825656451
100934486321
199110750892
693542443832
604059356781
44579884375
199294347490
59613826495
531178553
33703428703
607827742900
126204971783
274683687352
31131488180
19476257890
426512134776
108559971886
146061797509
146345605089
106298068296
43560587549
69185872676
184008197968
88942680649
60298397817
351595896727
1565656935
600176245016
149924360185
569897681425
496232254807
100374201234
210704836504
41117181639
412210995658
324900365063
66200199573
9138239049
179700751149
589252699993
63857212619
510149163185
85442146839
676470571747
113781107578
108284409165
236952122623
228783898413
757835874990
837533017230
840927841683
58160823430
43888818966
225806396740
424447064660
243595752981
69889127295
22191536684
122937288838
172515269956
295488517128
203145927235
17952884111
81545451254
547915099302
41288277996
365782597092
250016492764
737176416682
226552452073
172543578520
68802284894
217536221973
214953974377
122156485735
263307309534
159760094949
389715696088
78366513002
2158617961
299624665438
198612628440
104059041464
43609847154
568504174386
57271948244
534987982267
241710783983
196284690186
324257963136
167658997581
366247652719
8965961043
670176044
143123801
147464280877
15343649065
310870066498
806495542939
187461678007
4338840487
34005975406
101192295847
86551776907
119584934350
246222664601
21515736239
127716457298
656474391317
71712334873
136508985247
418526317656
505313138616
445924353095
889863553588
30836442297
298140155094
10382320651
299385421226
390908287357
253994367997
354229405122
305851217329
700415304864
6606257870
242187664346
263002923534
495483912649
585715686589
341208973175
7633663370
46592934963
116624455960
369057865067
587768956856
80145026378
184840394225
31698049936
46178165103
238763921260
192870859783
4723178748
487556548053
80303142689
218532103250
229924711534
331525440465
248671381538
406822091313
180058297408
41709219489
94990566185
174904866161
102853249510
188415262211
309180693124
10528998607
7385213043
513045590074
648607471
768396155077
569122198845
88234596287
765081666993
119132029174
3874167515
12016211901
729908090548
153331787142
176425667098
498459184033
572506699480
467240345839
5495624209
46160227980
24086700405
380179517936
546408623534
6481244870
426578808237
32438015485
367399874701
169239293869
112213266105
37778644330
147104289531
637348721113
39986649575
65044909418
18268331011
293273349142
67522744910
483811705889
113604905031
293855400092
30787142230
201282529368
591867132640
12432018135
626051388957
8448981979
605107480332
274850486209
320389734447
190053306299
35642532733
386562529372
12078191939
166183910272
561945386011
31073891030
234054439205
163774763550
60559945847
499803195516
58919476672
349911179535
1447621489
31540607858
1989738999
4407524638
625867981535
248534368253
14920183054
620240429927
146487906628
4312173229
371817290621
121508919886
118815546087
29199026751
75266862959
685940159735
299387665639
126693929317
480927146164
4856944123
673697009732
143123801
242585357431
520416789102
259328345555
214660578366
329643501908
75866662039
320419709317
322317282580
28837949629
135409165159
208531529467
78180432373
313014233637
43671534600
750335685326
62411951261
23069962706
192357901309
68794354693
3142048898
100632321258
392363837762
551460861785
93376319997
595886035409
143294593861
208065756572
344263932191
283595822837
409482743937
551311761396
232071342919
297805987489
20483238283
262814198347
314698354528
315609359918
20539969097
110236108119
245872261909
102508343754
76874663125
710234782743
197614765810
262337388835
25722776765
3028687559
109634263468
316603272129
15072913299
105990770727
30682576782
502002104590
47146543315
117311616270
113717958546
132542206877
134192111026
10032049050
171469287768
99552960037
48948909960
79075728871
358443193277
393805078841
244245223212
603062787798
335415232371
48698248805
100754424108
754077581827
808456667150
666222950119
571216646283
159922088294
152972830232
28933038
188177060153
39201291174
9430769752
134741390208
101831093939
540833794248
457915119286
3620653632
129001862140
430038921023
436872884866
97716624575
19814519964
510714283596
4846763371
261132462104
467664431822
508907212920
234699217328
184671385016
520644749749
221410856857
54676890130
304948679174
106271990988
105061521248
763488206635
171895438506
120363495000
138683285479
144721028676
153047196182
88269096500
157808757411
119208733852
244583930347
114491188582
317121134706
140154388256
166763339841
112140215150
171469896628
123555876750
188485163206
525042406528
9379254062
24589239849
219355569032
41228118049
47254135564
108140593060
42009439828
59486958062
107939621103
345868301245
142758912753
109126608210
540539751128
5099551299
43984096889
156704571544
257865003656
438833262185
310926993860
152135795277
154645323693
594276360695
406954414345
51045901314
89232197731
445901012996
427295917305
122466175568
266614323699
249719248900
272448700692
194617246500
472332412742
158343453520
214116338193
544606882562
524499769314
685786316818
469254043920
103065808677
355547253831
61485378284
304408701813
3974558133
313843941509
827600342559
71873628519
35041087654
2934097728
183653558293
239118799996
29474274998
408951133816
653452938807
364336022518
454671522880
39541423563
54158805874
3015228089
9977961687
424392765122
528824830388
174036447794
263503053652
145304995334
9469164718
420788413383
9152485928
151732956767
514250083045
23238148860
79233967160
253017713338
382589316239
69994960719
366137938553
356992824009
234501517375
193546559750
496179948898
5151185695
35520888400
255511013462
235836766435
187796478810
177483093723
29587554011
111947695507
372030082047
42146950464
648048285328
47106088658
682228415308
3948863120
278935909812
154124446931
171662981996
84445092040
675408010526
483097904258
294617608742
228560103063
9197684709
32410512768
81434549091
337692859355
101130048869
275491105798
163594877628
624106801533
116725952500
293008598216
57206826178
73189143685
267740627527
763506416778
315594329517
119136065790
295153731009
198342771201
301294514618
1569904407
165137081353
366920860655
531640435095
232705298720
460774017308
27849423261
20130769830
394459792428
79559078197
57345032449
58363100643
670993686937
132695437047
498972611540
204675081536
183600796795
165391127918
1220308760
313796490357
398209373146
597862774994
125548247675
15685737343
204845866029
65672515903
756392943924
441453348370
93346826647
249167593358
362797638712
28891699657
285680704520
255909927809
41085350733
152554345025
378434308122
385258907605
17860607711
210868271740
454191679346
286821626503
26373155786
23593493138
106840447677
309807019681
53694213082
861953444343
40131619569
334583759201
112680957903
570018331841
89719702049
294474173221
151748439028
46712464370
735351803356
15990075017
181618174983
36515234982
814061040435
843322264614
13968817200
56421413935
31515631448
170165236231
151799933419
141084934904
538189301562
559046677188
61409012713
103532408339
50853377452
462922017264
59871096149
356229675750
518757029435
119984547329
148719559130
277222483750
393567486139
164174528300
221851353807
34725468218
3805410429
120855024305
476042801183
455610963422
279771645692
71349311986
605659511761
11781795786
467936398846
55109379221
53334651729
40639950818
92534841804
202429721238
33918300251
98837155807
95082086759
62453892549
531469832182
597207902274
441296342640
58569891029
228757709233
111247270514
473988067846
224800028939
555693810612
74610858667
221678232356
321371326513
78688452362
333599839823
333326935250
72715323939
67930110459
38554024220
158265050763
43150157327
329852503564
117250679262
38864721951
227726728417
529247029146
335579317077
135497005222
671028307325
189431648617
157724949427
168816851
563368907528
95563019958
352325035629
36728189802
21146011886
34617281504
31452253296
259349968762
341773933599
114020518075
316420130024
313968839900
155830017156
435543154864
389738931077
93961109649
374313849060
608544413243
96577001279
787169873378
237882787146
817795565187
237298455588
414215004760
220546536467
709742795813
24076685933
56854097536
119584998051
3451214400
198113987623
287612371473
179478908351
25173196292
52183313934
360797859335
339291228249
1108104879
181638124777
638729918059
442586226525
29541619152
15274354079
180144925211
46565959032
173021260804
241420934165
450528634300
133255433604
471824676900
109646823360
388478041806
444273682690
190445648856
332797767766
428871001998
177002747176
128916749308
220568821328
109829687531
5433843055
129866212164
89013056875
553004163327
551150246264
16344217854
53190437846
392103648142
601474868693
41500399588
53984716241
423943821713
32595252040
269039808719
346380954999
94836391761
43864134297
109853242912
130978378356
49974541630
256867656210
63883613946
124881465114
14463657342
293842695593
472174633801
780232292919
314551008678
295556372788
70712944358
149572525541
217019908107
428262237319
67859690177
190649829014
833553210337
303303121425
318447569897
504221346054
452328521984
214666269812
180126044238
116927705137
515736704521
425738304841
221446018572
53497644152
486461995909
200163028143
35082365026
168438248435
693186365293
69909240758
471844463156
440404019342
20539901230
5503967048
406316352968
205701079535
174547050674
477071918972
170163001506
7830945119
124076073381
531443161860
294416501883
228465608012
156585582773
255312069125
307617638520
98583583584
72510627594
46903559561
38150923273
277907854996
19991912561
184604705886
484788679821
123818484265
93924083092
80925417094
60731005070
49388230434
32200189225
686213801682
49121884623
349955535724
38592241920
568435287578
532577525382
806664599281
302886834167
200795310205
377907167544
210379683531
135982451181
301514564014
361437140882
249697802158
229015631721
523795850153
373643380469
360992306214
221890202683
349945957764
247103822113
211615832921
485818514495
30013426702
149783728044
1512875068
97298383667
453045461071
356337699523
14560047616
32847990674
644382586223
417202178318
84815980825
489798673165
362607393323
77842068572
314369155184
684921588828
45122368679
136634693163
10388084033
498166823260
114322969413
370531678220
420672694355
525208333518
3803131863
12480682401
258592194541
319705453842
150845998364
1601368619
118241112421
130174149407
239999060326
22089824466
32852077750
47288817280
126423291031
273077664065
373992821433
432860382436
32011493984
148425434135
12233738040
399045288620
728029784160
306211219860
241108878555
243076556021
434536421981
137391139688
367008648913
169829746277
667028165497
93450243036
471360782007
238223017933
340190968009
85200276960
582471023577
18998250858
117476139396
615555881066
543854544979
53166392320
138329794015
81482654151
489749656334
347690714015
236206563628
86317326187
94682920984
259433206228
641372884834
390469819891
339419427477
334686163246
83812999027
81847745591
188157773527
185862925270
86889536867
34675654930
333956576168
738160170933
20137662820
51013248162
13974936315
44099833655
9626340849
307762296992
49172203371
317788562649
35088549815
597873133906
452002308101
460909616499
2092189573
304588452179
42266260079
151620897685
210632988275
55312912767
10381494378
1947277621
52937699816
184438275858
103649524505
286368826680
118663334617
350544534201
431978335421
100173852462
2621011947
726271524355
669901274220
398855255498
199407785508
505468956087
40344712001
2715220614
50093459675
89666797090
97892196881
169681077488
70169970193
413746787685
133115221393
127489713193
362109595501
3623421588
340113787485
84665821899
309473592563
683590414432
444699383774
542192730571
393711042360
36160627406
738065368721
67008223541
85215200502
395314785920
239626504088
449180213270
15948347128
65477046282
205761048594
182636862422
16155564264
112992075704
43399779420
190594382337
112073156197
228265502624
526230527439
50281956536
112918675705
366966158418
58616739020
83992779120
4934229307
521395637538
141230936555
52091481846
312513131443
1462371128
431600003414
19929338655
7269491069
22604784489
353467154663
445972150227
20775050834
215001638582
41568267791
372519226561
131178470706
32950037877
303192000497
556212786432
169381417900
125400908158
212184823424
195853030080
517632773618
179066253759
11582903527
53275332799
58628090671
197030251087
147072073461
481941289011
1612232419
565494920251
320919241333
73472388936
282270506578
66154974095
210692882203
228731107287
646985772173
83853062792
45916504603
41749343844
134262829495
289770448954
92880559203
396468172240
115579785467
632723894596
516334221271
113203262290
101458809145
465120234441
5332378555
163765561910
78018644581
80876824787
100212889472
201343142445
587791310378
14441360756
204731461107
77911720210
467233094957
136364130958
29041528942
255171901211
3300858599
630341786290
362408581192
14807545907
66876445837
482539972267
556965117194
116292320196
240560551372
449964864913
464962945885
301437221854
731482610013
547005441608
599270237994
221917090785
322686958410
490226633080
14806357554
215745515395
140982857072
355032429593
164869741608
219905964231
89894259970
221813959147
358093526472
61711295314
463391712735
570970514048
31122302687
333954519434
9269854864
554489791906
36262966367
456733611083
283150884862
45431857382
208289296334
429780554637
854573616941
63709767684
153646672604
636090083556
27211590663
60506270767
628879775577
220252384525
442204666387
770141812279
172016362421
291770769445
250941145933
374861880377
240715766408
120029670935
24688693945
128094511367
251112358058
284602085411
36115823932
253849802408
22622151766
213690656934
63122554620
160282458688
154768341083
15721900471
452139343116
173176932282
73244564620
150661449890
193802617698
2076784130
183469305749
13718052177
380383071416
94975559485
160859604875
104740346632
193265281913
73211681202
123796314436
86703275932
71322937060
531995609850
681314679007
830611542722
313366222256
33853709850
91603644861
41346088188
26809919400
16046687681
23099296941
5519835221
638827282472
515023578653
5906966617
76763729681
58370423360
162119518831
403919194915
42531927448
919903096751
356216905277
207050906534
286967105040
529344269198
23357152085
302141199917
71877141082
543207099582
70797121369
263550606323
559703570632
81293232042
24931634935
235857306702
582123983266
487006814066
336668611590
484384777015
141088299187
339614977319
418007513771
283538072301
88935499036
431529605393
212676147204
52097547182
204176908779
144095002293
191815704667
47445316186
112400211883
95696851424
377771851591
102799124193
44295198243
191829677883
588902202365
76424883081
304735844114
65127298634
391276127139
136684893805
310335038098
417976984262
862075895
71639517166
161727491280
450405726031
148991436871
230817186156
190237233705
1172447105
650168365846
171621268946
5059709718
309754020069
246900395824
315819589723
356156898805
203741328397
811666560917
345611772648
230535716282
410908827471
504092109975
19939362966
243679724723
315834138529
467077366796
175541795692
569296809725
41299023332
788850655964
279046345676
293135204137
331055480066
384146794974
127855377729
254698737526
60887120080
273007288831
210207710016
202741794974
447072461177
95571997806
238574841364
337285756514
15663190001
619868688809
8940813661
218799194470
191053133251
315086512125
312049056688
375311163610
544228292781
432992185651
405216045896
410781353597
21035009977
344714351213
28657638326
79131433500
36761642509
733975032833
129383722001
16995459261
164360453879
109918271762
296101576032
758392390476
123957523551
326730451315
352252615024
3433420995
211628242474
341417310546
514236903604
17014893072
316222489841
18919010350
177846202072
5308266239
55986478238
502155282393
312730046941
483436670580
424853632348
845405961917
299503217290
132878029686
200201796636
307809481015
135498993796
82704266068
350867435716
104912670114
403937332140
285918680759
366087975794
133837705628
41804673301
498589767288
398215349460
350007774486
52759878729
130034996930
620613024608
152677159363
73237002801
207077177951
323795220280
209444405310
91373783724
698866912
62750004632
345868983369
192178113077
50259825355
48304179609
268589797263
12665065145
307726070493
57920992560
277886717550
377563231194
568816644114
150489209737
707019776841
143123801
137020581777
80219557804
292383470106
496538000086
494793879188
83323637546
73432533910
18130395112
16500202116
129734628159
662816884060
556422699678
360801618596
121527100541
21565030409
150540854466
149399635393
184725374952
480098614021
147009780419
3436231113
127259755197
479506110005
20208469774
185981488295
210106125086
9769666840
19162871725
380648465496
39077576558
221247468116
261354580327
301543027876
744651953563
70060371270
500698876599
399789921485
277710380443
495202464327
4213176659
398159422747
594935173003
136250007220
301384267478
682011138932
52644890122
44411333870
159637677491
18918013998
516122640336
5168670622
192781499048
231770933300
723544955590
346142349463
84511537774
475739753610
651866999503
226797406258
115423633616
74137308916
12761737628
526861146592
305887726269
203564945557
131655872389
561436181366
28871534317
606730888091
100981096213
718539233577
28420960545
223059590278
78824398830
562031809621
452691835157
58771747537
46135766813
309724751832
82314784393
86029134508
250458910585
69806951725
231649658019
12660510709
380021394560
623573384
130886109280
126571567372
24861392254
196111764083
41884228631
365243174561
229962733823
147253453332
321369343931
22255658591
192134747863
3620653632
708542732573
55228923413
472185315344
57549077320
22637503185
195017289650
227723719989
3322920217
93783581828
234995068349
379860518690
259322062606
18860576516
46837840778
478369595905
149651738966
150042387556
79031585500
30834323169
56799958643
56094249211
124040652148
367418987857
291206651602
110672489797
49376182702
137993892666
3361435910
569425850653
5517591299
4294233942
31407564708
457433227293
197743268466
262646364102
30465507826
42615981955
160964942694
167166228209
509458342837
525499594247
69111244222
12599150291
114079302623
38002727802
50753657224
143030890783
354827400229
30577757158
6383832177
20798965160
400150186099
89101355861
37428370297
483765835296
322218449255
91306044500
268316459209
128407917677
435010095949
773946044780
38968882616
858707098870
37378415713
7655818680
135851987139
50922800781
66490861850
26875711891
478008325284
307231929279
8920501735
614422714004
488414662602
32298234251
517508291731
246050321496
540486485300
589241572361
294564599585
174133855313
696915462566
22206426712
50653785259
661700034422
800665073250
239008680161
9804434568
747896324656
33776849005
581657509449
141859396697
297108969752
80999397476
51933501680
590456853781
110099001
285213262463
139873955576
129775663373
390160072671
308532122371
431441104088
6123510020
274328505983
236858769193
324605642567
16132959099
89719137802
398966591394
420730798806
138482070244
683165120552
127718847573
135865908430
321548094778
340244244309
309246152565
311280610388
89245246673
631724933428
87444029599
188674369355
338086915237
839454596411
234430967779
