297
998
1605
793
783
1132
744
433
1060
621
190
773
2177
1249
199
2148
1647
1436
613
1602
905
917
2300
1532
365
711
1755
1622
1086
1836
1881
611
1766
435
1129
1154
159
253
1102
2372
821
844
2345
2217
1833
1461
1325
1908
699
2327
2205
314
413
2105
1886
1081
812
757
653
478
789
97
100
2177
1087
1416
1932
1301
508
667
1236
1607
1144
153
1640
59
830
1311
2078
1397
1393
1714
1971
1213
2238
512
2251
1776
1474
1255
655
1814
1745
1172
712
759
691
311
968
2034
188
1597
1701
1068
1789
231
2303
1714
1342
1417
1410
2129
100
1668
1854
1342
625
1388
320
2189
875
305
266
815
2385
1890
1427
999
1888
728
1314
336
1422
2117
1002
2302
767
1669
2334
1621
1857
1840
2324
2295
900
2153
250
2352
1749
1341
1011
981
42
429
1840
511
562
881
366
1985
1334
1230
695
1626
1451
1693
1260
2318
2255
918
872
23
1539
420
1702
137
2376
1763
1168
1990
1768
816
1694
1843
1856
218
293
605
2452
1804
405
1672
374
2075
566
2250
1910
1051
1253
1641
459
1646
184
405
1805
1126
2358
1763
1159
1794
2143
1207
2237
1919
1166
2192
1628
1912
2015
1767
673
2431
970
69
872
22
2139
1452
79
179
1617
1956
1516
1084
552
713
452
1146
1678
213
2306
2227
1574
314
387
1132
1785
1860
1752
1889
2227
1530
1593
1043
494
693
2356
147
1388
1056
2410
182
25
1649
88
466
1212
330
1854
984
1132
1465
1496
1190
525
2265
501
1574
1598
411
1279
2018
2035
400
704
1932
441
947
1959
1818
1545
940
354
2407
296
1695
232
650
1504
1065
687
1647
606
328
894
250
1224
1169
1041
2129
398
1660
82
2143
730
253
1782
275
2192
777
235
1228
1219
946
1396
1298
718
1522
1918
1962
2384
298
2162
1950
379
1830
67
1744
1190
2271
828
1137
1263
448
1924
1658
1331
719
1945
261
1555
628
1140
2394
1944
2163
1162
1206
207
2092
986
1119
1576
354
88
1943
2251
1168
329
720
1748
283
893
2110
1923
2313
1896
1743
2367
1823
1961
1246
1655
1383
2200
1895
707
1640
581
1538
877
1707
173
655
2308
2231
2132
752
390
779
2041
1704
2340
1583
1168
1915
1520
1594
1244
503
748
247
523
1882
1360
1989
854
231
1588
2187
1739
788
106
276
21
1543
1040
1106
503
1951
1254
295
1501
55
583
1100
2217
1681
1533
616
430
1266
1625
1849
1214
173
1299
1920
941
1103
498
1802
2180
1265
1620
2261
338
214
2406
804
1835
730
1605
490
1517
997
1975
542
160
2200
453
1697
1421
1468
957
1342
1321
1177
1553
1105
2442
1415
2300
1024
1976
1916
1151
1182
1703
1460
526
2049
566
1616
1738
595
248
1855
62
2122
1267
50
755
1420
688
105
33
2324
2070
581
457
1217
880
175
1780
1883
342
1147
2305
1425
979
1042
2288
1596
761
336
1886
156
1273
1083
219
1527
166
641
39
2292
1364
976
2141
882
891
1756
1435
1260
2264
244
2111
1145
1465
991
2121
395
1728
1331
956
940
2310
1763
2148
1440
1009
1310
889
1713
1748
23
1992
664
222
2376
222
90
505
691
1535
247
2072
1272
40
1908
1238
792
1573
1559
265
2411
1212
930
35
1799
73
1044
1028
1066
235
894
1870
412
438
731
1872
1546
2365
2235
426
2037
998
1043
793
302
703
1115
389
1054
1609
2339
935
2109
1281
897
1935
1629
90
624
1964
2054
1969
1599
148
1978
1358
1700
424
1527
2230
894
1752
1968
77
95
919
1389
2320
2395
1918
1043
2402
974
907
248
1734
1155
1007
1618
2043
1704
1836
1522
1892
561
2340
1741
390
2458
838
271
1598
1027
1789
47
1091
318
1332
2191
85
1514
1483
2095
727
1722
1645
748
112
514
1490
817
1945
1539
1607
2286
1858
1810
419
975
169
754
699
1116
643
814
93
16
1261
141
1380
294
1773
215
184
1647
1771
493
1998
570
1011
223
358
692
1966
1285
344
1611
659
1691
56
1074
394
929
1755
1209
612
988
2067
477
1631
954
190
1565
103
1799
2341
395
1322
2204
741
174
1604
769
606
1710
12
801
42
1022
2152
637
771
1267
960
1740
1947
1566
488
2162
1466
1392
1788
1512
2062
942
1709
1364
1436
401
13
1525
2212
1238
1950
1536
256
1235
221
439
908
1388
1213
2382
1341
214
1859
454
1849
1973
1388
2257
1233
1046
321
2219
2140
2289
2259
1431
198
1693
864
889
1851
227
1310
1635
175
1893
1566
2095
2186
1985
1711
1679
1769
2325
2037
777
2320
652
1595
1799
1940
466
234
2288
167
1015
434
120
953
2266
2160
62
1253
2353
1185
1852
1996
180
2207
2144
1353
694
485
2000
53
1425
643
1576
1395
1445
2310
512
1167
1805
1490
1927
882
915
1050
859
2110
1969
1992
525
68
1108
699
271
1008
909
1312
1277
238
1327
1129
222
2122
211
729
1537
1728
449
677
1266
2218
523
1588
2144
2320
1216
1561
1583
832
998
505
465
1607
1936
2033
392
680
1043
126
879
1449
1752
1064
2244
2019
2158
388
2113
2444
1752
1758
1976
2346
1252
2139
1909
516
1038
2404
1994
1107
2289
2095
209
688
223
2171
1359
1784
249
517
745
1813
492
1071
1782
2401
1072
685
2210
911
573
1486
275
1824
988
132
1365
1704
799
2413
575
1620
2370
622
633
1238
1647
2136
864
742
599
915
416
9
2192
1551
1591
1654
907
438
1830
1688
1275
1818
1906
880
2043
647
280
1369
1017
1411
1319
877
96
1362
190
1994
1901
306
1790
2151
2331
1997
677
390
2107
148
423
451
1519
1387
1727
853
1893
1815
1107
654
25
1721
880
1583
1412
876
1632
1853
614
292
155
1937
1478
935
1339
1994
891
900
75
743
1849
2046
15
2309
1563
1207
2226
1727
47
331
1341
1901
215
1712
514
2242
473
269
2136
80
300
2141
2135
362
2109
2260
1683
2180
1393
2248
1950
1300
1160
364
1144
2018
71
1449
222
919
1451
1842
1722
2044
644
672
1709
1942
347
1499
1094
633
1278
1082
2083
679
357
1445
1056
891
386
1268
361
544
2364
1618
990
1062
693
1977
1348
2255
1308
1471
2020
1582
2348
1136
431
2058
47
853
2147
848
1501
1882
2072
1923
586
1795
2439
1269
1627
1379
1199
271
1153
769
857
936
1551
2367
1872
462
1557
1556
540
690
1757
517
1244
687
510
1247
1743
813
1959
1190
1870
1609
2300
2077
1832
562
68
345
2201
984
776
114
62
2160
1542
1232
1023
1578
1958
1672
2110
1050
1301
2287
2104
1816
977
770
2010
1438
1357
1889
2031
145
86
1829
1487
1575
2280
685
663
1024
136
1557
1558
1103
810
105
1554
1448
1924
113
1052
673
463
1649
1942
518
267
1145
1351
1140
685
603
1692
1371
981
1153
1944
550
1781
2064
1642
1885
2329
2008
1890
1603
1125
1776
1709
1895
2476
1238
1088
467
954
196
1404
443
2338
1335
1830
849
542
1284
1975
1436
624
1947
148
197
1034
173
1758
1269
615
2089
2250
914
1234
2335
710
2000
761
2166
2220
1293
573
108
9
1245
869
2104
653
1859
747
2279
1453
2262
773
1091
1386
2284
1813
192
53
1472
1184
664
1569
125
481
2117
1229
2236
59
1273
534
775
1009
444
495
2208
336
250
568
1017
2378
206
1113
1713
1490
1330
1276
1182
612
1549
1381
470
805
671
1439
1684
1864
755
2229
474
949
495
673
1655
251
1269
2341
666
1284
2190
403
343
1637
517
2385
2374
1473
670
1181
1604
1138
787
1177
1597
2161
1964
1361
921
926
1041
930
1263
935
973
1739
1061
1618
1158
225
396
520
1381
1454
679
770
1266
1442
2307
148
965
1475
2034
1136
459
2152
1565
735
1568
2161
2309
622
145
2182
1707
235
595
1492
947
1469
1603
894
1923
2077
588
776
1887
2376
1658
1639
798
111
1714
1966
112
369
286
1929
1094
1221
1558
1928
530
1559
292
46
1897
637
1459
26
2069
1638
1513
1120
920
1772
560
901
470
635
265
1814
1985
2009
1928
1378
185
2103
1519
1625
372
656
1717
1043
239
1888
1280
2069
718
1854
1661
598
871
401
1953
988
442
1958
1733
1183
1284
544
1783
1686
717
139
2193
2193
1439
1374
1223
361
530
700
2071
1807
2028
722
1733
376
1116
1108
744
1819
1117
1237
1421
2201
923
956
2232
1064
1939
1531
1578
605
96
1328
923
1701
349
886
2324
360
29
1659
909
1922
1477
879
976
1974
2236
1609
2191
1152
768
1899
2279
2284
1659
1343
2227
1558
869
521
9
2191
1674
430
307
1231
483
999
24
918
1584
1134
1377
1663
1175
1975
632
1602
425
2030
1231
2129
669
908
808
1476
1455
635
541
1955
1265
634
2248
836
87
301
1124
1238
1127
705
320
1918
2370
929
695
1869
2115
1696
2063
29
1205
579
433
2151
1482
1186
1344
1415
821
2062
2394
1495
1234
2263
2213
1172
1668
1714
661
51
274
1440
1750
1317
1342
374
1868
867
1069
2274
1467
338
2297
695
111
1538
966
1036
251
1301
1652
387
519
691
1680
2129
2163
1005
971
817
2204
2142
271
2155
2021
729
1774
249
509
1563
1181
967
1606
1974
45
1537
1857
1832
1204
2298
203
816
2125
1728
2139
138
979
683
1438
811
138
1397
1782
2308
1207
1326
571
2189
373
1605
1370
2179
1974
813
8
1216
587
766
610
1230
565
517
533
2156
364
758
398
1103
1232
2372
2226
202
1555
1351
1687
2178
374
962
429
510
704
74
1722
2351
951
1710
988
760
18
1520
1719
1039
779
797
455
2431
1620
1735
1919
2435
1438
1710
365
1238
1765
2120
1566
1747
1468
649
323
2130
242
655
248
266
57
1577
1107
1
43
726
1377
349
1468
1883
1884
675
1670
355
83
1202
614
1455
388
1372
1737
654
302
112
1275
2150
875
2280
2391
1043
710
1895
1093
491
436
594
65
879
376
1089
843
2178
918
1831
1197
17
1949
2142
1426
1826
530
1104
240
310
1004
896
442
683
137
1832
1476
692
524
1674
1302
737
380
250
947
827
1034
2180
2171
850
506
1577
2078
734
1682
2289
806
453
15
1490
991
1312
966
1915
1732
1871
1967
1117
1541
667
1409
2000
629
1581
333
716
391
1527
1616
1607
203
885
1226
982
319
1553
1499
1367
1478
2071
680
1527
2427
2273
745
1759
349
1170
2472
1859
253
498
1710
1798
138
2241
1805
77
1500
755
1665
1959
2164
315
1400
1971
568
1469
1867
2072
1744
277
398
1315
1323
484
213
838
1308
1710
2218
51
1830
1994
935
353
1896
37
2059
1905
936
641
1685
2035
2331
29
2071
1892
2196
1173
2031
2043
1861
2119
2168
722
521
114
1489
1978
1261
1280
267
192
1410
1356
1230
1307
1468
2106
2380
857
604
277
187
2003
1210
1398
797
2206
1688
2296
2047
1080
1632
363
1143
619
1361
2337
798
1770
2283
485
131
370
709
1106
2189
911
2134
583
1232
1420
1408
961
1584
933
1775
1979
16
1358
2232
1960
217
530
1668
1981
2094
1036
731
2295
2321
2305
1720
2144
104
1254
341
796
1294
799
1503
527
1413
1211
1162
787
2281
927
348
808
1737
1888
1760
1908
920
297
1218
965
1113
500
196
1208
1833
1869
1773
977
1754
1176
2315
2139
155
2130
401
1590
1249
1392
1572
2413
622
1790
1345
335
1366
1915
1952
1844
1360
630
557
1166
49
1032
2232
2408
1434
948
1414
1645
792
2382
1955
1214
2319
428
1991
702
1072
454
698
159
1560
1500
910
1852
2150
875
1285
640
260
910
1166
1950
140
1996
2076
1416
1892
853
1277
1540
1320
1610
1956
2204
2307
874
276
204
1367
1629
1582
1835
442
2383
1750
1020
1738
2113
1263
2348
1575
1071
1799
1551
1365
1528
1270
426
1979
524
869
1629
375
562
1532
1552
981
1842
2164
1017
1465
1774
191
2297
1574
1487
1500
1476
249
1656
1048
809
1433
282
1349
954
1981
1015
744
442
1733
1202
241
2199
794
1244
846
173
655
2168
1690
1936
866
736
2211
1489
1850
92
2124
161
2222
2197
474
2342
1712
2257
1694
1385
1437
2372
1535
667
993
1683
997
2328
1423
2070
929
1627
1015
204
1989
2160
966
1306
1273
2102
501
706
1810
2050
2335
1010
1290
1650
175
1637
851
1467
886
761
1733
809
1968
157
1701
475
2128
935
2081
1457
1885
342
530
717
810
89
2393
2119
2032
656
1222
629
1512
745
1519
908
1053
1438
1201
480
1576
2252
1427
943
1285
744
1393
1785
2396
85
643
1555
1708
632
840
832
1643
279
834
1582
1682
93
2167
223
584
619
1994
2007
1622
583
904
2005
1745
1768
2292
2190
199
1890
1258
1851
223
1978
868
548
1870
1723
505
283
693
123
1062
1272
463
1921
1141
1849
258
349
1748
1541
523
793
1848
1451
702
1511
2156
557
2455
4
2330
1304
313
2134
2192
1872
2138
265
589
2168
1760
431
1537
2224
1595
159
692
1375
1279
1627
303
398
1674
1383
1994
340
2170
481
335
1842
688
215
45
1135
540
1271
1977
1732
1446
907
2068
1314
1159
1439
1869
1115
1647
2183
1233
1778
953
1180
485
2300
533
68
1757
1412
814
1058
400
2390
702
723
302
2232
1406
300
1631
1598
154
1362
1207
391
306
1712
2098
1375
141
645
237
1263
2334
1016
520
1167
1638
2037
667
521
97
1393
513
1196
1622
1404
61
57
802
94
681
888
2279
1314
1691
285
916
416
1246
186
368
147
2126
1024
1196
1148
417
1166
725
1974
1534
13
185
1018
2271
2443
781
2067
1860
1401
1806
671
595
1315
75
1860
1759
507
1275
41
1826
431
45
1696
235
1923
713
2136
1152
534
1370
1399
379
1359
1156
1428
2241
459
934
225
1626
1339
1710
1234
68
1511
1146
644
2248
1317
1325
2247
2156
740
543
242
1246
599
1932
1267
2375
190
1889
1990
2206
726
1404
151
2403
1074
2352
367
782
1568
2098
1698
1234
1459
1482
1092
1864
496
2065
1439
853
1055
1408
1939
317
735
1807
570
889
348
1695
1027
2075
406
2221
2322
1529
1675
177
1868
880
1921
1183
1649
261
2034
1104
2236
839
1178
2295
1906
340
418
1588
1758
1863
290
504
1845
1813
1821
362
1603
2282
1858
478
315
181
2171
869
1058
1518
1018
377
1567
1975
1910
985
1906
133
267
1544
2183
1203
2239
1921
2370
1554
687
583
1650
1004
123
30
230
1529
409
2178
1199
545
328
589
1957
578
2368
1571
1217
1890
1044
501
1781
595
289
343
696
1599
2060
718
923
1005
2174
1944
773
1424
1753
875
1042
139
603
1751
2335
2261
2122
2360
2325
2110
671
738
2312
1940
199
2036
2316
2100
1735
2153
31
1956
1013
972
1582
962
167
1740
36
1217
403
1079
1467
889
597
1163
506
1738
1871
480
832
486
561
361
464
868
863
93
2179
1370
1030
2033
1320
934
1948
1410
2269
1631
22
1054
1978
2125
2253
610
2131
1002
199
1644
1702
1775
1059
504
1607
699
246
910
1497
2205
934
1438
800
889
1623
2271
729
2441
1343
72
434
2146
1741
1872
777
1075
1484
1128
1777
487
671
2169
2040
34
1727
1319
1050
1794
1473
2047
1248
1749
1648
778
1081
265
1212
1132
9
914
1102
1113
3
490
1665
401
392
111
1546
1493
2308
1759
2198
1099
1135
48
2049
445
1377
497
795
2350
1796
1954
1426
1113
1926
668
318
2054
1039
150
382
415
1667
1531
1289
34
1533
211
2315
2081
1117
2308
75
261
206
472
2095
725
1431
2100
1123
54
2136
742
704
171
855
1420
2018
1550
227
1493
1206
486
2327
1698
2437
1425
2322
2024
1305
1852
1464
716
2265
1377
2340
1120
872
287
1389
1142
2232
1705
1922
30
1186
326
2403
363
294
1429
1901
888
2227
1366
1238
1407
1388
2251
1957
1928
461
2179
926
1842
1407
1714
1235
2014
1528
1718
1376
2003
1513
1785
2255
1134
1733
1474
2310
630
943
170
1008
1553
1269
2023
2469
999
2060
1788
1298
304
423
1651
1961
922
1688
1082
2422
247
664
537
1008
219
2128
2042
1594
930
626
440
535
638
332
1495
1474
1428
255
659
1478
1008
825
1185
1575
1477
2467
457
1908
1534
1321
1446
2305
2057
890
2054
1375
898
1860
1701
1352
1887
1457
433
912
1303
1501
760
1218
1542
461
2148
54
1634
809
2143
1352
417
1534
1320
88
658
2036
1732
729
2051
2338
40
268
253
1421
312
2012
1358
2319
440
735
1981
1018
1582
2002
720
1304
2190
1687
1573
1085
10
653
1292
1005
2001
2059
582
2163
498
1960
1018
1000
316
1758
654
1736
994
505
3
603
436
534
2046
1286
256
1550
2175
310
1722
1942
1077
2015
580
2426
168
964
1042
1630
479
292
955
665
1310
1936
2094
2141
1378
75
1633
1632
2213
1033
644
1027
422
1575
1339
692
1936
2087
141
2172
351
2234
2146
2059
674
314
505
1729
505
1314
928
1653
1510
2328
320
1042
3
1878
659
2003
1778
1789
1779
1270
575
2158
760
423
1473
1433
1758
1738
2210
796
1344
796
421
221
1698
517
2213
1291
1315
2328
578
694
2042
1234
1309
1925
1307
2038
2096
1397
2053
1091
365
1303
317
726
2062
551
1743
1459
2118
1533
1350
169
1495
1785
1698
1534
795
854
1598
1400
621
1612
1089
209
1043
239
118
1841
1544
918
1357
1602
309
220
1789
2265
2401
786
246
1691
2013
1798
1495
770
1882
1713
1142
456
548
1429
1623
633
964
1109
510
237
1355
587
877
2200
1692
72
918
348
812
1517
75
802
543
286
736
63
376
401
2388
1629
983
1840
1500
900
1391
1139
1264
2124
576
2304
1575
1422
1519
1093
502
2283
1108
418
2207
1759
240
801
2019
2103
677
2381
1966
637
1353
520
136
1434
2270
1505
423
63
2092
1798
2200
612
93
2193
2366
1272
1944
1935
115
1395
1101
1135
2155
2026
1971
1224
2246
2083
499
486
1320
52
647
2156
1930
1079
1943
1588
226
1919
2309
874
781
1643
692
1366
401
1923
1621
511
2276
994
26
1607
1141
1639
1919
1031
122
2246
787
1569
1503
45
410
1053
1353
2053
1380
2259
2254
909
1538
151
1235
1927
1580
2034
2040
2245
2243
952
805
1516
2037
582
804
718
1737
1961
2057
401
560
2453
1283
1508
1820
1474
391
1956
1856
1787
1525
260
1065
1533
728
2193
1901
515
749
544
421
1244
928
189
1743
1002
856
1478
1426
1940
2143
1484
2347
168
1609
1970
476
2198
1181
1339
1608
1801
1554
2223
2351
1058
462
2247
775
257
1335
437
2223
1178
1518
1873
1053
593
1434
1588
317
1351
94
1406
2192
1120
1667
1703
2442
1316
106
261
1199
1231
953
1682
1924
2384
1582
1502
1242
1923
923
745
1387
1865
1045
1939
622
2267
2109
2114
2390
2141
763
984
1654
889
61
1948
1846
869
1316
1698
1175
1791
1953
732
1511
1563
2260
1618
1366
1090
1209
1073
1873
681
1498
875
1759
1781
1503
471
719
1234
843
398
1855
449
2322
2307
182
787
2086
978
1208
1967
464
1082
2297
2022
1148
1639
55
2282
1224
1525
2372
559
303
1923
1887
544
1629
1822
1802
1738
1116
1302
1025
816
341
242
1537
2209
762
1381
9
1979
926
1429
1457
2119
2285
1311
69
1990
233
1987
1144
817
1312
386
2317
1519
965
89
1491
861
2428
1774
1281
1782
1344
1007
1015
1087
1552
1411
211
560
2281
1824
16
1104
258
711
799
1597
1645
2205
821
1846
1002
1754
1031
1335
2005
2288
489
2156
2162
1757
150
577
1006
2471
2145
2184
1762
273
1434
1221
340
2047
869
632
619
1419
385
1018
1259
1966
1641
1960
1139
818
1842
843
1265
1516
1776
393
1514
1191
2375
2373
468
2258
1278
1024
1806
1866
1304
1958
1988
268
787
1877
1983
492
2229
1704
1664
456
1664
1972
856
316
229
929
354
1787
625
571
668
2174
432
2286
1860
1339
1731
2247
742
2138
1091
315
1835
1105
606
2163
1153
1496
1047
33
2010
194
1840
1909
2421
949
1225
200
2061
1715
352
1544
1956
1251
708
425
1260
2064
2134
1403
1668
424
1805
790
1475
888
1029
922
1021
858
519
1501
1897
1647
1887
1470
1128
388
736
479
623
1377
2265
1826
2148
980
1854
1592
991
1828
284
876
112
321
54
1731
431
2126
1014
2341
1716
1629
2211
1161
1086
53
236
2108
1099
2209
975
738
1196
2145
134
1711
396
40
2167
1886
422
484
1125
1626
2021
827
1100
824
1818
1532
1441
1819
1410
1610
507
1638
146
155
775
1784
548
1452
450
2148
1212
1252
766
1504
253
2031
1669
1490
2153
563
1335
186
229
439
1468
1707
602
1762
2230
1561
579
1785
1418
1074
1442
2084
860
1521
2297
869
823
1448
917
621
1930
1638
1208
1928
1210
1045
294
202
2020
1251
387
851
369
1654
653
432
809
803
590
1558
688
1931
1914
1421
933
1914
153
1959
486
287
1448
1738
294
1900
180
1157
2157
2084
1393
2252
686
2154
1100
1872
664
1293
738
952
574
2241
802
1531
907
2121
1620
2372
1413
1480
637
2381
1439
2239
2210
1668
1497
2056
2419
217
1297
2246
594
43
1097
268
948
1175
970
474
103
1114
2098
910
1870
1263
1810
1297
1747
751
1456
606
1726
1388
1590
2085
162
1995
1735
2318
1142
2095
35
755
2365
1326
2276
1655
903
1317
1341
1363
1137
783
693
1230
1374
1406
1135
702
771
1015
2099
2185
736
1080
432
1988
80
1795
1094
2221
1851
2422
309
727
30
1599
2405
772
573
1232
184
831
1025
236
1879
1941
394
1257
1095
824
1887
1587
1291
2297
2253
2152
1056
2249
2156
2356
1380
2349
464
654
1260
584
1136
1505
1045
992
1212
469
832
1378
1735
182
1542
1475
1273
211
344
582
855
713
1356
2291
1203
1125
1800
826
1894
1261
191
1554
462
1043
686
1542
1656
555
1093
1819
124
2245
1880
805
1062
1683
1112
1903
962
5
618
217
1216
628
2336
2070
1633
778
265
2397
356
1708
388
1159
1767
1722
1299
197
1784
2422
634
1781
1399
846
644
454
1500
777
2171
977
200
267
2103
1012
628
1934
1089
813
798
375
458
1198
1991
1712
579
1540
274
1893
630
317
342
2066
1383
920
1441
1947
442
1457
1134
965
1834
608
207
532
1141
1380
1989
2306
1722
1336
1563
202
366
1456
55
2175
182
1179
1286
1103
1218
1839
600
2009
2039
2102
776
392
1184
1566
902
226
396
2062
2032
1611
1299
2318
756
2179
377
2241
1650
605
2015
358
2039
321
143
426
2348
2217
340
2367
2369
136
2178
2232
1571
2076
320
1838
1275
2310
2065
681
1579
1699
965
1733
870
1712
2240
986
817
521
1372
1647
1990
1555
380
2127
568
468
884
2129
1467
1878
1839
1688
1770
931
1694
1554
971
2016
1309
617
2067
1653
2009
555
1879
129
706
2052
1260
324
1682
1490
1258
84
1615
846
917
1345
929
720
2093
76
925
167
50
2283
508
1790
385
490
740
1708
1366
937
2066
469
917
1188
824
312
1275
2221
1791
2241
624
341
2244
2243
764
1498
121
1047
599
903
825
2331
1959
1007
1767
84
126
2086
280
830
1503
40
1158
81
1523
791
109
759
1860
2219
157
1910
2413
1281
2328
829
1269
1936
682
536
600
1882
1557
1298
412
1574
1209
25
50
2395
1902
2207
1461
1174
1271
1746
993
1144
1733
468
2029
529
1578
543
138
1702
1922
2275
1490
2285
2196
121
1028
115
633
31
760
2218
294
2070
1145
1910
1296
1318
1044
497
2078
527
1969
1382
1824
1637
23
144
203
889
83
706
1834
1255
1461
1858
1177
558
133
279
765
2079
2312
2328
2272
876
638
2290
912
1606
758
1791
70
1497
1711
1229
1949
13
2072
993
1952
1898
225
1996
512
2104
1840
878
2044
921
203
1240
2061
756
2430
318
1205
242
1314
2385
892
1817
856
1644
307
2350
56
1694
1807
966
343
1206
1227
165
547
2284
1196
1210
1632
950
1097
1392
1284
450
862
50
255
1203
1406
907
1405
1366
455
2176
1089
776
741
1219
2351
1110
2270
1841
1615
1141
2364
2079
1938
1615
1474
1114
1579
382
734
362
502
2330
1128
1784
2343
616
34
2135
761
1595
211
698
140
430
1185
661
429
404
1431
298
493
175
2369
162
1358
1033
75
535
195
1424
1347
1203
2223
813
272
98
316
2118
2404
873
809
22
1479
709
1185
1453
1343
1894
2224
1182
2072
1879
718
2204
372
17
692
1549
1427
1337
921
339
1953
1420
828
1068
705
2275
118
664
13
245
1805
1924
7
2176
339
1807
1548
1100
515
1970
1580
2160
1658
1202
1312
1705
1264
133
838
287
2228
690
2317
1148
1862
699
681
1453
2399
278
2092
1139
1744
2145
2285
1443
277
1539
1345
2229
1145
1816
1286
746
1229
71
889
896
1200
2083
1518
242
908
145
275
726
1769
1964
765
55
944
1881
1445
2013
1697
471
476
885
254
1082
2179
1555
550
179
1791
817
1630
1802
936
2077
609
1298
498
2258
2369
777
1817
1962
1881
626
266
309
511
100
284
1956
2060
327
563
1579
1514
1135
1366
1617
2079
1083
979
1023
2049
1744
234
760
2371
62
2044
947
127
833
1897
1788
1778
297
1591
1538
1463
1968
969
325
664
459
1192
783
1719
489
879
1934
1821
1765
775
2311
1550
2029
1809
1518
1900
2007
313
1340
1166
1212
900
1864
153
1920
2236
1117
2099
2150
1679
758
1364
968
955
218
2325
365
2191
853
2051
309
1601
721
1370
1002
1065
1013
839
1774
2119
1910
1535
2409
850
223
990
2220
762
335
2172
1382
1632
814
2249
1014
254
2349
2308
2046
661
1943
2170
2025
180
1317
364
1423
647
88
452
653
1629
1490
1545
2328
1787
672
2132
1577
799
1776
2151
1166
1447
1835
1985
1579
1318
792
640
1321
726
2233
55
224
942
1926
1056
299
1421
1352
99
135
1351
348
459
350
1086
530
1462
894
355
701
1473
1056
1933
1649
1760
312
198
974
1749
1213
1420
1165
1815
641
2434
1805
665
385
1667
776
2199
303
1390
628
542
1201
269
792
1971
2376
552
1100
1428
2089
1536
1922
2260
148
658
971
2086
1660
1932
1064
1280
1422
1787
690
346
156
412
583
1414
1111
2088
799
1789
1480
615
391
1240
2227
1068
223
1589
1134
517
1009
1836
1978
1668
2100
652
2285
2051
1903
2375
974
799
569
1465
1308
542
460
1734
2060
2241
1985
1599
2149
1330
508
922
1092
1916
1275
664
2038
1822
408
721
2009
1596
1467
708
53
1650
738
338
964
1394
1289
522
1214
1006
528
1466
861
950
332
172
2059
2105
2364
2320
653
1768
2413
2132
2238
616
1968
292
258
1165
1419
924
2245
2013
1401
1697
1829
2364
1408
125
1904
832
772
2361
1455
941
1219
2219
872
1000
1393
2211
1486
1079
1700
1079
2396
1689
847
488
1843
1454
1851
588
2190
2127
1696
963
1202
1739
617
1377
70
1438
988
907
649
1090
1698
468
1850
1897
1186
1021
1509
1096
1317
1870
1226
1894
11
980
473
2054
1743
2036
1935
1144
466
2120
1791
2222
299
1681
2115
84
1185
1424
379
266
1539
735
814
716
1631
1426
1227
2386
1526
746
1505
438
2240
1648
1986
571
1644
727
2302
1555
2408
637
662
254
1847
388
1764
1641
1914
354
724
520
1336
118
2031
451
1099
418
969
1522
413
2180
692
324
1168
757
1285
1601
666
849
1524
1278
2003
237
1517
353
1946
2260
842
848
1002
859
2178
2135
1429
283
2401
400
953
737
1801
1599
1500
247
1446
901
713
2137
2061
2463
1822
2178
617
1404
2161
748
586
698
920
1939
1949
1939
2001
1038
1054
579
2038
1961
1060
1810
719
320
1325
2243
1046
2322
991
37
24
406
7
1182
739
2042
2171
2082
751
866
2045
1989
1508
1734
1344
689
105
1294
248
11
1700
2064
2078
881
405
963
1325
1856
450
1869
1780
1152
2005
1041
354
1886
322
1507
752
735
198
1515
1076
1000
186
567
815
204
832
338
1997
1019
2213
2162
1537
1805
1508
1845
1742
1783
1550
1133
120
394
1585
2440
2174
1817
1185
420
860
2131
1923
829
1581
1291
1711
1639
47
553
2352
1916
1697
506
393
620
1552
1050
1354
476
2372
1891
933
959
548
502
701
1378
38
1340
2125
1312
1094
1201
1662
206
2292
2200
1348
903
720
222
665
116
1839
1006
1468
498
2272
2033
2063
1355
442
1993
2205
946
1639
1926
2119
283
1460
1332
923
1167
1500
1451
1669
1249
1442
2026
1519
370
866
2165
1432
2425
1697
851
536
1617
1838
1997
2186
1405
148
2155
960
113
597
660
1822
58
1178
1331
2469
2370
1800
975
2388
329
904
2113
810
2284
1123
1376
1423
30
1326
692
1771
1034
920
1569
1062
1224
578
349
2277
2009
600
593
1477
1562
812
1502
1683
1391
1962
2286
1067
1297
2142
365
2015
771
1972
1203
975
836
1542
1175
1681
88
1026
2376
1855
977
2127
2363
890
1425
402
145
1720
1291
1489
1828
1712
1539
1646
1893
236
1237
1595
1679
10
1059
1037
1351
1344
2049
90
1151
2364
1468
32
1747
32
288
1433
592
2265
1157
1076
1470
1693
2193
383
1898
855
1193
1441
1855
1399
720
1596
165
2004
1825
2165
1964
536
574
2368
730
1846
546
1188
507
924
2112
75
57
467
1132
253
461
2307
395
954
1431
252
849
2409
170
1179
1088
2082
488
1629
511
83
2251
967
1536
896
61
1707
330
436
120
2011
2192
990
1039
2367
448
1642
1085
891
135
1966
2169
8
1969
2415
1273
476
2330
1358
1386
877
334
279
1514
1027
2030
1380
1732
2115
2014
175
152
1568
96
361
755
713
2046
720
620
1514
2261
1064
114
1834
2340
967
332
1108
1336
309
1570
1395
590
799
1862
273
2142
1696
1100
2415
958
2015
1467
1751
1711
1179
972
1841
1163
2088
1223
502
1401
392
1301
268
1898
2037
1868
1375
437
758
1853
927
979
459
1218
16
2210
1615
1185
1082
2087
1176
1976
2015
1927
1054
525
1460
1156
1716
439
2255
2452
259
1803
1009
2154
1670
1864
2475
242
1766
94
2473
523
2023
1460
43
855
1569
646
2025
1201
1957
1583
918
133
1025
1035
2339
398
2279
1448
2196
1787
1006
1149
894
1808
2183
2152
1346
2110
669
2288
1947
899
1298
866
2193
1973
767
1454
950
2001
737
1501
157
2228
2405
1098
96
1629
1279
150
1951
1065
2143
211
1617
647
1279
1584
2140
1974
235
813
1450
1269
1055
684
251
441
1487
1505
725
663
342
1446
1286
617
1441
1035
318
233
778
1563
145
2324
1044
1121
1978
1055
1921
2312
2141
1529
831
1115
1974
2067
415
2113
1449
695
1790
440
1897
924
534
1358
1097
1436
2076
1180
1531
534
65
1381
437
1612
1318
97
2135
1925
1523
2072
1948
452
694
183
1472
1276
866
976
271
1291
2332
1394
1744
752
223
2447
2295
2009
1106
24
1166
1568
1836
1609
1313
2228
173
1031
1778
2148
1976
1675
1263
1506
2368
220
523
1766
423
2049
1747
1074
130
1476
1351
342
1418
1772
1487
1798
1463
1951
1217
1223
1689
1135
858
846
2301
1389
1231
78
1486
1573
1714
2228
1779
611
1230
723
231
118
2423
1623
678
296
950
99
1756
1883
786
1153
818
369
1130
2083
576
373
1385
1069
2385
2208
2222
2289
752
931
1594
1209
270
310
1391
2112
1968
1412
822
2010
905
1758
1021
433
1939
123
1689
2217
880
1793
2441
215
2319
1872
1528
1251
1675
2171
892
860
158
548
1987
1276
670
839
1872
1549
1563
1023
588
1926
1756
669
105
416
731
1705
618
2178
1856
1285
1837
1143
901
983
372
357
1086
741
681
180
908
852
850
1262
2221
559
1325
808
1964
1103
2192
1606
1413
2294
841
607
1625
488
2137
439
261
99
403
941
280
1337
348
1201
930
138
2088
506
925
2234
1789
1758
980
2164
1337
2250
1664
412
1815
1906
740
1688
1085
229
1026
1918
1755
2145
456
1288
1554
1801
467
1877
298
1703
2265
349
1167
1084
817
642
1579
1401
2267
980
1945
1184
1466
707
401
1322
1705
2205
2378
1195
1292
1258
1245
485
401
1161
626
1175
152
1794
1331
1266
2196
2082
1555
1840
1642
1765
2279
12
1561
1691
88
1866
693
781
1021
473
151
1482
244
1583
229
1822
2072
1893
2405
1431
1093
882
2185
694
1222
360
2274
1952
2032
778
2281
912
908
1426
615
2102
2123
1263
1403
1475
737
1408
1359
1889
389
2228
542
2211
639
2235
621
1233
127
365
2085
1365
2179
87
896
2224
2186
796
1887
1184
12
397
387
223
1731
1701
1090
944
221
1741
966
1048
1192
1912
1298
2100
1074
2173
1644
1671
263
493
168
1417
441
2276
1991
496
230
874
2114
2126
988
2194
1944
785
2407
1106
1464
651
425
1862
1539
1670
1942
365
190
2248
934
1106
1454
352
897
886
2231
307
1044
903
1879
1326
203
1285
38
1403
2233
2182
1884
1106
1721
1376
268
2012
381
1955
2004
570
1574
1727
913
1240
1202
883
274
1732
1795
1426
1682
2071
1920
378
1823
500
1582
1249
1092
1114
570
2286
2360
1222
1743
698
972
2077
1607
854
1831
1226
8
1362
601
933
386
2179
1412
1309
1143
1201
1422
1916
1929
1528
1276
45
2192
149
1627
1176
1525
2291
1464
613
796
1191
2194
465
1887
1136
637
1598
1777
70
1431
1172
1055
525
2211
39
638
1537
1310
1763
1210
2320
554
1825
1764
563
41
1236
1979
2125
152
1259
1273
6
2179
2411
1733
213
53
2224
2438
1096
1437
2176
1944
1570
915
452
1655
849
1237
2305
1634
2315
1483
579
1568
114
823
2059
1906
1826
182
1406
738
339
378
2088
2268
1196
338
2094
1708
1866
2096
1858
2027
1402
1700
1335
1638
1123
395
1155
976
1182
1353
609
493
563
321
2172
200
1515
294
1903
2162
2022
363
1776
489
2037
2197
673
154
1512
116
188
1086
1730
1980
65
851
1890
1636
14
2004
1755
1877
1087
1815
1177
1353
1622
568
573
1436
1901
903
892
944
478
1610
2153
1456
42
1770
1717
347
791
12
1434
1615
364
348
1194
2137
1203
739
845
913
1189
1859
820
936
529
1415
905
2006
1259
2135
865
868
2260
1989
2322
170
1413
447
1256
1555
296
2166
1073
1088
1003
2215
777
482
1993
907
1492
1289
893
1172
78
2396
769
391
1333
885
305
147
1611
1303
701
1557
480
1737
905
173
187
1407
419
1150
934
51
1430
660
2126
1969
616
2009
827
1814
1192
795
1586
1029
1050
1774
1671
2247
2070
561
995
1890
357
735
649
519
927
2385
139
1024
1045
1748
1321
1581
1518
2092
2020
1632
284
777
261
999
2058
785
288
1918
1902
1073
1595
2098
135
404
412
1223
1479
2308
1121
796
1944
2309
1788
296
745
816
1795
230
1310
1956
1778
1916
2363
2079
2375
1641
1085
1511
1594
1980
1676
1449
1921
2070
1281
841
1248
1691
287
1702
1809
1107
1781
159
1983
675
601
1885
549
1506
1609
642
586
2009
2010
1288
361
798
58
2241
40
1725
619
1458
213
2298
1133
1767
1148
2315
1164
1734
1426
2089
888
463
381
546
1846
2298
1479
1759
2120
1246
2063
1046
1159
1259
1468
1503
1768
1605
1505
1842
648
1739
2196
365
1058
1332
854
1992
330
762
2363
378
2248
1213
1883
196
147
1341
751
2378
1534
1873
645
522
1746
756
1468
299
2007
1001
2001
21
2067
177
57
906
253
2
2233
741
743
1624
1094
938
1420
1757
1394
588
1906
128
859
1807
2229
843
661
1604
72
815
1281
469
1195
1291
370
1137
2353
1547
2156
490
916
870
942
73
1123
873
480
800
2455
30
2331
1096
1481
1699
81
743
1684
1039
2233
649
1394
389
2392
1410
931
152
950
2212
181
1125
770
2159
260
1658
1724
200
1238
1681
35
541
1114
2079
1963
1329
2253
2111
641
1248
40
846
243
851
1009
1138
167
935
2276
1334
1020
1110
405
1822
1415
1623
348
726
2315
1892
989
805
177
1578
2341
432
1311
1369
450
531
161
1339
2468
63
1788
1079
1688
1098
2254
444
846
2166
2295
63
1530
1486
1631
927
1679
1172
440
946
1517
473
2198
889
2184
1661
1104
1487
2000
1803
1069
2028
2230
2313
794
1772
955
1023
32
1666
2426
427
1628
1943
344
939
983
1792
1950
1407
1247
241
1287
384
349
2217
1331
2445
282
1123
1758
2317
39
2360
1837
2240
2185
503
222
2175
2201
2216
96
1279
798
653
1774
1022
1144
706
370
1217
1836
942
1529
2170
1406
940
2247
1642
1369
768
2124
746
1255
1720
744
643
2170
2180
1108
2258
2191
1342
2222
1206
2064
2085
1147
1186
635
639
1054
1467
1065
1083
1126
456
2051
2086
1439
1518
272
2040
721
199
788
2225
1914
1620
1244
1962
1840
790
968
1099
293
399
1276
312
327
825
570
371
1414
1659
620
857
1456
1548
547
402
193
614
391
2294
1752
325
545
408
1110
1680
1231
516
1830
1892
1784
5
742
237
395
334
1601
17
811
71
1775
215
1048
1079
1687
284
286
1058
1624
1437
566
551
719
1883
1025
266
559
1716
982
1944
2036
2046
1176
415
2196
1044
548
1568
1075
2407
2126
224
1501
1229
315
1805
2068
1544
2216
1309
1859
974
2058
1469
265
2123
2306
122
63
1005
2283
853
1543
1209
153
2059
1007
2034
2200
1477
1269
1040
1055
770
2148
1687
970
956
812
2282
1652
1839
1241
1351
720
888
2405
2277
1702
597
987
1808
553
1409
1778
563
1398
1879
765
2384
1868
2025
2111
32
119
1555
86
995
1132
1479
1799
1900
1092
989
1862
40
131
1880
787
448
771
2076
2188
741
30
885
2061
2300
832
1293
873
1260
1056
2048
1791
1210
1093
1265
723
2223
1210
2058
108
190
1597
440
2169
1247
820
2018
458
458
643
1045
1327
698
1542
1720
1421
1995
926
514
1793
2081
1707
1956
1235
2025
828
2100
1777
1566
1277
2183
1059
892
864
731
2178
327
553
146
2348
888
2272
528
672
957
1040
2030
468
52
1517
1625
276
2360
1847
797
1570
2393
1120
2005
1477
97
584
470
1789
1769
170
1575
1356
1815
1730
1926
1538
1392
637
869
1382
503
2361
1183
515
271
1252
2133
2235
2006
878
789
232
1184
1225
80
1336
2127
1293
1671
2253
1363
1416
288
1784
171
1542
1910
1764
1232
1117
767
421
485
1408
1675
264
1354
2419
724
1090
1838
93
1017
774
2160
1322
2366
2114
1723
653
603
1168
1857
2228
1185
1966
2088
1283
1437
860
1500
799
2048
809
1603
823
141
853
1550
1252
2152
2000
1548
1286
234
888
264
2315
1330
1513
896
2248
36
1267
850
32
1040
584
2372
615
390
1942
602
1961
1519
12
1242
105
1105
414
461
1242
2411
606
1170
592
827
1000
1477
2175
1418
616
2161
2291
530
269
2008
2268
1606
892
1565
1743
1342
1040
2337
2053
1600
1198
774
2287
1623
2025
2178
1319
1462
1021
1766
610
460
1696
2208
1328
2372
1536
157
2119
33
245
1185
234
1664
1975
1872
2184
1715
2311
2019
1218
2299
1023
1858
282
1847
708
225
1414
252
283
233
2084
2192
1027
2210
1528
1770
1339
1940
187
2309
231
800
738
1204
1832
2069
624
1548
1072
741
345
2007
1325
69
2032
1574
765
563
183
1475
2056
232
863
699
313
1565
187
1315
1499
2040
609
891
719
1398
461
2258
639
796
247
1502
1441
2131
295
900
1140
1429
2197
865
116
2353
2115
2113
264
1082
2325
2417
444
1426
257
93
429
125
1096
1125
2361
1998
1026
1238
1685
2091
1820
832
1396
1718
493
1419
778
529
2129
483
2299
1094
1207
1450
1658
1238
291
844
2100
17
1784
24
1465
1920
1891
549
1497
1436
2200
1879
2409
392
1023
1127
1367
1648
1676
2109
1745
1950
2104
1130
1021
813
1657
2050
618
1129
2265
839
1436
823
1759
2024
14
1447
85
138
715
2217
2091
1925
1177
354
2222
106
2239
1861
680
1741
1059
560
335
1334
1047
635
847
1365
1493
1302
479
691
1328
1362
2336
1742
918
2037
1242
2201
2196
1266
1610
2388
1986
1164
1048
516
152
2032
2227
616
2427
2199
1679
1515
778
875
488
2019
1064
1890
1437
206
452
1030
2274
699
850
173
1425
1695
2277
840
2347
301
1394
438
1327
2371
1646
1482
1896
1
1439
1228
1840
1038
693
808
1015
1378
1086
2109
1486
37
1480
1630
885
139
592
1940
1949
972
628
1317
1206
1541
488
2286
2202
2411
16
1010
299
1816
1428
1045
132
1977
1663
1796
2311
1511
1023
81
2095
741
391
110
2061
1212
1808
351
514
775
1201
1950
1165
1135
1324
1694
1983
1614
1664
932
1473
877
2421
1437
109
1210
90
157
1831
630
626
1461
1890
1466
1677
1391
552
539
1563
2059
2168
953
671
2242
1739
1877
235
246
1570
1343
1993
249
1681
1744
2160
1241
2217
1744
1907
2099
1535
1675
501
1178
436
1506
1829
1042
1695
980
906
1328
278
312
1056
887
2075
1263
1136
1148
586
1926
1892
1856
1394
1206
875
1676
1297
2248
522
614
2026
1328
1174
1469
1164
13
2223
342
865
168
1207
1242
625
1145
183
1443
2280
1854
1762
1904
1577
1478
893
1897
1811
1226
1471
2436
422
462
967
280
1326
1039
1231
1280
828
2260
168
1839
521
1945
872
1403
1498
791
1068
1677
1521
2052
439
2414
256
1635
1835
1408
92
2240
1031
2026
23
1246
1539
1152
1003
2099
438
1324
1301
960
569
1584
658
1048
1286
498
501
405
1257
561
1109
1659
1949
584
172
1317
53
43
269
341
2061
2019
1398
485
1511
687
1755
1207
2295
362
54
181
593
1046
1651
190
607
1157
1199
1125
529
2085
142
407
927
2305
1004
2011
671
1097
1496
2438
112
1073
799
1043
987
2157
1099
2224
1372
158
1798
2222
259
536
214
51
449
1129
2157
2261
1752
1181
1336
2258
2161
2252
477
2136
2256
1896
1683
1321
301
1013
2108
244
1332
1968
1612
216
1295
2289
2007
690
1028
1974
737
1863
1205
2415
1250
2026
1107
1610
524
2045
2374
1762
797
279
2165
463
625
1526
1020
1870
2193
1534
2150
804
2113
1917
1589
713
177
1498
50
1792
1915
1812
1144
1446
116
894
321
1432
1251
471
2103
741
2036
1482
1563
1213
917
1191
318
259
551
439
1995
1677
1513
1331
848
1083
2052
747
1818
2178
273
1356
1764
1456
2115
1401
1185
554
1321
1934
2234
884
1252
847
876
1131
1949
440
1087
1525
374
610
386
1042
2254
595
769
463
1469
51
964
79
1815
1972
1455
2350
2057
1357
821
2063
1374
994
1125
298
1528
1707
1882
1989
1639
1316
389
1997
718
1547
1741
644
470
501
2424
1283
1441
1050
28
1266
776
1583
1986
777
976
1852
1784
251
1476
1061
1297
325
1999
1769
1257
1484
2405
1768
1075
1450
2274
185
197
1669
1148
636
1761
212
2057
1061
288
1756
2488
690
892
1437
532
2201
290
1128
310
1337
1166
885
2146
1995
1706
1900
602
1771
1288
160
650
1285
2433
1847
2410
575
2030
172
284
156
283
2081
188
219
2409
2019
1708
2227
111
1959
1211
1141
1177
518
1994
1544
2312
1390
702
1928
265
863
2211
1249
1140
1935
618
603
1746
1398
1521
1747
1854
785
1470
1671
2206
58
643
1268
1612
824
568
1474
1727
2103
1352
82
956
726
1005
1438
423
202
1309
1790
1804
381
1316
378
260
2052
147
2165
89
940
1520
940
1886
1328
307
152
843
472
678
2480
724
1298
520
2204
2381
1931
2119
1593
410
1025
1617
492
2196
594
179
1351
2061
1978
71
692
417
2136
1112
1308
554
1500
1767
1520
1814
898
2398
1129
1787
1084
311
1844
1289
2103
1494
674
299
1339
1377
592
515
2306
1200
1745
854
1876
1562
1673
2179
305
1445
1847
933
986
22
1022
1575
1361
2479
1141
630
2207
1175
757
1169
1830
551
1104
850
286
825
1063
1201
105
191
484
465
107
339
623
1825
644
18
1870
796
1553
1076
1231
1309
1356
1185
1570
2001
2090
2124
1685
944
1257
184
287
444
104
1831
1958
1059
1819
5
760
2230
1340
1700
969
1583
15
1072
2327
95
1898
445
560
2140
1236
1016
1807
911
1230
1906
534
147
1691
791
393
1771
2042
1125
2368
1176
1838
1440
1936
1138
941
1458
742
1146
2041
907
1342
1062
119
496
441
731
982
699
1104
248
1762
1555
1557
586
1762
757
1790
1250
484
347
2451
2170
1155
674
800
2151
191
107
1316
1400
1975
323
2344
468
1709
1374
403
2256
301
621
1447
388
2424
2261
473
896
1692
1781
1500
594
1412
1393
1256
2093
1574
1693
1085
1667
2280
2240
1743
701
1122
543
1561
1097
1430
2225
116
1064
1216
961
1034
680
255
1764
1689
813
1355
1588
971
728
1091
366
1535
1452
1664
237
817
2379
1799
1592
2270
2027
1453
2121
1696
2271
1816
813
148
1062
1274
1121
1025
12
1172
2219
619
2266
1994
706
1194
1295
1442
794
2419
2234
1041
1776
2132
924
2110
1088
593
2325
801
1873
1545
1523
116
1835
458
1923
22
319
864
1837
1993
832
1757
799
2116
1107
1408
591
2074
1703
476
1125
714
741
1197
1503
1388
1627
1313
479
2289
1534
1310
572
951
2167
2230
1661
317
1213
1246
1729
515
2201
1008
1346
1240
1272
2087
991
560
1648
799
2085
2026
1515
1441
1892
5
2132
1687
215
140
1628
1400
1261
1591
614
218
682
2081
1915
190
2154
748
1876
2032
637
1920
1441
2025
1919
193
241
98
2455
241
182
1516
2325
1623
2025
1476
597
22
2398
591
1253
945
337
645
1123
958
1098
1056
2336
872
1431
1209
1930
420
506
1372
1948
1766
1252
311
2058
2382
483
1681
1229
1192
1569
289
2161
1209
1645
726
634
233
2293
2072
1799
645
2226
2201
1968
1034
1054
163
303
455
1679
427
562
771
121
1552
1144
463
1289
2135
1904
921
694
407
507
1533
2332
1924
1374
2040
123
1073
1269
589
892
2050
1345
2322
896
42
706
1447
694
1853
950
2172
1445
1611
86
1819
1114
1119
779
761
432
115
1816
2037
1255
2038
209
1119
2122
2261
1269
1856
781
357
853
1534
2073
842
387
499
1024
1295
2265
2322
1514
1132
1969
1636
1676
1555
876
298
1853
408
1366
274
440
293
1962
1853
1878
1092
1210
1255
2102
1767
1212
558
521
1493
1209
921
404
2364
1247
1713
139
1183
2289
984
1540
2133
1505
1518
55
1203
608
761
2378
1569
2245
43
1587
2076
2283
2094
509
635
433
1936
1097
71
1801
1280
177
561
988
535
2179
1134
929
1175
1395
1804
465
1459
597
1124
1600
1241
80
2130
464
124
544
1332
943
1474
1848
1267
2273
1315
778
1176
1692
1838
2393
1794
1497
1505
1257
1920
2173
216
2171
1555
458
1268
1273
171
291
734
2002
2182
1365
2150
746
1616
2087
2034
1835
829
119
399
2278
2411
2404
34
128
1700
967
2057
231
1177
950
313
50
803
2333
1937
330
2137
1397
2082
2408
1417
2112
516
753
78
899
505
2027
2102
1663
314
1815
1687
682
133
1570
2114
1560
206
1573
1358
1550
1042
2155
2019
1162
1979
2129
117
542
1869
814
1955
1063
191
2002
170
905
1619
1415
935
1612
581
1464
2246
260
319
945
1197
2105
1798
1281
348
1186
1873
1385
2201
561
2398
651
2132
649
1294
727
1620
326
1284
2201
164
1620
2369
2248
575
999
1417
706
2014
933
7
1891
2113
2161
2438
853
2187
1861
941
2202
2467
2453
215
1085
1076
1748
1470
146
605
2293
103
598
415
200
596
856
744
1971
1768
1394
732
1634
1101
173
835
1812
1543
503
2186
224
424
449
1560
21
1868
1436
1532
637
1146
2248
931
556
1005
2413
1873
2314
640
2062
489
552
1752
1890
1484
2111
780
1339
557
2200
1110
244
1601
1879
2118
1729
1879
2431
1450
1291
113
672
869
1785
586
72
662
1573
1960
1665
84
1198
67
901
1885
1473
63
476
1570
1484
305
1841
1382
378
1031
843
1419
2150
1196
531
2022
116
1651
1558
1129
1967
1384
562
1761
592
1686
2461
2052
243
1893
456
1894
2288
466
1514
681
466
1302
127
1109
1714
2348
1058
1944
1769
428
1183
981
685
1916
427
398
1760
752
1839
1362
1330
787
1839
1321
892
671
947
741
2067
2195
159
1161
1443
1068
443
1288
1962
1914
2073
1516
270
884
1819
2323
1033
1531
1987
2126
95
1277
630
2282
1138
1741
1734
1149
47
1386
1249
398
734
481
474
2122
2469
1259
256
1417
2354
2383
1868
184
423
1990
829
1247
142
2047
1591
1271
2262
1875
113
2112
220
882
544
572
2028
984
1385
1924
2179
2217
111
35
1569
1877
1550
1948
1392
1993
1114
1295
743
405
1414
1747
1377
1848
1472
1675
1903
2432
1654
1794
2082
2068
1198
1032
1291
1441
1686
1754
1741
1082
1907
637
1116
833
1304
691
507
106
119
2218
999
2030
1356
1438
1706
1788
1632
162
1853
38
825
767
647
507
2170
984
1458
2243
1238
1085
2340
665
378
1414
2295
1750
312
1769
864
1160
282
91
1462
2130
614
1846
56
166
713
1969
1402
113
784
1137
1932
2200
2266
1333
1839
1195
1759
555
1023
424
1655
1259
1427
489
1725
675
2457
94
584
187
1182
225
532
970
1211
401
424
65
390
1747
840
274
1397
1171
1985
311
1088
1059
492
967
2311
704
1562
1885
689
676
1763
617
2083
615
2033
322
210
1454
1455
464
1436
1867
88
1606
690
2319
1475
119
1603
1921
1994
1631
1407
773
1302
2329
122
974
469
205
2359
682
2288
1316
1942
1440
1389
1839
819
1154
324
652
1744
1774
2458
314
1471
1766
199
1521
2177
1230
704
1986
2410
1952
2176
1466
235
459
1313
1094
2252
2055
96
1663
1151
1465
1692
1969
2300
562
1046
1293
510
1177
188
973
1577
631
2185
630
1308
170
1132
1068
810
1672
1867
293
36
273
1093
1226
323
1517
1360
390
1503
1009
2179
766
1278
2273
363
1139
778
1009
1580
2269
1193
854
1403
892
1619
2083
1326
1002
145
535
897
2031
2224
28
182
1793
163
459
316
195
1952
532
477
2053
506
226
1155
2468
1526
1986
690
1770
807
781
1036
259
1619
705
2216
477
903
1875
140
2268
1821
1423
573
1939
426
864
197
2318
1054
301
1461
1445
245
146
1469
549
306
468
2268
1409
1042
1329
220
1317
498
15
366
1808
1346
61
75
697
1763
1971
1974
233
2396
132
1280
700
1942
917
2474
778
1786
1331
959
1903
2318
691
478
1924
1833
195
1033
1995
1071
1132
1068
230
746
551
219
1014
2376
2414
1870
363
331
1514
1486
1089
739
2038
1677
1825
674
2291
1754
2403
1987
331
1971
1481
500
308
775
1968
1301
1460
1065
671
1682
1423
1405
182
1545
2269
2413
1345
1365
2275
1585
1081
555
603
15
1452
1444
1109
1576
1674
2206
1329
1002
2312
309
1871
1328
2167
1812
2372
1292
1482
1414
2098
1147
408
1117
43
984
2102
961
879
199
2038
1726
141
883
1319
612
651
1388
1344
1934
2220
1642
617
2072
884
766
496
722
1475
622
897
1772
1890
1778
1735
1482
648
1988
1038
1902
512
228
2050
1590
57
1025
155
2129
568
700
2258
1992
1040
1397
1835
433
301
1714
1936
2098
1565
1693
58
850
1274
619
895
2299
2104
67
1504
26
1047
2125
451
890
1915
2296
1337
230
61
153
1871
221
1404
1234
765
1029
1528
1686
1520
1349
170
511
1852
1609
1297
1954
2256
1809
878
1834
1884
1178
2060
1562
490
309
772
1185
2032
98
1878
1512
2130
2144
747
1285
1399
76
2053
1839
940
2045
1488
52
2115
2095
490
1231
2435
2139
985
1574
1018
2067
1985
523
572
1273
901
180
879
2077
1601
461
1201
2448
1552
1211
2008
1933
477
2128
1485
1985
285
1272
2180
1151
1617
1335
882
1192
181
2173
747
397
768
968
113
935
1593
2308
396
2221
1391
1689
1051
913
1594
1444
1730
1555
1613
1056
1039
1014
1566
2013
3
2018
1586
185
2128
1104
501
219
782
1590
219
769
2342
1532
713
2267
731
878
1873
1653
268
1291
1873
2241
1273
1934
128
2048
692
213
946
1913
595
633
441
160
2101
1125
1209
2305
1712
1077
1460
1208
2018
1513
190
1818
1983
2132
725
1880
1275
1157
386
1936
1567
1698
523
1112
322
2112
2090
1593
753
1277
2357
1034
1307
1969
1901
1151
152
2224
167
2032
818
2367
300
514
673
600
1431
313
2091
1446
409
1900
1597
59
981
2357
1095
947
1060
1488
115
1882
144
601
1757
521
1649
1408
2339
1905
261
1098
720
1715
1662
1451
1480
717
2171
2049
895
1887
552
739
650
1166
1940
65
341
1830
1720
2365
2184
1499
1196
378
5
2457
2136
2158
1385
529
479
1529
1319
2112
553
2074
198
1862
1601
2183
733
2359
1702
2393
637
903
1917
1922
1652
1194
2195
1632
1929
1235
1829
211
984
792
383
1209
1539
754
170
389
2079
1536
501
946
443
298
1487
2158
2218
1767
409
1819
751
1985
137
1370
1831
2086
1113
1536
2105
1751
1169
731
1820
2409
118
2011
2321
597
1480
995
1137
300
1392
1023
1198
1334
471
2071
435
2148
456
366
321
1933
1346
1526
1374
845
1058
2295
1998
2402
1592
2005
149
1003
779
590
1240
796
548
401
2297
2290
2005
1700
1827
1402
129
816
1496
670
161
38
2199
1603
2203
496
861
1720
1162
1497
2038
2259
2253
1987
1555
987
338
1678
1097
1899
809
1696
858
824
774
261
1911
2186
1867
843
1728
1193
2265
1990
455
435
235
1022
963
1392
1957
1118
653
2280
1404
1626
1826
854
1158
692
572
1117
2107
793
2030
1903
1946
30
1825
1963
1894
1975
1713
2370
1344
2115
621
1017
1286
312
531
1711
2231
1591
49
1264
2069
1325
2375
65
1343
1456
466
2247
2222
710
778
2103
1351
66
2424
202
863
1501
70
459
1483
2320
2134
86
1538
2134
254
2072
1166
2149
1759
1369
306
330
650
1798
2346
57
819
347
1170
1568
430
937
2379
471
286
1903
1867
1361
1486
868
1641
42
2316
1824
967
521
1555
784
1823
1356
721
1816
1396
1061
735
2403
713
94
1633
2191
2094
150
1005
1381
1895
1927
1212
1723
1677
687
808
2103
486
1868
1464
2153
1435
1974
1480
2335
697
935
1487
2172
381
1900
1165
3
1419
910
2420
223
1019
2052
1916
232
786
2223
655
1324
1791
571
2063
2009
557
1836
768
2090
659
439
2253
1398
2318
845
897
340
1636
1270
1340
1958
496
1220
1921
1584
1947
534
43
660
1792
2306
397
1235
1937
1999
678
722
754
497
314
126
1885
479
1760
225
41
564
1055
2404
1572
2352
2085
1174
2032
2291
1290
682
1046
2404
637
1645
2230
1615
921
1746
682
2103
923
2326
1534
1940
1701
639
1332
1300
516
2208
1599
1645
1887
436
1040
2054
518
2494
