270
32
139
364
47
247
272
101
331
194
129
172
151
245
88
142
362
255
279
320
51
274
127
314
372
207
233
412
215
296
83
165
309
51
182
253
358
13
191
371
247
405
325
266
135
384
2
387
235
204
387
258
147
128
374
288
351
187
304
82
143
39
273
342
5
267
162
383
22
290
179
347
370
225
96
56
426
48
47
278
146
347
290
220
395
156
254
274
104
319
183
283
94
377
245
353
63
261
134
316
199
266
302
80
383
105
102
299
116
122
279
204
440
277
251
180
82
220
435
304
333
177
54
19
98
217
296
426
289
130
438
313
181
84
92
381
206
68
159
197
145
104
363
91
52
114
290
320
100
232
201
470
319
402
125
86
133
270
159
153
169
254
224
336
337
211
418
468
79
248
294
310
58
401
61
128
209
122
371
386
293
361
289
112
220
199
369
423
258
331
249
82
397
438
10
30
287
280
80
320
78
218
383
266
415
216
114
41
255
455
388
233
89
430
113
458
144
224
53
107
355
280
361
354
305
310
108
69
84
341
349
120
276
315
488
85
47
203
139
216
341
302
8
449
182
35
65
465
6
210
353
41
67
201
279
215
237
349
37
400
392
434
519
406
383
239
447
464
453
243
37
24
394
33
160
491
46
312
62
198
32
152
116
302
299
70
161
444
164
270
456
402
285
472
140
14
21
524
300
409
205
427
261
474
201
332
60
229
438
220
437
244
407
434
327
496
259
228
389
107
13
260
239
18
263
8
471
300
308
414
209
347
80
252
221
267
257
22
360
451
175
446
140
289
303
294
71
471
435
215
431
15
405
159
106
126
378
503
402
73
431
404
501
283
120
207
11
414
110
99
357
14
257
306
476
147
175
105
294
512
94
478
442
215
160
182
216
471
228
61
268
472
276
368
227
406
462
193
467
365
313
344
431
499
39
123
267
91
203
176
124
54
165
211
231
56
168
135
533
15
31
475
436
283
88
295
538
173
262
426
101
166
277
403
139
190
121
478
249
236
255
243
456
509
484
35
277
37
88
371
179
131
375
222
329
283
289
469
312
342
102
335
317
408
6
4
19
185
169
145
226
530
392
273
399
378
392
145
211
337
192
317
143
217
408
35
222
300
249
453
47
218
84
158
182
435
159
432
519
38
48
151
290
91
531
434
263
105
177
99
414
75
27
33
142
259
423
16
345
488
174
233
153
478
331
52
148
265
540
543
202
238
348
237
28
92
82
275
494
374
239
141
163
389
78
111
162
415
169
117
270
331
174
143
466
175
323
424
278
62
28
64
368
245
447
313
224
252
35
75
246
318
136
447
379
377
358
434
198
9
105
164
367
252
435
7
11
115
157
417
104
478
312
479
170
132
520
251
161
49
17
131
330
538
497
122
198
152
523
287
123
359
46
235
393
368
267
112
108
82
154
469
408
189
361
93
117
368
68
342
494
232
123
403
331
117
308
413
417
58
281
145
234
320
276
397
350
393
372
393
372
449
50
316
179
451
272
115
290
88
272
40
494
37
333
383
37
5
297
462
261
88
141
143
115
27
420
256
313
328
9
184
14
246
79
334
489
198
332
11
465
125
248
115
150
188
344
231
88
161
73
255
230
100
427
185
51
149
586
